-- The C compiler identification is GNU 13.3.0
-- The CXX compiler identification is GNU 13.3.0
-- Detecting C compiler ABI info
-- Detecting C compiler ABI info - done
-- Check for working C compiler: /usr/bin/cc - skipped
-- Detecting C compile features
-- Detecting C compile features - done
-- Detecting CXX compiler ABI info
-- Detecting CXX compiler ABI info - done
-- Check for working CXX compiler: /usr/bin/c++ - skipped
-- Detecting CXX compile features
-- Detecting CXX compile features - done
-- Found ament_cmake_auto: 2.5.4 (/opt/ros/jazzy/share/ament_cmake_auto/cmake)
-- Found Python3: /usr/bin/python3 (found version "3.12.3") found components: Interpreter 
-- Override CMake install command with custom implementation using symlinks instead of copying resources
-- Found rclcpp: 28.1.13 (/opt/ros/jazzy/share/rclcpp/cmake)
-- Found rosidl_generator_c: 4.6.6 (/opt/ros/jazzy/share/rosidl_generator_c/cmake)
-- Found rosidl_generator_cpp: 4.6.6 (/opt/ros/jazzy/share/rosidl_generator_cpp/cmake)
-- Using all available rosidl_typesupport_c: rosidl_typesupport_fastrtps_c;rosidl_typesupport_introspection_c
-- Using all available rosidl_typesupport_cpp: rosidl_typesupport_fastrtps_cpp;rosidl_typesupport_introspection_cpp
-- Found rmw_implementation_cmake: 7.3.2 (/opt/ros/jazzy/share/rmw_implementation_cmake/cmake)
-- Found rmw_cyclonedds_cpp: 2.2.3 (/opt/ros/jazzy/share/rmw_cyclonedds_cpp/cmake)
-- Using RMW implementation 'rmw_cyclonedds_cpp' as default
-- Found std_msgs: 5.3.6 (/opt/ros/jazzy/share/std_msgs/cmake)
-- Found sensor_msgs: 5.3.6 (/opt/ros/jazzy/share/sensor_msgs/cmake)
-- Found tf2: 0.36.16 (/opt/ros/jazzy/share/tf2/cmake)
-- Found Boost: /usr/lib/x86_64-linux-gnu/cmake/Boost-1.83.0/BoostConfig.cmake (found version "1.83.0") found components: system 
-- Configuring done (1.3s)
-- Generating done (0.0s)
-- Build files have been written to: /home/supawit/terminal_Allergy_project/ros2_ws/build/witmotion_ros2
[ 33%] [32mBuilding CXX object CMakeFiles/witmotion_ros2.dir/src/witmotion_handler.cpp.o[0m
[ 66%] [32mBuilding CXX object CMakeFiles/witmotion_ros2.dir/src/witmotion_node.cpp.o[0m
[100%] [32m[1mLinking CXX executable witmotion_ros2[0m
[100%] Built target witmotion_ros2
-- Install configuration: ""
-- Execute custom install script
-- Symlinking: /home/supawit/terminal_Allergy_project/ros2_ws/install/witmotion_ros2/lib/witmotion_ros2/witmotion_ros2
-- Symlinking: /home/supawit/terminal_Allergy_project/ros2_ws/install/witmotion_ros2/share/witmotion_ros2/launch/witmotion.launch.py
-- Symlinking: /home/supawit/terminal_Allergy_project/ros2_ws/install/witmotion_ros2/share/witmotion_ros2/config/witmotion.yaml
-- Symlinking: /home/supawit/terminal_Allergy_project/ros2_ws/install/witmotion_ros2/share/ament_index/resource_index/package_run_dependencies/witmotion_ros2
-- Symlinking: /home/supawit/terminal_Allergy_project/ros2_ws/install/witmotion_ros2/share/ament_index/resource_index/parent_prefix_path/witmotion_ros2
-- Symlinking: /home/supawit/terminal_Allergy_project/ros2_ws/install/witmotion_ros2/share/witmotion_ros2/environment/ament_prefix_path.sh
-- Symlinking: /home/supawit/terminal_Allergy_project/ros2_ws/install/witmotion_ros2/share/witmotion_ros2/environment/ament_prefix_path.dsv
-- Symlinking: /home/supawit/terminal_Allergy_project/ros2_ws/install/witmotion_ros2/share/witmotion_ros2/environment/path.sh
-- Symlinking: /home/supawit/terminal_Allergy_project/ros2_ws/install/witmotion_ros2/share/witmotion_ros2/environment/path.dsv
-- Symlinking: /home/supawit/terminal_Allergy_project/ros2_ws/install/witmotion_ros2/share/witmotion_ros2/local_setup.bash
-- Symlinking: /home/supawit/terminal_Allergy_project/ros2_ws/install/witmotion_ros2/share/witmotion_ros2/local_setup.sh
-- Symlinking: /home/supawit/terminal_Allergy_project/ros2_ws/install/witmotion_ros2/share/witmotion_ros2/local_setup.zsh
-- Symlinking: /home/supawit/terminal_Allergy_project/ros2_ws/install/witmotion_ros2/share/witmotion_ros2/local_setup.dsv
-- Symlinking: /home/supawit/terminal_Allergy_project/ros2_ws/install/witmotion_ros2/share/witmotion_ros2/package.dsv
-- Symlinking: /home/supawit/terminal_Allergy_project/ros2_ws/install/witmotion_ros2/share/ament_index/resource_index/packages/witmotion_ros2
-- Symlinking: /home/supawit/terminal_Allergy_project/ros2_ws/install/witmotion_ros2/share/witmotion_ros2/cmake/witmotion_ros2Config.cmake
-- Symlinking: /home/supawit/terminal_Allergy_project/ros2_ws/install/witmotion_ros2/share/witmotion_ros2/cmake/witmotion_ros2Config-version.cmake
-- Symlinking: /home/supawit/terminal_Allergy_project/ros2_ws/install/witmotion_ros2/share/witmotion_ros2/package.xml
