-- The C compiler identification is GNU 13.3.0
-- The CXX compiler identification is GNU 13.3.0
-- Detecting C compiler ABI info
-- Detecting C compiler ABI info - done
-- Check for working C compiler: /usr/bin/cc - skipped
-- Detecting C compile features
-- Detecting C compile features - done
-- Detecting CXX compiler ABI info
-- Detecting CXX compiler ABI info - done
-- Check for working CXX compiler: /usr/bin/c++ - skipped
-- Detecting CXX compile features
-- Detecting CXX compile features - done
-- Found ament_cmake_ros: 0.12.0 (/opt/ros/jazzy/share/ament_cmake_ros/cmake)
-- Found Python3: /usr/bin/python3 (found version "3.12.3") found components: Interpreter 
-- Override CMake install command with custom implementation using symlinks instead of copying resources
-- Found diagnostic_updater: 4.2.6 (/opt/ros/jazzy/share/diagnostic_updater/cmake)
-- Found rosidl_generator_c: 4.6.6 (/opt/ros/jazzy/share/rosidl_generator_c/cmake)
-- Found rosidl_generator_cpp: 4.6.6 (/opt/ros/jazzy/share/rosidl_generator_cpp/cmake)
-- Using all available rosidl_typesupport_c: rosidl_typesupport_fastrtps_c;rosidl_typesupport_introspection_c
-- Using all available rosidl_typesupport_cpp: rosidl_typesupport_fastrtps_cpp;rosidl_typesupport_introspection_cpp
-- Found rmw_implementation_cmake: 7.3.2 (/opt/ros/jazzy/share/rmw_implementation_cmake/cmake)
-- Found rmw_cyclonedds_cpp: 2.2.3 (/opt/ros/jazzy/share/rmw_cyclonedds_cpp/cmake)
-- Using RMW implementation 'rmw_cyclonedds_cpp' as default
-- Found rclcpp_components: 28.1.13 (/opt/ros/jazzy/share/rclcpp_components/cmake)
-- Found tf2_ros: 0.36.16 (/opt/ros/jazzy/share/tf2_ros/cmake)
-- Found velodyne_msgs: 2.5.1 (/home/supawit/terminal_Allergy_project/ros2_ws/install/velodyne_msgs/share/velodyne_msgs/cmake)
-- Found ament_lint_auto: 0.17.3 (/opt/ros/jazzy/share/ament_lint_auto/cmake)
-- Found gtest sources under '/opt/ros/jazzy/src/gtest_vendor': C++ tests using 'Google Test' will be built
-- Performing Test CMAKE_HAVE_LIBC_PTHREAD
-- Performing Test CMAKE_HAVE_LIBC_PTHREAD - Success
-- Found Threads: TRUE  
-- Added test 'copyright' to check source files copyright and LICENSE
-- Added test 'cppcheck' to perform static code analysis on C / C++ code
-- Configured cppcheck include dirs: $<BUILD_INTERFACE:/home/supawit/terminal_Allergy_project/ros2_ws/src/velodyne/velodyne_driver/include>
-- Configured cppcheck exclude dirs and/or files: 
-- Added test 'cpplint' to check C / C++ code against the Google style
-- Configured cpplint exclude dirs and/or files: 
-- Added test 'flake8' to check Python code syntax and style conventions
-- Configured 'flake8' exclude dirs and/or files: 
-- Added test 'lint_cmake' to check CMake code style
-- Added test 'pep257' to check Python code against some of the docstring style conventions in PEP 257
-- Added test 'uncrustify' to check C / C++ code style
-- Configured uncrustify additional arguments: 
-- Added test 'xmllint' to check XML markup files
-- Configuring done (1.9s)
-- Generating done (0.0s)
-- Build files have been written to: /home/supawit/terminal_Allergy_project/ros2_ws/build/velodyne_driver
[  8%] [32mBuilding CXX object gtest/CMakeFiles/gtest_main.dir/src/gtest_main.cc.o[0m
[ 16%] [32mBuilding CXX object gtest/CMakeFiles/gtest.dir/src/gtest-all.cc.o[0m
[ 25%] [32mBuilding CXX object CMakeFiles/velodyne_input.dir/src/lib/input.cpp.o[0m
[ 33%] [32m[1mLinking CXX static library libgtest_main.a[0m
[ 33%] Built target gtest_main
[ 41%] [32m[1mLinking CXX static library libgtest.a[0m
[ 41%] Built target gtest
[ 50%] [32m[1mLinking CXX shared library libvelodyne_input.so[0m
[ 50%] Built target velodyne_input
[ 58%] [32mBuilding CXX object CMakeFiles/velodyne_driver.dir/src/driver/driver.cpp.o[0m
[ 66%] [32mBuilding CXX object CMakeFiles/time_test.dir/tests/timeconversiontest.cpp.o[0m
[ 75%] [32m[1mLinking CXX executable time_test[0m
[ 75%] Built target time_test
[ 83%] [32m[1mLinking CXX shared library libvelodyne_driver.so[0m
[ 83%] Built target velodyne_driver
[ 91%] [32mBuilding CXX object CMakeFiles/velodyne_driver_node.dir/src/driver/velodyne_node.cpp.o[0m
[100%] [32m[1mLinking CXX executable velodyne_driver_node[0m
[100%] Built target velodyne_driver_node
-- Install configuration: ""
-- Execute custom install script
-- Symlinking: /home/supawit/terminal_Allergy_project/ros2_ws/install/velodyne_driver/lib/velodyne_driver/velodyne_driver_node
-- Symlinking: /home/supawit/terminal_Allergy_project/ros2_ws/install/velodyne_driver/include/velodyne_driver/driver.hpp
-- Symlinking: /home/supawit/terminal_Allergy_project/ros2_ws/install/velodyne_driver/include/velodyne_driver/input.hpp
-- Symlinking: /home/supawit/terminal_Allergy_project/ros2_ws/install/velodyne_driver/include/velodyne_driver/time_conversion.hpp
-- Symlinking: /home/supawit/terminal_Allergy_project/ros2_ws/install/velodyne_driver/share/velodyne_driver/config/VLP16-velodyne_driver_node-params.yaml
-- Symlinking: /home/supawit/terminal_Allergy_project/ros2_ws/install/velodyne_driver/share/velodyne_driver/config/VLP32C-velodyne_driver_node-params.yaml
-- Symlinking: /home/supawit/terminal_Allergy_project/ros2_ws/install/velodyne_driver/share/velodyne_driver/config/VLS128-velodyne_driver_node-params.yaml
-- Symlinking: /home/supawit/terminal_Allergy_project/ros2_ws/install/velodyne_driver/share/velodyne_driver/launch/velodyne_driver_node-VLP16-composed-launch.py
-- Symlinking: /home/supawit/terminal_Allergy_project/ros2_ws/install/velodyne_driver/share/velodyne_driver/launch/velodyne_driver_node-VLP16-launch.py
-- Symlinking: /home/supawit/terminal_Allergy_project/ros2_ws/install/velodyne_driver/share/velodyne_driver/launch/velodyne_driver_node-VLP32C-composed-launch.py
-- Symlinking: /home/supawit/terminal_Allergy_project/ros2_ws/install/velodyne_driver/share/velodyne_driver/launch/velodyne_driver_node-VLP32C-launch.py
-- Symlinking: /home/supawit/terminal_Allergy_project/ros2_ws/install/velodyne_driver/share/velodyne_driver/launch/velodyne_driver_node-VLS128-composed-launch.py
-- Symlinking: /home/supawit/terminal_Allergy_project/ros2_ws/install/velodyne_driver/share/velodyne_driver/launch/velodyne_driver_node-VLS128-launch.py
-- Symlinking: /home/supawit/terminal_Allergy_project/ros2_ws/install/velodyne_driver/lib/velodyne_driver/vdump
-- Symlinking: /home/supawit/terminal_Allergy_project/ros2_ws/install/velodyne_driver/share/ament_index/resource_index/package_run_dependencies/velodyne_driver
-- Symlinking: /home/supawit/terminal_Allergy_project/ros2_ws/install/velodyne_driver/share/ament_index/resource_index/parent_prefix_path/velodyne_driver
-- Symlinking: /home/supawit/terminal_Allergy_project/ros2_ws/install/velodyne_driver/share/velodyne_driver/environment/ament_prefix_path.sh
-- Symlinking: /home/supawit/terminal_Allergy_project/ros2_ws/install/velodyne_driver/share/velodyne_driver/environment/ament_prefix_path.dsv
-- Symlinking: /home/supawit/terminal_Allergy_project/ros2_ws/install/velodyne_driver/share/velodyne_driver/environment/path.sh
-- Symlinking: /home/supawit/terminal_Allergy_project/ros2_ws/install/velodyne_driver/share/velodyne_driver/environment/path.dsv
-- Symlinking: /home/supawit/terminal_Allergy_project/ros2_ws/install/velodyne_driver/share/velodyne_driver/local_setup.bash
-- Symlinking: /home/supawit/terminal_Allergy_project/ros2_ws/install/velodyne_driver/share/velodyne_driver/local_setup.sh
-- Symlinking: /home/supawit/terminal_Allergy_project/ros2_ws/install/velodyne_driver/share/velodyne_driver/local_setup.zsh
-- Symlinking: /home/supawit/terminal_Allergy_project/ros2_ws/install/velodyne_driver/share/velodyne_driver/local_setup.dsv
-- Symlinking: /home/supawit/terminal_Allergy_project/ros2_ws/install/velodyne_driver/share/velodyne_driver/package.dsv
-- Symlinking: /home/supawit/terminal_Allergy_project/ros2_ws/install/velodyne_driver/share/ament_index/resource_index/packages/velodyne_driver
-- Symlinking: /home/supawit/terminal_Allergy_project/ros2_ws/install/velodyne_driver/share/ament_index/resource_index/rclcpp_components/velodyne_driver
-- Symlinking: /home/supawit/terminal_Allergy_project/ros2_ws/install/velodyne_driver/share/velodyne_driver/cmake/ament_cmake_export_include_directories-extras.cmake
-- Symlinking: /home/supawit/terminal_Allergy_project/ros2_ws/install/velodyne_driver/share/velodyne_driver/cmake/ament_cmake_export_targets-extras.cmake
-- Symlinking: /home/supawit/terminal_Allergy_project/ros2_ws/install/velodyne_driver/share/velodyne_driver/cmake/ament_cmake_export_dependencies-extras.cmake
-- Symlinking: /home/supawit/terminal_Allergy_project/ros2_ws/install/velodyne_driver/share/velodyne_driver/cmake/velodyne_driverConfig.cmake
-- Symlinking: /home/supawit/terminal_Allergy_project/ros2_ws/install/velodyne_driver/share/velodyne_driver/cmake/velodyne_driverConfig-version.cmake
-- Symlinking: /home/supawit/terminal_Allergy_project/ros2_ws/install/velodyne_driver/share/velodyne_driver/package.xml
-- Installing: /home/supawit/terminal_Allergy_project/ros2_ws/install/velodyne_driver/lib/libvelodyne_input.so
-- Set non-toolchain portion of runtime path of "/home/supawit/terminal_Allergy_project/ros2_ws/install/velodyne_driver/lib/libvelodyne_input.so" to ""
-- Installing: /home/supawit/terminal_Allergy_project/ros2_ws/install/velodyne_driver/lib/libvelodyne_driver.so
-- Set non-toolchain portion of runtime path of "/home/supawit/terminal_Allergy_project/ros2_ws/install/velodyne_driver/lib/libvelodyne_driver.so" to ""
-- Installing: /home/supawit/terminal_Allergy_project/ros2_ws/install/velodyne_driver/share/velodyne_driver/cmake/velodyne_driverExport.cmake
-- Installing: /home/supawit/terminal_Allergy_project/ros2_ws/install/velodyne_driver/share/velodyne_driver/cmake/velodyne_driverExport-noconfig.cmake
