-- The C compiler identification is GNU 13.3.0
-- The CXX compiler identification is GNU 13.3.0
-- Detecting C compiler ABI info
-- Detecting C compiler ABI info - done
-- Check for working C compiler: /usr/bin/cc - skipped
-- Detecting C compile features
-- Detecting C compile features - done
-- Detecting CXX compiler ABI info
-- Detecting CXX compiler ABI info - done
-- Check for working CXX compiler: /usr/bin/c++ - skipped
-- Detecting CXX compile features
-- Detecting CXX compile features - done
-- Found ament_cmake: 2.5.4 (/opt/ros/jazzy/share/ament_cmake/cmake)
-- Found Python3: /usr/bin/python3 (found version "3.12.3") found components: Interpreter 
-- Override CMake install command with custom implementation using symlinks instead of copying resources
-- Configuring done (0.6s)
-- Generating done (0.0s)
-- Build files have been written to: /home/supawit/terminal_Allergy_project/ros2_ws/build/velodyne
-- Install configuration: ""
-- Execute custom install script
-- Symlinking: /home/supawit/terminal_Allergy_project/ros2_ws/install/velodyne/share/velodyne/launch/velodyne-all-nodes-VLP16-composed-launch.py
-- Symlinking: /home/supawit/terminal_Allergy_project/ros2_ws/install/velodyne/share/velodyne/launch/velodyne-all-nodes-VLP16-launch.py
-- Symlinking: /home/supawit/terminal_Allergy_project/ros2_ws/install/velodyne/share/velodyne/launch/velodyne-all-nodes-VLP32C-composed-launch.py
-- Symlinking: /home/supawit/terminal_Allergy_project/ros2_ws/install/velodyne/share/velodyne/launch/velodyne-all-nodes-VLP32C-launch.py
-- Symlinking: /home/supawit/terminal_Allergy_project/ros2_ws/install/velodyne/share/velodyne/launch/velodyne-all-nodes-VLS128-composed-launch.py
-- Symlinking: /home/supawit/terminal_Allergy_project/ros2_ws/install/velodyne/share/velodyne/launch/velodyne-all-nodes-VLS128-launch.py
-- Symlinking: /home/supawit/terminal_Allergy_project/ros2_ws/install/velodyne/share/ament_index/resource_index/package_run_dependencies/velodyne
-- Symlinking: /home/supawit/terminal_Allergy_project/ros2_ws/install/velodyne/share/ament_index/resource_index/parent_prefix_path/velodyne
-- Symlinking: /home/supawit/terminal_Allergy_project/ros2_ws/install/velodyne/share/velodyne/environment/ament_prefix_path.sh
-- Symlinking: /home/supawit/terminal_Allergy_project/ros2_ws/install/velodyne/share/velodyne/environment/ament_prefix_path.dsv
-- Symlinking: /home/supawit/terminal_Allergy_project/ros2_ws/install/velodyne/share/velodyne/environment/path.sh
-- Symlinking: /home/supawit/terminal_Allergy_project/ros2_ws/install/velodyne/share/velodyne/environment/path.dsv
-- Symlinking: /home/supawit/terminal_Allergy_project/ros2_ws/install/velodyne/share/velodyne/local_setup.bash
-- Symlinking: /home/supawit/terminal_Allergy_project/ros2_ws/install/velodyne/share/velodyne/local_setup.sh
-- Symlinking: /home/supawit/terminal_Allergy_project/ros2_ws/install/velodyne/share/velodyne/local_setup.zsh
-- Symlinking: /home/supawit/terminal_Allergy_project/ros2_ws/install/velodyne/share/velodyne/local_setup.dsv
-- Symlinking: /home/supawit/terminal_Allergy_project/ros2_ws/install/velodyne/share/velodyne/package.dsv
-- Symlinking: /home/supawit/terminal_Allergy_project/ros2_ws/install/velodyne/share/ament_index/resource_index/packages/velodyne
-- Symlinking: /home/supawit/terminal_Allergy_project/ros2_ws/install/velodyne/share/velodyne/cmake/velodyneConfig.cmake
-- Symlinking: /home/supawit/terminal_Allergy_project/ros2_ws/install/velodyne/share/velodyne/cmake/velodyneConfig-version.cmake
-- Symlinking: /home/supawit/terminal_Allergy_project/ros2_ws/install/velodyne/share/velodyne/package.xml
