-- The C compiler identification is GNU 13.3.0
-- The CXX compiler identification is GNU 13.3.0
-- Detecting C compiler ABI info
-- Detecting C compiler ABI info - done
-- Check for working C compiler: /usr/bin/cc - skipped
-- Detecting C compile features
-- Detecting C compile features - done
-- Detecting CXX compiler ABI info
-- Detecting CXX compiler ABI info - done
-- Check for working CXX compiler: /usr/bin/c++ - skipped
-- Detecting CXX compile features
-- Detecting CXX compile features - done
-- Found ament_cmake_auto: 2.5.4 (/opt/ros/jazzy/share/ament_cmake_auto/cmake)
-- Found Python3: /usr/bin/python3 (found version "3.12.3") found components: Interpreter 
-- Override CMake install command with custom implementation using symlinks instead of copying resources
-- Found rosidl_generator_c: 4.6.6 (/opt/ros/jazzy/share/rosidl_generator_c/cmake)
-- Found rosidl_generator_cpp: 4.6.6 (/opt/ros/jazzy/share/rosidl_generator_cpp/cmake)
-- Using all available rosidl_typesupport_c: rosidl_typesupport_fastrtps_c;rosidl_typesupport_introspection_c
-- Using all available rosidl_typesupport_cpp: rosidl_typesupport_fastrtps_cpp;rosidl_typesupport_introspection_cpp
-- Found rmw_implementation_cmake: 7.3.2 (/opt/ros/jazzy/share/rmw_implementation_cmake/cmake)
-- Found rmw_cyclonedds_cpp: 2.2.3 (/opt/ros/jazzy/share/rmw_cyclonedds_cpp/cmake)
-- Using RMW implementation 'rmw_cyclonedds_cpp' as default
[33mCMake Warning (dev) at /usr/lib/x86_64-linux-gnu/cmake/pcl/Modules/FindFLANN.cmake:45 (find_package):
  Policy CMP0144 is not set: find_package uses upper-case <PACKAGENAME>_ROOT
  variables.  Run "cmake --help-policy CMP0144" for policy details.  Use the
  cmake_policy command to set the policy and suppress this warning.

  CMake variable FLANN_ROOT is set to:

    /usr

  For compatibility, find_package is ignoring the variable, but code in a
  .cmake module might still use it.
Call Stack (most recent call first):
  /usr/lib/x86_64-linux-gnu/cmake/pcl/PCLConfig.cmake:261 (find_package)
  /usr/lib/x86_64-linux-gnu/cmake/pcl/PCLConfig.cmake:306 (find_flann)
  /usr/lib/x86_64-linux-gnu/cmake/pcl/PCLConfig.cmake:570 (find_external_library)
  /opt/ros/jazzy/share/pcl_conversions/cmake/ament_cmake_export_dependencies-extras.cmake:21 (find_package)
  /opt/ros/jazzy/share/pcl_conversions/cmake/pcl_conversionsConfig.cmake:41 (include)
  /opt/ros/jazzy/share/pcl_ros/cmake/ament_cmake_export_dependencies-extras.cmake:21 (find_package)
  /opt/ros/jazzy/share/pcl_ros/cmake/pcl_rosConfig.cmake:41 (include)
  /opt/ros/jazzy/share/ament_cmake_auto/cmake/ament_auto_find_build_dependencies.cmake:67 (find_package)
  CMakeLists.txt:16 (ament_auto_find_build_dependencies)
This warning is for project developers.  Use -Wno-dev to suppress it.
[0m
-- Found flann version 1.9.2
-- Found OpenMP_CXX: -fopenmp (found version "4.5") 
-- Found OpenMP: TRUE (found version "4.5") found components: CXX 
-- Checking for module 'libusb-1.0'
--   Found libusb-1.0, version 1.0.27
-- Found libusb: /usr/lib/x86_64-linux-gnu/libusb-1.0.so  
-- OpenNI found (version: 1.5.4.0, include: /usr/include/ni, lib: /usr/lib/libOpenNI.so;libusb::libusb)
-- OpenNI2 found (version: 2.2.0.33, include: /usr/include/openni2, lib: /usr/lib/x86_64-linux-gnu/libOpenNI2.so;libusb::libusb)
-- Found Pcap: /usr/lib/x86_64-linux-gnu/libpcap.so  
-- Found ZLIB: /usr/lib/x86_64-linux-gnu/libz.so (found version "1.3")  
-- Found PNG: /usr/lib/x86_64-linux-gnu/libpng.so (found version "1.6.43") 
-- OpenNI found (version: 1.5.4.0, include: /usr/include/ni, lib: /usr/lib/libOpenNI.so;libusb::libusb)
-- OpenNI2 found (version: 2.2.0.33, include: /usr/include/openni2, lib: /usr/lib/x86_64-linux-gnu/libOpenNI2.so;libusb::libusb)
-- Found Qhull version 8.0.2
-- OpenNI found (version: 1.5.4.0, include: /usr/include/ni, lib: /usr/lib/libOpenNI.so;libusb::libusb)
-- Found PCL_COMMON: /usr/lib/x86_64-linux-gnu/libpcl_common.so  
-- Found PCL_KDTREE: /usr/lib/x86_64-linux-gnu/libpcl_kdtree.so  
-- Found PCL_OCTREE: /usr/lib/x86_64-linux-gnu/libpcl_octree.so  
-- Found PCL_SEARCH: /usr/lib/x86_64-linux-gnu/libpcl_search.so  
-- Found PCL_SAMPLE_CONSENSUS: /usr/lib/x86_64-linux-gnu/libpcl_sample_consensus.so  
-- Found PCL_FILTERS: /usr/lib/x86_64-linux-gnu/libpcl_filters.so  
-- Found PCL_2D: /usr/include/pcl-1.14  
-- Found PCL_GEOMETRY: /usr/include/pcl-1.14  
-- Found PCL_IO: /usr/lib/x86_64-linux-gnu/libpcl_io.so  
-- Found PCL_FEATURES: /usr/lib/x86_64-linux-gnu/libpcl_features.so  
-- Found PCL_ML: /usr/lib/x86_64-linux-gnu/libpcl_ml.so  
-- Found PCL_SEGMENTATION: /usr/lib/x86_64-linux-gnu/libpcl_segmentation.so  
-- Found PCL_VISUALIZATION: /usr/lib/x86_64-linux-gnu/libpcl_visualization.so  
-- Found PCL_SURFACE: /usr/lib/x86_64-linux-gnu/libpcl_surface.so  
-- Found PCL_REGISTRATION: /usr/lib/x86_64-linux-gnu/libpcl_registration.so  
-- Found PCL_KEYPOINTS: /usr/lib/x86_64-linux-gnu/libpcl_keypoints.so  
-- Found PCL_TRACKING: /usr/lib/x86_64-linux-gnu/libpcl_tracking.so  
-- Found PCL_RECOGNITION: /usr/lib/x86_64-linux-gnu/libpcl_recognition.so  
-- Found PCL_STEREO: /usr/lib/x86_64-linux-gnu/libpcl_stereo.so  
-- Found PCL_APPS: /usr/lib/x86_64-linux-gnu/libpcl_apps.so  
-- Found PCL_IN_HAND_SCANNER: /usr/include/pcl-1.14  
-- Found PCL_MODELER: /usr/include/pcl-1.14  
-- Found PCL_POINT_CLOUD_EDITOR: /usr/include/pcl-1.14  
-- Found PCL_OUTOFCORE: /usr/lib/x86_64-linux-gnu/libpcl_outofcore.so  
-- Found PCL_PEOPLE: /usr/lib/x86_64-linux-gnu/libpcl_people.so  
-- Found eigen3_cmake_module: 0.3.0 (/opt/ros/jazzy/share/eigen3_cmake_module/cmake)
-- Found Eigen3: TRUE (found version "3.4.0") 
-- Ensuring Eigen3 include directory is part of orocos-kdl CMake target
-- Found ament_lint_auto: 0.17.3 (/opt/ros/jazzy/share/ament_lint_auto/cmake)
-- Added test 'clang_format' to check C / C++ code style
-- Added test 'clang_tidy' to check C / C++ code style
-- Added test 'black' to check Python code style
-- Added test 'xmllint' to check XML markup files
-- Added test 'copyright' to check source files copyright and LICENSE
-- Configuring done (7.1s)
-- Generating done (0.0s)
-- Build files have been written to: /home/supawit/terminal_Allergy_project/ros2_ws/build/pcd2pgm
[ 25%] [32mBuilding CXX object CMakeFiles/pcd2pgm.dir/src/pcd2pgm.cpp.o[0m
[ 50%] [32mBuilding CXX object CMakeFiles/pcd2pgm_node.dir/rclcpp_components/node_main_pcd2pgm_node.cpp.o[0m
[ 75%] [32m[1mLinking CXX executable pcd2pgm_node[0m
[ 75%] Built target pcd2pgm_node
[100%] [32m[1mLinking CXX shared library libpcd2pgm.so[0m
[100%] Built target pcd2pgm
-- Install configuration: ""
-- Execute custom install script
-- Symlinking: /home/supawit/terminal_Allergy_project/ros2_ws/install/pcd2pgm/lib/pcd2pgm/pcd2pgm_node
-- Symlinking: /home/supawit/terminal_Allergy_project/ros2_ws/install/pcd2pgm/include/pcd2pgm/pcd2pgm/pcd2pgm.hpp
-- Symlinking: /home/supawit/terminal_Allergy_project/ros2_ws/install/pcd2pgm/share/pcd2pgm/environment/library_path.sh
-- Symlinking: /home/supawit/terminal_Allergy_project/ros2_ws/install/pcd2pgm/share/pcd2pgm/environment/library_path.dsv
-- Symlinking: /home/supawit/terminal_Allergy_project/ros2_ws/install/pcd2pgm/lib/libpcd2pgm.so
-- Symlinking: /home/supawit/terminal_Allergy_project/ros2_ws/install/pcd2pgm/share/pcd2pgm/config/pcd2pgm.yaml
-- Symlinking: /home/supawit/terminal_Allergy_project/ros2_ws/install/pcd2pgm/share/pcd2pgm/launch/pcd2pgm_launch.py
-- Symlinking: /home/supawit/terminal_Allergy_project/ros2_ws/install/pcd2pgm/share/pcd2pgm/rviz/pcd2pgm.rviz
-- Symlinking: /home/supawit/terminal_Allergy_project/ros2_ws/install/pcd2pgm/share/ament_index/resource_index/package_run_dependencies/pcd2pgm
-- Symlinking: /home/supawit/terminal_Allergy_project/ros2_ws/install/pcd2pgm/share/ament_index/resource_index/parent_prefix_path/pcd2pgm
-- Symlinking: /home/supawit/terminal_Allergy_project/ros2_ws/install/pcd2pgm/share/pcd2pgm/environment/ament_prefix_path.sh
-- Symlinking: /home/supawit/terminal_Allergy_project/ros2_ws/install/pcd2pgm/share/pcd2pgm/environment/ament_prefix_path.dsv
-- Symlinking: /home/supawit/terminal_Allergy_project/ros2_ws/install/pcd2pgm/share/pcd2pgm/environment/path.sh
-- Symlinking: /home/supawit/terminal_Allergy_project/ros2_ws/install/pcd2pgm/share/pcd2pgm/environment/path.dsv
-- Symlinking: /home/supawit/terminal_Allergy_project/ros2_ws/install/pcd2pgm/share/pcd2pgm/local_setup.bash
-- Symlinking: /home/supawit/terminal_Allergy_project/ros2_ws/install/pcd2pgm/share/pcd2pgm/local_setup.sh
-- Symlinking: /home/supawit/terminal_Allergy_project/ros2_ws/install/pcd2pgm/share/pcd2pgm/local_setup.zsh
-- Symlinking: /home/supawit/terminal_Allergy_project/ros2_ws/install/pcd2pgm/share/pcd2pgm/local_setup.dsv
-- Symlinking: /home/supawit/terminal_Allergy_project/ros2_ws/install/pcd2pgm/share/pcd2pgm/package.dsv
-- Symlinking: /home/supawit/terminal_Allergy_project/ros2_ws/install/pcd2pgm/share/ament_index/resource_index/packages/pcd2pgm
-- Symlinking: /home/supawit/terminal_Allergy_project/ros2_ws/install/pcd2pgm/share/ament_index/resource_index/rclcpp_components/pcd2pgm
-- Symlinking: /home/supawit/terminal_Allergy_project/ros2_ws/install/pcd2pgm/share/pcd2pgm/cmake/ament_cmake_export_dependencies-extras.cmake
-- Symlinking: /home/supawit/terminal_Allergy_project/ros2_ws/install/pcd2pgm/share/pcd2pgm/cmake/ament_cmake_export_include_directories-extras.cmake
-- Symlinking: /home/supawit/terminal_Allergy_project/ros2_ws/install/pcd2pgm/share/pcd2pgm/cmake/ament_cmake_export_libraries-extras.cmake
-- Symlinking: /home/supawit/terminal_Allergy_project/ros2_ws/install/pcd2pgm/share/pcd2pgm/cmake/pcd2pgmConfig.cmake
-- Symlinking: /home/supawit/terminal_Allergy_project/ros2_ws/install/pcd2pgm/share/pcd2pgm/cmake/pcd2pgmConfig-version.cmake
-- Symlinking: /home/supawit/terminal_Allergy_project/ros2_ws/install/pcd2pgm/share/pcd2pgm/package.xml
