[0.013s] Invoking command in '/home/supawit/terminal_Allergy_project/ros2_ws/build/pcd2pgm': CMAKE_PREFIX_PATH=${CMAKE_PREFIX_PATH}:/opt/ros/jazzy DEBUGINFOD_URLS=https://debuginfod.ubuntu.com /usr/bin/cmake /home/supawit/terminal_Allergy_project/ros2_ws/src/pcd2pgm -DAMENT_CMAKE_SYMLINK_INSTALL=1 -DCMAKE_INSTALL_PREFIX=/home/supawit/terminal_Allergy_project/ros2_ws/install/pcd2pgm
[0.121s] -- The C compiler identification is GNU 13.3.0
[0.196s] -- The CXX compiler identification is GNU 13.3.0
[0.211s] -- Detecting C compiler ABI info
[0.290s] -- Detecting C compiler ABI info - done
[0.302s] -- Check for working C compiler: /usr/bin/cc - skipped
[0.302s] -- Detecting C compile features
[0.303s] -- Detecting C compile features - done
[0.309s] -- Detecting CXX compiler ABI info
[0.389s] -- Detecting CXX compiler ABI info - done
[0.402s] -- Check for working CXX compiler: /usr/bin/c++ - skipped
[0.402s] -- Detecting CXX compile features
[0.403s] -- Detecting CXX compile features - done
[0.408s] -- Found ament_cmake_auto: 2.5.4 (/opt/ros/jazzy/share/ament_cmake_auto/cmake)
[0.569s] -- Found Python3: /usr/bin/python3 (found version "3.12.3") found components: Interpreter 
[0.633s] -- Override CMake install command with custom implementation using symlinks instead of copying resources
[0.796s] -- Found rosidl_generator_c: 4.6.6 (/opt/ros/jazzy/share/rosidl_generator_c/cmake)
[0.810s] -- Found rosidl_generator_cpp: 4.6.6 (/opt/ros/jazzy/share/rosidl_generator_cpp/cmake)
[0.826s] -- Using all available rosidl_typesupport_c: rosidl_typesupport_fastrtps_c;rosidl_typesupport_introspection_c
[0.843s] -- Using all available rosidl_typesupport_cpp: rosidl_typesupport_fastrtps_cpp;rosidl_typesupport_introspection_cpp
[0.923s] -- Found rmw_implementation_cmake: 7.3.2 (/opt/ros/jazzy/share/rmw_implementation_cmake/cmake)
[0.927s] -- Found rmw_cyclonedds_cpp: 2.2.3 (/opt/ros/jazzy/share/rmw_cyclonedds_cpp/cmake)
[0.962s] -- Using RMW implementation 'rmw_cyclonedds_cpp' as default
[1.283s] [33mCMake Warning (dev) at /usr/lib/x86_64-linux-gnu/cmake/pcl/Modules/FindFLANN.cmake:45 (find_package):
[1.283s]   Policy CMP0144 is not set: find_package uses upper-case <PACKAGENAME>_ROOT
[1.284s]   variables.  Run "cmake --help-policy CMP0144" for policy details.  Use the
[1.284s]   cmake_policy command to set the policy and suppress this warning.
[1.284s] 
[1.284s]   CMake variable FLANN_ROOT is set to:
[1.284s] 
[1.284s]     /usr
[1.284s] 
[1.284s]   For compatibility, find_package is ignoring the variable, but code in a
[1.284s]   .cmake module might still use it.
[1.285s] Call Stack (most recent call first):
[1.285s]   /usr/lib/x86_64-linux-gnu/cmake/pcl/PCLConfig.cmake:261 (find_package)
[1.285s]   /usr/lib/x86_64-linux-gnu/cmake/pcl/PCLConfig.cmake:306 (find_flann)
[1.285s]   /usr/lib/x86_64-linux-gnu/cmake/pcl/PCLConfig.cmake:570 (find_external_library)
[1.285s]   /opt/ros/jazzy/share/pcl_conversions/cmake/ament_cmake_export_dependencies-extras.cmake:21 (find_package)
[1.285s]   /opt/ros/jazzy/share/pcl_conversions/cmake/pcl_conversionsConfig.cmake:41 (include)
[1.285s]   /opt/ros/jazzy/share/pcl_ros/cmake/ament_cmake_export_dependencies-extras.cmake:21 (find_package)
[1.285s]   /opt/ros/jazzy/share/pcl_ros/cmake/pcl_rosConfig.cmake:41 (include)
[1.285s]   /opt/ros/jazzy/share/ament_cmake_auto/cmake/ament_auto_find_build_dependencies.cmake:67 (find_package)
[1.285s]   CMakeLists.txt:16 (ament_auto_find_build_dependencies)
[1.285s] This warning is for project developers.  Use -Wno-dev to suppress it.
[1.286s] [0m
[1.286s] -- Found flann version 1.9.2
[1.561s] -- Found OpenMP_CXX: -fopenmp (found version "4.5") 
[1.561s] -- Found OpenMP: TRUE (found version "4.5") found components: CXX 
[2.909s] -- Checking for module 'libusb-1.0'
[2.930s] --   Found libusb-1.0, version 1.0.27
[2.972s] -- Found libusb: /usr/lib/x86_64-linux-gnu/libusb-1.0.so  
[2.973s] -- OpenNI found (version: 1.5.4.0, include: /usr/include/ni, lib: /usr/lib/libOpenNI.so;libusb::libusb)
[3.047s] -- OpenNI2 found (version: 2.2.0.33, include: /usr/include/openni2, lib: /usr/lib/x86_64-linux-gnu/libOpenNI2.so;libusb::libusb)
[3.051s] -- Found Pcap: /usr/lib/x86_64-linux-gnu/libpcap.so  
[3.073s] -- Found ZLIB: /usr/lib/x86_64-linux-gnu/libz.so (found version "1.3")  
[3.100s] -- Found PNG: /usr/lib/x86_64-linux-gnu/libpng.so (found version "1.6.43") 
[3.668s] -- OpenNI found (version: 1.5.4.0, include: /usr/include/ni, lib: /usr/lib/libOpenNI.so;libusb::libusb)
[3.675s] -- OpenNI2 found (version: 2.2.0.33, include: /usr/include/openni2, lib: /usr/lib/x86_64-linux-gnu/libOpenNI2.so;libusb::libusb)
[4.218s] -- Found Qhull version 8.0.2
[5.194s] -- OpenNI found (version: 1.5.4.0, include: /usr/include/ni, lib: /usr/lib/libOpenNI.so;libusb::libusb)
[6.718s] -- Found PCL_COMMON: /usr/lib/x86_64-linux-gnu/libpcl_common.so  
[6.722s] -- Found PCL_KDTREE: /usr/lib/x86_64-linux-gnu/libpcl_kdtree.so  
[6.726s] -- Found PCL_OCTREE: /usr/lib/x86_64-linux-gnu/libpcl_octree.so  
[6.730s] -- Found PCL_SEARCH: /usr/lib/x86_64-linux-gnu/libpcl_search.so  
[6.736s] -- Found PCL_SAMPLE_CONSENSUS: /usr/lib/x86_64-linux-gnu/libpcl_sample_consensus.so  
[6.741s] -- Found PCL_FILTERS: /usr/lib/x86_64-linux-gnu/libpcl_filters.so  
[6.742s] -- Found PCL_2D: /usr/include/pcl-1.14  
[6.743s] -- Found PCL_GEOMETRY: /usr/include/pcl-1.14  
[6.747s] -- Found PCL_IO: /usr/lib/x86_64-linux-gnu/libpcl_io.so  
[6.751s] -- Found PCL_FEATURES: /usr/lib/x86_64-linux-gnu/libpcl_features.so  
[6.755s] -- Found PCL_ML: /usr/lib/x86_64-linux-gnu/libpcl_ml.so  
[6.759s] -- Found PCL_SEGMENTATION: /usr/lib/x86_64-linux-gnu/libpcl_segmentation.so  
[6.763s] -- Found PCL_VISUALIZATION: /usr/lib/x86_64-linux-gnu/libpcl_visualization.so  
[6.766s] -- Found PCL_SURFACE: /usr/lib/x86_64-linux-gnu/libpcl_surface.so  
[6.771s] -- Found PCL_REGISTRATION: /usr/lib/x86_64-linux-gnu/libpcl_registration.so  
[6.772s] -- Found PCL_KEYPOINTS: /usr/lib/x86_64-linux-gnu/libpcl_keypoints.so  
[6.776s] -- Found PCL_TRACKING: /usr/lib/x86_64-linux-gnu/libpcl_tracking.so  
[6.780s] -- Found PCL_RECOGNITION: /usr/lib/x86_64-linux-gnu/libpcl_recognition.so  
[6.785s] -- Found PCL_STEREO: /usr/lib/x86_64-linux-gnu/libpcl_stereo.so  
[6.791s] -- Found PCL_APPS: /usr/lib/x86_64-linux-gnu/libpcl_apps.so  
[6.791s] -- Found PCL_IN_HAND_SCANNER: /usr/include/pcl-1.14  
[6.791s] -- Found PCL_MODELER: /usr/include/pcl-1.14  
[6.791s] -- Found PCL_POINT_CLOUD_EDITOR: /usr/include/pcl-1.14  
[6.801s] -- Found PCL_OUTOFCORE: /usr/lib/x86_64-linux-gnu/libpcl_outofcore.so  
[6.801s] -- Found PCL_PEOPLE: /usr/lib/x86_64-linux-gnu/libpcl_people.so  
[7.038s] -- Found eigen3_cmake_module: 0.3.0 (/opt/ros/jazzy/share/eigen3_cmake_module/cmake)
[7.041s] -- Found Eigen3: TRUE (found version "3.4.0") 
[7.041s] -- Ensuring Eigen3 include directory is part of orocos-kdl CMake target
[7.069s] -- Found ament_lint_auto: 0.17.3 (/opt/ros/jazzy/share/ament_lint_auto/cmake)
[7.095s] -- Added test 'clang_format' to check C / C++ code style
[7.098s] -- Added test 'clang_tidy' to check C / C++ code style
[7.099s] -- Added test 'black' to check Python code style
[7.100s] -- Added test 'xmllint' to check XML markup files
[7.101s] -- Added test 'copyright' to check source files copyright and LICENSE
[7.103s] -- Configuring done (7.1s)
[7.161s] -- Generating done (0.0s)
[7.173s] -- Build files have been written to: /home/supawit/terminal_Allergy_project/ros2_ws/build/pcd2pgm
[7.220s] Invoked command in '/home/supawit/terminal_Allergy_project/ros2_ws/build/pcd2pgm' returned '0': CMAKE_PREFIX_PATH=${CMAKE_PREFIX_PATH}:/opt/ros/jazzy DEBUGINFOD_URLS=https://debuginfod.ubuntu.com /usr/bin/cmake /home/supawit/terminal_Allergy_project/ros2_ws/src/pcd2pgm -DAMENT_CMAKE_SYMLINK_INSTALL=1 -DCMAKE_INSTALL_PREFIX=/home/supawit/terminal_Allergy_project/ros2_ws/install/pcd2pgm
[7.222s] Invoking command in '/home/supawit/terminal_Allergy_project/ros2_ws/build/pcd2pgm': CMAKE_PREFIX_PATH=${CMAKE_PREFIX_PATH}:/opt/ros/jazzy DEBUGINFOD_URLS=https://debuginfod.ubuntu.com /usr/bin/cmake --build /home/supawit/terminal_Allergy_project/ros2_ws/build/pcd2pgm -- -j10 -l10
[7.279s] [ 25%] [32mBuilding CXX object CMakeFiles/pcd2pgm.dir/src/pcd2pgm.cpp.o[0m
[7.279s] [ 50%] [32mBuilding CXX object CMakeFiles/pcd2pgm_node.dir/rclcpp_components/node_main_pcd2pgm_node.cpp.o[0m
[12.295s] [ 75%] [32m[1mLinking CXX executable pcd2pgm_node[0m
[12.664s] [ 75%] Built target pcd2pgm_node
[27.208s] [100%] [32m[1mLinking CXX shared library libpcd2pgm.so[0m
[29.999s] [100%] Built target pcd2pgm
[30.013s] Invoked command in '/home/supawit/terminal_Allergy_project/ros2_ws/build/pcd2pgm' returned '0': CMAKE_PREFIX_PATH=${CMAKE_PREFIX_PATH}:/opt/ros/jazzy DEBUGINFOD_URLS=https://debuginfod.ubuntu.com /usr/bin/cmake --build /home/supawit/terminal_Allergy_project/ros2_ws/build/pcd2pgm -- -j10 -l10
[30.015s] Invoking command in '/home/supawit/terminal_Allergy_project/ros2_ws/build/pcd2pgm': CMAKE_PREFIX_PATH=${CMAKE_PREFIX_PATH}:/opt/ros/jazzy DEBUGINFOD_URLS=https://debuginfod.ubuntu.com /usr/bin/cmake --install /home/supawit/terminal_Allergy_project/ros2_ws/build/pcd2pgm
[30.028s] -- Install configuration: ""
[30.028s] -- Execute custom install script
[30.028s] -- Symlinking: /home/supawit/terminal_Allergy_project/ros2_ws/install/pcd2pgm/lib/pcd2pgm/pcd2pgm_node
[30.041s] -- Symlinking: /home/supawit/terminal_Allergy_project/ros2_ws/install/pcd2pgm/include/pcd2pgm/pcd2pgm/pcd2pgm.hpp
[30.053s] -- Symlinking: /home/supawit/terminal_Allergy_project/ros2_ws/install/pcd2pgm/share/pcd2pgm/environment/library_path.sh
[30.063s] -- Symlinking: /home/supawit/terminal_Allergy_project/ros2_ws/install/pcd2pgm/share/pcd2pgm/environment/library_path.dsv
[30.075s] -- Symlinking: /home/supawit/terminal_Allergy_project/ros2_ws/install/pcd2pgm/lib/libpcd2pgm.so
[30.084s] -- Symlinking: /home/supawit/terminal_Allergy_project/ros2_ws/install/pcd2pgm/share/pcd2pgm/config/pcd2pgm.yaml
[30.093s] -- Symlinking: /home/supawit/terminal_Allergy_project/ros2_ws/install/pcd2pgm/share/pcd2pgm/launch/pcd2pgm_launch.py
[30.103s] -- Symlinking: /home/supawit/terminal_Allergy_project/ros2_ws/install/pcd2pgm/share/pcd2pgm/rviz/pcd2pgm.rviz
[30.117s] -- Symlinking: /home/supawit/terminal_Allergy_project/ros2_ws/install/pcd2pgm/share/ament_index/resource_index/package_run_dependencies/pcd2pgm
[30.127s] -- Symlinking: /home/supawit/terminal_Allergy_project/ros2_ws/install/pcd2pgm/share/ament_index/resource_index/parent_prefix_path/pcd2pgm
[30.138s] -- Symlinking: /home/supawit/terminal_Allergy_project/ros2_ws/install/pcd2pgm/share/pcd2pgm/environment/ament_prefix_path.sh
[30.149s] -- Symlinking: /home/supawit/terminal_Allergy_project/ros2_ws/install/pcd2pgm/share/pcd2pgm/environment/ament_prefix_path.dsv
[30.158s] -- Symlinking: /home/supawit/terminal_Allergy_project/ros2_ws/install/pcd2pgm/share/pcd2pgm/environment/path.sh
[30.167s] -- Symlinking: /home/supawit/terminal_Allergy_project/ros2_ws/install/pcd2pgm/share/pcd2pgm/environment/path.dsv
[30.177s] -- Symlinking: /home/supawit/terminal_Allergy_project/ros2_ws/install/pcd2pgm/share/pcd2pgm/local_setup.bash
[30.186s] -- Symlinking: /home/supawit/terminal_Allergy_project/ros2_ws/install/pcd2pgm/share/pcd2pgm/local_setup.sh
[30.199s] -- Symlinking: /home/supawit/terminal_Allergy_project/ros2_ws/install/pcd2pgm/share/pcd2pgm/local_setup.zsh
[30.208s] -- Symlinking: /home/supawit/terminal_Allergy_project/ros2_ws/install/pcd2pgm/share/pcd2pgm/local_setup.dsv
[30.218s] -- Symlinking: /home/supawit/terminal_Allergy_project/ros2_ws/install/pcd2pgm/share/pcd2pgm/package.dsv
[30.228s] -- Symlinking: /home/supawit/terminal_Allergy_project/ros2_ws/install/pcd2pgm/share/ament_index/resource_index/packages/pcd2pgm
[30.250s] -- Symlinking: /home/supawit/terminal_Allergy_project/ros2_ws/install/pcd2pgm/share/ament_index/resource_index/rclcpp_components/pcd2pgm
[30.265s] -- Symlinking: /home/supawit/terminal_Allergy_project/ros2_ws/install/pcd2pgm/share/pcd2pgm/cmake/ament_cmake_export_dependencies-extras.cmake
[30.282s] -- Symlinking: /home/supawit/terminal_Allergy_project/ros2_ws/install/pcd2pgm/share/pcd2pgm/cmake/ament_cmake_export_include_directories-extras.cmake
[30.293s] -- Symlinking: /home/supawit/terminal_Allergy_project/ros2_ws/install/pcd2pgm/share/pcd2pgm/cmake/ament_cmake_export_libraries-extras.cmake
[30.304s] -- Symlinking: /home/supawit/terminal_Allergy_project/ros2_ws/install/pcd2pgm/share/pcd2pgm/cmake/pcd2pgmConfig.cmake
[30.315s] -- Symlinking: /home/supawit/terminal_Allergy_project/ros2_ws/install/pcd2pgm/share/pcd2pgm/cmake/pcd2pgmConfig-version.cmake
[30.324s] -- Symlinking: /home/supawit/terminal_Allergy_project/ros2_ws/install/pcd2pgm/share/pcd2pgm/package.xml
[30.334s] Invoked command in '/home/supawit/terminal_Allergy_project/ros2_ws/build/pcd2pgm' returned '0': CMAKE_PREFIX_PATH=${CMAKE_PREFIX_PATH}:/opt/ros/jazzy DEBUGINFOD_URLS=https://debuginfod.ubuntu.com /usr/bin/cmake --install /home/supawit/terminal_Allergy_project/ros2_ws/build/pcd2pgm
