[0.016s] Invoking command in '/home/supawit/terminal_Allergy_project/ros2_ws/build/velodyne_msgs': CMAKE_PREFIX_PATH=${CMAKE_PREFIX_PATH}:/opt/ros/jazzy DEBUGINFOD_URLS=https://debuginfod.ubuntu.com /usr/bin/cmake /home/supawit/terminal_Allergy_project/ros2_ws/src/velodyne/velodyne_msgs -DAMENT_CMAKE_SYMLINK_INSTALL=1 -DCMAKE_INSTALL_PREFIX=/home/supawit/terminal_Allergy_project/ros2_ws/install/velodyne_msgs
[0.123s] -- The C compiler identification is GNU 13.3.0
[0.206s] -- The CXX compiler identification is GNU 13.3.0
[0.219s] -- Detecting C compiler ABI info
[0.292s] -- Detecting C compiler ABI info - done
[0.299s] -- Check for working C compiler: /usr/bin/cc - skipped
[0.299s] -- Detecting C compile features
[0.300s] -- Detecting C compile features - done
[0.307s] -- Detecting CXX compiler ABI info
[0.392s] -- Detecting CXX compiler ABI info - done
[0.403s] -- Check for working CXX compiler: /usr/bin/c++ - skipped
[0.403s] -- Detecting CXX compile features
[0.404s] -- Detecting CXX compile features - done
[0.409s] -- Found ament_cmake: 2.5.4 (/opt/ros/jazzy/share/ament_cmake/cmake)
[0.543s] -- Found Python3: /usr/bin/python3 (found version "3.12.3") found components: Interpreter 
[0.623s] -- Override CMake install command with custom implementation using symlinks instead of copying resources
[0.670s] -- Found builtin_interfaces: 2.0.3 (/opt/ros/jazzy/share/builtin_interfaces/cmake)
[0.742s] -- Found rosidl_generator_c: 4.6.6 (/opt/ros/jazzy/share/rosidl_generator_c/cmake)
[0.767s] -- Found rosidl_generator_cpp: 4.6.6 (/opt/ros/jazzy/share/rosidl_generator_cpp/cmake)
[0.793s] -- Using all available rosidl_typesupport_c: rosidl_typesupport_fastrtps_c;rosidl_typesupport_introspection_c
[0.823s] -- Using all available rosidl_typesupport_cpp: rosidl_typesupport_fastrtps_cpp;rosidl_typesupport_introspection_cpp
[0.851s] -- Found rosidl_default_generators: 1.6.0 (/opt/ros/jazzy/share/rosidl_default_generators/cmake)
[0.870s] -- Found rosidl_adapter: 4.6.6 (/opt/ros/jazzy/share/rosidl_adapter/cmake)
[0.875s] -- Found std_msgs: 5.3.6 (/opt/ros/jazzy/share/std_msgs/cmake)
[1.458s] -- Found ament_cmake_cppcheck: 0.17.3 (/opt/ros/jazzy/share/ament_cmake_cppcheck/cmake)
[1.462s] -- Found ament_cmake_cpplint: 0.17.3 (/opt/ros/jazzy/share/ament_cmake_cpplint/cmake)
[1.465s] -- Found ament_cmake_uncrustify: 0.17.3 (/opt/ros/jazzy/share/ament_cmake_uncrustify/cmake)
[1.469s] -- Found ament_cmake_ros: 0.12.0 (/opt/ros/jazzy/share/ament_cmake_ros/cmake)
[2.190s] -- Using all available rosidl_typesupport_c: rosidl_typesupport_fastrtps_c;rosidl_typesupport_introspection_c
[2.502s] -- Using all available rosidl_typesupport_cpp: rosidl_typesupport_fastrtps_cpp;rosidl_typesupport_introspection_cpp
[2.509s] -- Found python_cmake_module: 0.11.1 (/opt/ros/jazzy/share/python_cmake_module/cmake)
[2.637s] -- Found PythonExtra: /usr/bin/python3  
[3.097s] -- Found Python3: /usr/bin/python3 (found version "3.12.3") found components: Interpreter Development NumPy Development.Module Development.Embed 
[3.148s] -- Found ament_cmake_flake8: 0.17.3 (/opt/ros/jazzy/share/ament_cmake_flake8/cmake)
[3.152s] -- Found ament_cmake_pep257: 0.17.3 (/opt/ros/jazzy/share/ament_cmake_pep257/cmake)
[3.158s] -- Found ament_lint_auto: 0.17.3 (/opt/ros/jazzy/share/ament_lint_auto/cmake)
[3.179s] -- Added test 'copyright' to check source files copyright and LICENSE
[3.180s] -- Added test 'lint_cmake' to check CMake code style
[3.180s] -- Added test 'xmllint' to check XML markup files
[3.184s] -- Configuring done (3.2s)
[3.215s] -- Generating done (0.0s)
[3.224s] -- Build files have been written to: /home/supawit/terminal_Allergy_project/ros2_ws/build/velodyne_msgs
[3.237s] Invoked command in '/home/supawit/terminal_Allergy_project/ros2_ws/build/velodyne_msgs' returned '0': CMAKE_PREFIX_PATH=${CMAKE_PREFIX_PATH}:/opt/ros/jazzy DEBUGINFOD_URLS=https://debuginfod.ubuntu.com /usr/bin/cmake /home/supawit/terminal_Allergy_project/ros2_ws/src/velodyne/velodyne_msgs -DAMENT_CMAKE_SYMLINK_INSTALL=1 -DCMAKE_INSTALL_PREFIX=/home/supawit/terminal_Allergy_project/ros2_ws/install/velodyne_msgs
[3.238s] Invoking command in '/home/supawit/terminal_Allergy_project/ros2_ws/build/velodyne_msgs': CMAKE_PREFIX_PATH=${CMAKE_PREFIX_PATH}:/opt/ros/jazzy DEBUGINFOD_URLS=https://debuginfod.ubuntu.com /usr/bin/cmake --build /home/supawit/terminal_Allergy_project/ros2_ws/build/velodyne_msgs -- -j10 -l10
[3.296s] [  2%] [34m[1mGenerating type hashes for ROS interfaces[0m
[3.304s] [  2%] Built target ament_cmake_python_symlink_velodyne_msgs
[3.560s] running egg_info
[3.561s] creating velodyne_msgs.egg-info
[3.579s] writing velodyne_msgs.egg-info/PKG-INFO
[3.579s] writing dependency_links to velodyne_msgs.egg-info/dependency_links.txt
[3.580s] writing top-level names to velodyne_msgs.egg-info/top_level.txt
[3.580s] writing manifest file 'velodyne_msgs.egg-info/SOURCES.txt'
[3.641s] reading manifest file 'velodyne_msgs.egg-info/SOURCES.txt'
[3.641s] writing manifest file 'velodyne_msgs.egg-info/SOURCES.txt'
[3.662s] [  2%] Built target velodyne_msgs__rosidl_generator_type_description
[3.674s] [  4%] [34m[1mGenerating C code for ROS interfaces[0m
[3.675s] [  4%] Built target ament_cmake_python_build_velodyne_msgs_egg
[3.686s] [  6%] [34m[1mGenerating C++ code for ROS interfaces[0m
[4.121s] [  6%] Built target velodyne_msgs__cpp
[4.234s] [  9%] [32mBuilding C object CMakeFiles/velodyne_msgs__rosidl_generator_c.dir/rosidl_generator_c/velodyne_msgs/msg/detail/velodyne_packet__functions.c.o[0m
[4.234s] [ 11%] [32mBuilding C object CMakeFiles/velodyne_msgs__rosidl_generator_c.dir/rosidl_generator_c/velodyne_msgs/msg/detail/velodyne_packet__description.c.o[0m
[4.234s] [ 13%] [32mBuilding C object CMakeFiles/velodyne_msgs__rosidl_generator_c.dir/rosidl_generator_c/velodyne_msgs/msg/detail/velodyne_packet__type_support.c.o[0m
[4.242s] [ 15%] [32mBuilding C object CMakeFiles/velodyne_msgs__rosidl_generator_c.dir/rosidl_generator_c/velodyne_msgs/msg/detail/velodyne_scan__functions.c.o[0m
[4.247s] [ 18%] [32mBuilding C object CMakeFiles/velodyne_msgs__rosidl_generator_c.dir/rosidl_generator_c/velodyne_msgs/msg/detail/velodyne_scan__description.c.o[0m
[4.256s] [ 20%] [32mBuilding C object CMakeFiles/velodyne_msgs__rosidl_generator_c.dir/rosidl_generator_c/velodyne_msgs/msg/detail/velodyne_scan__type_support.c.o[0m
[4.309s] [ 22%] [32m[1mLinking C shared library libvelodyne_msgs__rosidl_generator_c.so[0m
[4.343s] [ 22%] Built target velodyne_msgs__rosidl_generator_c
[4.352s] [ 25%] [34m[1mGenerating C++ type support dispatch for ROS interfaces[0m
[4.357s] [ 27%] [34m[1mGenerating C type support for eProsima Fast-RTPS[0m
[4.360s] [ 29%] [34m[1mGenerating C introspection for ROS interfaces[0m
[4.365s] [ 31%] [34m[1mGenerating C++ introspection for ROS interfaces[0m
[4.366s] [ 34%] [34m[1mGenerating C++ type support for eProsima Fast-RTPS[0m
[4.375s] [ 36%] [34m[1mGenerating C type support dispatch for ROS interfaces[0m
[4.899s] [ 38%] [32mBuilding CXX object CMakeFiles/velodyne_msgs__rosidl_typesupport_cpp.dir/rosidl_typesupport_cpp/velodyne_msgs/msg/velodyne_scan__type_support.cpp.o[0m
[4.904s] [ 40%] [32mBuilding CXX object CMakeFiles/velodyne_msgs__rosidl_typesupport_cpp.dir/rosidl_typesupport_cpp/velodyne_msgs/msg/velodyne_packet__type_support.cpp.o[0m
[5.002s] [ 43%] [32mBuilding CXX object CMakeFiles/velodyne_msgs__rosidl_typesupport_fastrtps_c.dir/rosidl_typesupport_fastrtps_c/velodyne_msgs/msg/detail/velodyne_packet__type_support_c.cpp.o[0m
[5.007s] [ 45%] [32mBuilding CXX object CMakeFiles/velodyne_msgs__rosidl_typesupport_fastrtps_c.dir/rosidl_typesupport_fastrtps_c/velodyne_msgs/msg/detail/velodyne_scan__type_support_c.cpp.o[0m
[5.008s] [ 47%] [32mBuilding CXX object CMakeFiles/velodyne_msgs__rosidl_typesupport_c.dir/rosidl_typesupport_c/velodyne_msgs/msg/velodyne_packet__type_support.cpp.o[0m
[5.026s] [ 50%] [32mBuilding CXX object CMakeFiles/velodyne_msgs__rosidl_typesupport_c.dir/rosidl_typesupport_c/velodyne_msgs/msg/velodyne_scan__type_support.cpp.o[0m
[5.051s] [ 52%] [32mBuilding CXX object CMakeFiles/velodyne_msgs__rosidl_typesupport_introspection_cpp.dir/rosidl_typesupport_introspection_cpp/velodyne_msgs/msg/detail/velodyne_packet__type_support.cpp.o[0m
[5.059s] [ 54%] [32mBuilding CXX object CMakeFiles/velodyne_msgs__rosidl_typesupport_introspection_cpp.dir/rosidl_typesupport_introspection_cpp/velodyne_msgs/msg/detail/velodyne_scan__type_support.cpp.o[0m
[5.110s] [ 56%] [32mBuilding C object CMakeFiles/velodyne_msgs__rosidl_typesupport_introspection_c.dir/rosidl_typesupport_introspection_c/velodyne_msgs/msg/detail/velodyne_packet__type_support.c.o[0m
[5.138s] [ 59%] [32mBuilding C object CMakeFiles/velodyne_msgs__rosidl_typesupport_introspection_c.dir/rosidl_typesupport_introspection_c/velodyne_msgs/msg/detail/velodyne_scan__type_support.c.o[0m
[5.153s] [ 61%] [32m[1mLinking CXX shared library libvelodyne_msgs__rosidl_typesupport_c.so[0m
[5.169s] [ 63%] [32mBuilding CXX object CMakeFiles/velodyne_msgs__rosidl_typesupport_fastrtps_cpp.dir/rosidl_typesupport_fastrtps_cpp/velodyne_msgs/msg/detail/dds_fastrtps/velodyne_packet__type_support.cpp.o[0m
[5.228s] [ 63%] Built target velodyne_msgs__rosidl_typesupport_c
[5.259s] [ 65%] [32mBuilding CXX object CMakeFiles/velodyne_msgs__rosidl_typesupport_fastrtps_cpp.dir/rosidl_typesupport_fastrtps_cpp/velodyne_msgs/msg/detail/dds_fastrtps/velodyne_scan__type_support.cpp.o[0m
[5.282s] [ 68%] [32m[1mLinking C shared library libvelodyne_msgs__rosidl_typesupport_introspection_c.so[0m
[5.365s] [ 68%] Built target velodyne_msgs__rosidl_typesupport_introspection_c
[5.788s] [ 70%] [32m[1mLinking CXX shared library libvelodyne_msgs__rosidl_typesupport_cpp.so[0m
[5.892s] [ 70%] Built target velodyne_msgs__rosidl_typesupport_cpp
[6.002s] [ 72%] [32m[1mLinking CXX shared library libvelodyne_msgs__rosidl_typesupport_introspection_cpp.so[0m
[6.308s] [ 75%] [32m[1mLinking CXX shared library libvelodyne_msgs__rosidl_typesupport_fastrtps_c.so[0m
[6.341s] [ 75%] Built target velodyne_msgs__rosidl_typesupport_introspection_cpp
[6.403s] [ 75%] Built target velodyne_msgs__rosidl_typesupport_fastrtps_c
[6.905s] [ 77%] [32m[1mLinking CXX shared library libvelodyne_msgs__rosidl_typesupport_fastrtps_cpp.so[0m
[7.081s] [ 77%] Built target velodyne_msgs__rosidl_typesupport_fastrtps_cpp
[7.100s] [ 77%] Built target velodyne_msgs
[7.119s] [ 79%] [34m[1mGenerating Python code for ROS interfaces[0m
[7.759s] [ 79%] Built target velodyne_msgs__py
[7.791s] [ 81%] [32mBuilding C object CMakeFiles/velodyne_msgs__rosidl_generator_py.dir/rosidl_generator_py/velodyne_msgs/msg/_velodyne_packet_s.c.o[0m
[7.793s] [ 84%] [32mBuilding C object CMakeFiles/velodyne_msgs__rosidl_generator_py.dir/rosidl_generator_py/velodyne_msgs/msg/_velodyne_scan_s.c.o[0m
[8.043s] [ 86%] [32m[1mLinking C shared library libvelodyne_msgs__rosidl_generator_py.so[0m
[8.101s] [ 86%] Built target velodyne_msgs__rosidl_generator_py
[8.140s] [ 88%] [32mBuilding C object CMakeFiles/velodyne_msgs_s__rosidl_typesupport_fastrtps_c.dir/rosidl_generator_py/velodyne_msgs/_velodyne_msgs_s.ep.rosidl_typesupport_fastrtps_c.c.o[0m
[8.142s] [ 90%] [32mBuilding C object CMakeFiles/velodyne_msgs_s__rosidl_typesupport_introspection_c.dir/rosidl_generator_py/velodyne_msgs/_velodyne_msgs_s.ep.rosidl_typesupport_introspection_c.c.o[0m
[8.152s] [ 93%] [32mBuilding C object CMakeFiles/velodyne_msgs_s__rosidl_typesupport_c.dir/rosidl_generator_py/velodyne_msgs/_velodyne_msgs_s.ep.rosidl_typesupport_c.c.o[0m
[8.303s] [ 95%] [32m[1mLinking C shared module rosidl_generator_py/velodyne_msgs/velodyne_msgs_s__rosidl_typesupport_fastrtps_c.so[0m
[8.307s] [ 97%] [32m[1mLinking C shared module rosidl_generator_py/velodyne_msgs/velodyne_msgs_s__rosidl_typesupport_introspection_c.so[0m
[8.335s] [100%] [32m[1mLinking C shared module rosidl_generator_py/velodyne_msgs/velodyne_msgs_s__rosidl_typesupport_c.so[0m
[8.384s] [100%] Built target velodyne_msgs_s__rosidl_typesupport_introspection_c
[8.384s] [100%] Built target velodyne_msgs_s__rosidl_typesupport_fastrtps_c
[8.408s] [100%] Built target velodyne_msgs_s__rosidl_typesupport_c
[8.434s] Invoked command in '/home/supawit/terminal_Allergy_project/ros2_ws/build/velodyne_msgs' returned '0': CMAKE_PREFIX_PATH=${CMAKE_PREFIX_PATH}:/opt/ros/jazzy DEBUGINFOD_URLS=https://debuginfod.ubuntu.com /usr/bin/cmake --build /home/supawit/terminal_Allergy_project/ros2_ws/build/velodyne_msgs -- -j10 -l10
[8.450s] Invoking command in '/home/supawit/terminal_Allergy_project/ros2_ws/build/velodyne_msgs': CMAKE_PREFIX_PATH=${CMAKE_PREFIX_PATH}:/opt/ros/jazzy DEBUGINFOD_URLS=https://debuginfod.ubuntu.com /usr/bin/cmake --install /home/supawit/terminal_Allergy_project/ros2_ws/build/velodyne_msgs
[8.470s] -- Install configuration: ""
[8.472s] -- Execute custom install script
[8.473s] -- Symlinking: /home/supawit/terminal_Allergy_project/ros2_ws/install/velodyne_msgs/share/ament_index/resource_index/rosidl_interfaces/velodyne_msgs
[8.489s] -- Symlinking: /home/supawit/terminal_Allergy_project/ros2_ws/install/velodyne_msgs/share/velodyne_msgs/msg/VelodynePacket.json
[8.499s] -- Symlinking: /home/supawit/terminal_Allergy_project/ros2_ws/install/velodyne_msgs/share/velodyne_msgs/msg/VelodyneScan.json
[8.511s] -- Symlinking: /home/supawit/terminal_Allergy_project/ros2_ws/install/velodyne_msgs/include/velodyne_msgs/velodyne_msgs/msg/detail/velodyne_packet__functions.h
[8.525s] -- Symlinking: /home/supawit/terminal_Allergy_project/ros2_ws/install/velodyne_msgs/include/velodyne_msgs/velodyne_msgs/msg/detail/velodyne_packet__struct.h
[8.538s] -- Symlinking: /home/supawit/terminal_Allergy_project/ros2_ws/install/velodyne_msgs/include/velodyne_msgs/velodyne_msgs/msg/detail/velodyne_packet__type_support.h
[8.555s] -- Symlinking: /home/supawit/terminal_Allergy_project/ros2_ws/install/velodyne_msgs/include/velodyne_msgs/velodyne_msgs/msg/detail/velodyne_scan__functions.h
[8.572s] -- Symlinking: /home/supawit/terminal_Allergy_project/ros2_ws/install/velodyne_msgs/include/velodyne_msgs/velodyne_msgs/msg/detail/velodyne_scan__struct.h
[8.585s] -- Symlinking: /home/supawit/terminal_Allergy_project/ros2_ws/install/velodyne_msgs/include/velodyne_msgs/velodyne_msgs/msg/detail/velodyne_scan__type_support.h
[8.601s] -- Symlinking: /home/supawit/terminal_Allergy_project/ros2_ws/install/velodyne_msgs/include/velodyne_msgs/velodyne_msgs/msg/rosidl_generator_c__visibility_control.h
[8.614s] -- Symlinking: /home/supawit/terminal_Allergy_project/ros2_ws/install/velodyne_msgs/include/velodyne_msgs/velodyne_msgs/msg/velodyne_packet.h
[8.628s] -- Symlinking: /home/supawit/terminal_Allergy_project/ros2_ws/install/velodyne_msgs/include/velodyne_msgs/velodyne_msgs/msg/velodyne_scan.h
[8.641s] -- Symlinking: /home/supawit/terminal_Allergy_project/ros2_ws/install/velodyne_msgs/share/velodyne_msgs/environment/library_path.sh
[8.654s] -- Symlinking: /home/supawit/terminal_Allergy_project/ros2_ws/install/velodyne_msgs/share/velodyne_msgs/environment/library_path.dsv
[8.664s] -- Symlinking: /home/supawit/terminal_Allergy_project/ros2_ws/install/velodyne_msgs/include/velodyne_msgs/velodyne_msgs/msg/detail/velodyne_packet__rosidl_typesupport_fastrtps_c.h
[8.680s] -- Symlinking: /home/supawit/terminal_Allergy_project/ros2_ws/install/velodyne_msgs/include/velodyne_msgs/velodyne_msgs/msg/detail/velodyne_scan__rosidl_typesupport_fastrtps_c.h
[8.693s] -- Symlinking: /home/supawit/terminal_Allergy_project/ros2_ws/install/velodyne_msgs/include/velodyne_msgs/velodyne_msgs/msg/rosidl_typesupport_fastrtps_c__visibility_control.h
[8.705s] -- Symlinking: /home/supawit/terminal_Allergy_project/ros2_ws/install/velodyne_msgs/include/velodyne_msgs/velodyne_msgs/msg/detail/velodyne_packet__builder.hpp
[8.716s] -- Symlinking: /home/supawit/terminal_Allergy_project/ros2_ws/install/velodyne_msgs/include/velodyne_msgs/velodyne_msgs/msg/detail/velodyne_packet__struct.hpp
[8.730s] -- Symlinking: /home/supawit/terminal_Allergy_project/ros2_ws/install/velodyne_msgs/include/velodyne_msgs/velodyne_msgs/msg/detail/velodyne_packet__traits.hpp
[8.742s] -- Symlinking: /home/supawit/terminal_Allergy_project/ros2_ws/install/velodyne_msgs/include/velodyne_msgs/velodyne_msgs/msg/detail/velodyne_packet__type_support.hpp
[8.753s] -- Symlinking: /home/supawit/terminal_Allergy_project/ros2_ws/install/velodyne_msgs/include/velodyne_msgs/velodyne_msgs/msg/detail/velodyne_scan__builder.hpp
[8.766s] -- Symlinking: /home/supawit/terminal_Allergy_project/ros2_ws/install/velodyne_msgs/include/velodyne_msgs/velodyne_msgs/msg/detail/velodyne_scan__struct.hpp
[8.777s] -- Symlinking: /home/supawit/terminal_Allergy_project/ros2_ws/install/velodyne_msgs/include/velodyne_msgs/velodyne_msgs/msg/detail/velodyne_scan__traits.hpp
[8.789s] -- Symlinking: /home/supawit/terminal_Allergy_project/ros2_ws/install/velodyne_msgs/include/velodyne_msgs/velodyne_msgs/msg/detail/velodyne_scan__type_support.hpp
[8.800s] -- Symlinking: /home/supawit/terminal_Allergy_project/ros2_ws/install/velodyne_msgs/include/velodyne_msgs/velodyne_msgs/msg/rosidl_generator_cpp__visibility_control.hpp
[8.818s] -- Symlinking: /home/supawit/terminal_Allergy_project/ros2_ws/install/velodyne_msgs/include/velodyne_msgs/velodyne_msgs/msg/velodyne_packet.hpp
[8.830s] -- Symlinking: /home/supawit/terminal_Allergy_project/ros2_ws/install/velodyne_msgs/include/velodyne_msgs/velodyne_msgs/msg/velodyne_scan.hpp
[8.846s] -- Symlinking: /home/supawit/terminal_Allergy_project/ros2_ws/install/velodyne_msgs/include/velodyne_msgs/velodyne_msgs/msg/detail/velodyne_packet__rosidl_typesupport_fastrtps_cpp.hpp
[8.859s] -- Symlinking: /home/supawit/terminal_Allergy_project/ros2_ws/install/velodyne_msgs/include/velodyne_msgs/velodyne_msgs/msg/detail/velodyne_scan__rosidl_typesupport_fastrtps_cpp.hpp
[8.869s] -- Symlinking: /home/supawit/terminal_Allergy_project/ros2_ws/install/velodyne_msgs/include/velodyne_msgs/velodyne_msgs/msg/rosidl_typesupport_fastrtps_cpp__visibility_control.h
[8.884s] -- Symlinking: /home/supawit/terminal_Allergy_project/ros2_ws/install/velodyne_msgs/include/velodyne_msgs/velodyne_msgs/msg/detail/velodyne_packet__rosidl_typesupport_introspection_c.h
[8.898s] -- Symlinking: /home/supawit/terminal_Allergy_project/ros2_ws/install/velodyne_msgs/include/velodyne_msgs/velodyne_msgs/msg/detail/velodyne_scan__rosidl_typesupport_introspection_c.h
[8.914s] -- Symlinking: /home/supawit/terminal_Allergy_project/ros2_ws/install/velodyne_msgs/include/velodyne_msgs/velodyne_msgs/msg/rosidl_typesupport_introspection_c__visibility_control.h
[8.925s] -- Symlinking: /home/supawit/terminal_Allergy_project/ros2_ws/install/velodyne_msgs/include/velodyne_msgs/velodyne_msgs/msg/detail/velodyne_packet__rosidl_typesupport_introspection_cpp.hpp
[8.937s] -- Symlinking: /home/supawit/terminal_Allergy_project/ros2_ws/install/velodyne_msgs/include/velodyne_msgs/velodyne_msgs/msg/detail/velodyne_scan__rosidl_typesupport_introspection_cpp.hpp
[8.946s] -- Symlinking: /home/supawit/terminal_Allergy_project/ros2_ws/install/velodyne_msgs/share/velodyne_msgs/environment/pythonpath.sh
[8.956s] -- Symlinking: /home/supawit/terminal_Allergy_project/ros2_ws/install/velodyne_msgs/share/velodyne_msgs/environment/pythonpath.dsv
[8.971s] -- Symlinking: /home/supawit/terminal_Allergy_project/ros2_ws/install/velodyne_msgs/lib/python3.12/site-packages/velodyne_msgs-2.5.1-py3.12.egg-info/PKG-INFO
[8.982s] -- Symlinking: /home/supawit/terminal_Allergy_project/ros2_ws/install/velodyne_msgs/lib/python3.12/site-packages/velodyne_msgs-2.5.1-py3.12.egg-info/SOURCES.txt
[8.991s] -- Symlinking: /home/supawit/terminal_Allergy_project/ros2_ws/install/velodyne_msgs/lib/python3.12/site-packages/velodyne_msgs-2.5.1-py3.12.egg-info/dependency_links.txt
[9.008s] -- Symlinking: /home/supawit/terminal_Allergy_project/ros2_ws/install/velodyne_msgs/lib/python3.12/site-packages/velodyne_msgs-2.5.1-py3.12.egg-info/top_level.txt
[9.017s] -- Symlinking: /home/supawit/terminal_Allergy_project/ros2_ws/install/velodyne_msgs/lib/python3.12/site-packages/velodyne_msgs/__init__.py
[9.025s] -- Symlinking: /home/supawit/terminal_Allergy_project/ros2_ws/install/velodyne_msgs/lib/python3.12/site-packages/velodyne_msgs/_velodyne_msgs_s.ep.rosidl_typesupport_c.c
[9.038s] -- Symlinking: /home/supawit/terminal_Allergy_project/ros2_ws/install/velodyne_msgs/lib/python3.12/site-packages/velodyne_msgs/_velodyne_msgs_s.ep.rosidl_typesupport_fastrtps_c.c
[9.052s] -- Symlinking: /home/supawit/terminal_Allergy_project/ros2_ws/install/velodyne_msgs/lib/python3.12/site-packages/velodyne_msgs/_velodyne_msgs_s.ep.rosidl_typesupport_introspection_c.c
[9.064s] -- Symlinking: /home/supawit/terminal_Allergy_project/ros2_ws/install/velodyne_msgs/lib/python3.12/site-packages/velodyne_msgs/msg/__init__.py
[9.075s] -- Symlinking: /home/supawit/terminal_Allergy_project/ros2_ws/install/velodyne_msgs/lib/python3.12/site-packages/velodyne_msgs/msg/_velodyne_packet.py
[9.084s] -- Symlinking: /home/supawit/terminal_Allergy_project/ros2_ws/install/velodyne_msgs/lib/python3.12/site-packages/velodyne_msgs/msg/_velodyne_packet_s.c
[9.093s] -- Symlinking: /home/supawit/terminal_Allergy_project/ros2_ws/install/velodyne_msgs/lib/python3.12/site-packages/velodyne_msgs/msg/_velodyne_scan.py
[9.103s] -- Symlinking: /home/supawit/terminal_Allergy_project/ros2_ws/install/velodyne_msgs/lib/python3.12/site-packages/velodyne_msgs/msg/_velodyne_scan_s.c
[9.114s] -- Symlinking: /home/supawit/terminal_Allergy_project/ros2_ws/install/velodyne_msgs/lib/python3.12/site-packages/velodyne_msgs/velodyne_msgs_s__rosidl_typesupport_c.so
[9.129s] -- Symlinking: /home/supawit/terminal_Allergy_project/ros2_ws/install/velodyne_msgs/lib/python3.12/site-packages/velodyne_msgs/velodyne_msgs_s__rosidl_typesupport_fastrtps_c.so
[9.141s] -- Symlinking: /home/supawit/terminal_Allergy_project/ros2_ws/install/velodyne_msgs/lib/python3.12/site-packages/velodyne_msgs/velodyne_msgs_s__rosidl_typesupport_introspection_c.so
[9.156s] -- Up-to-date symlink: /home/supawit/terminal_Allergy_project/ros2_ws/install/velodyne_msgs/lib/python3.12/site-packages/velodyne_msgs/velodyne_msgs_s__rosidl_typesupport_fastrtps_c.so
[9.156s] -- Up-to-date symlink: /home/supawit/terminal_Allergy_project/ros2_ws/install/velodyne_msgs/lib/python3.12/site-packages/velodyne_msgs/velodyne_msgs_s__rosidl_typesupport_introspection_c.so
[9.156s] -- Up-to-date symlink: /home/supawit/terminal_Allergy_project/ros2_ws/install/velodyne_msgs/lib/python3.12/site-packages/velodyne_msgs/velodyne_msgs_s__rosidl_typesupport_c.so
[9.156s] -- Symlinking: /home/supawit/terminal_Allergy_project/ros2_ws/install/velodyne_msgs/share/velodyne_msgs/msg/VelodynePacket.idl
[9.164s] -- Symlinking: /home/supawit/terminal_Allergy_project/ros2_ws/install/velodyne_msgs/share/velodyne_msgs/msg/VelodyneScan.idl
[9.176s] -- Symlinking: /home/supawit/terminal_Allergy_project/ros2_ws/install/velodyne_msgs/share/velodyne_msgs/msg/VelodynePacket.msg
[9.186s] -- Symlinking: /home/supawit/terminal_Allergy_project/ros2_ws/install/velodyne_msgs/share/velodyne_msgs/msg/VelodyneScan.msg
[9.194s] -- Symlinking: /home/supawit/terminal_Allergy_project/ros2_ws/install/velodyne_msgs/share/ament_index/resource_index/package_run_dependencies/velodyne_msgs
[9.203s] -- Symlinking: /home/supawit/terminal_Allergy_project/ros2_ws/install/velodyne_msgs/share/ament_index/resource_index/parent_prefix_path/velodyne_msgs
[9.214s] -- Symlinking: /home/supawit/terminal_Allergy_project/ros2_ws/install/velodyne_msgs/share/velodyne_msgs/environment/ament_prefix_path.sh
[9.227s] -- Symlinking: /home/supawit/terminal_Allergy_project/ros2_ws/install/velodyne_msgs/share/velodyne_msgs/environment/ament_prefix_path.dsv
[9.239s] -- Symlinking: /home/supawit/terminal_Allergy_project/ros2_ws/install/velodyne_msgs/share/velodyne_msgs/environment/path.sh
[9.253s] -- Symlinking: /home/supawit/terminal_Allergy_project/ros2_ws/install/velodyne_msgs/share/velodyne_msgs/environment/path.dsv
[9.264s] -- Symlinking: /home/supawit/terminal_Allergy_project/ros2_ws/install/velodyne_msgs/share/velodyne_msgs/local_setup.bash
[9.275s] -- Symlinking: /home/supawit/terminal_Allergy_project/ros2_ws/install/velodyne_msgs/share/velodyne_msgs/local_setup.sh
[9.283s] -- Symlinking: /home/supawit/terminal_Allergy_project/ros2_ws/install/velodyne_msgs/share/velodyne_msgs/local_setup.zsh
[9.295s] -- Symlinking: /home/supawit/terminal_Allergy_project/ros2_ws/install/velodyne_msgs/share/velodyne_msgs/local_setup.dsv
[9.301s] -- Symlinking: /home/supawit/terminal_Allergy_project/ros2_ws/install/velodyne_msgs/share/velodyne_msgs/package.dsv
[9.314s] -- Symlinking: /home/supawit/terminal_Allergy_project/ros2_ws/install/velodyne_msgs/share/ament_index/resource_index/packages/velodyne_msgs
[9.323s] -- Symlinking: /home/supawit/terminal_Allergy_project/ros2_ws/install/velodyne_msgs/share/velodyne_msgs/cmake/rosidl_cmake-extras.cmake
[9.332s] -- Symlinking: /home/supawit/terminal_Allergy_project/ros2_ws/install/velodyne_msgs/share/velodyne_msgs/cmake/ament_cmake_export_dependencies-extras.cmake
[9.340s] -- Symlinking: /home/supawit/terminal_Allergy_project/ros2_ws/install/velodyne_msgs/share/velodyne_msgs/cmake/ament_cmake_export_include_directories-extras.cmake
[9.348s] -- Symlinking: /home/supawit/terminal_Allergy_project/ros2_ws/install/velodyne_msgs/share/velodyne_msgs/cmake/ament_cmake_export_libraries-extras.cmake
[9.356s] -- Symlinking: /home/supawit/terminal_Allergy_project/ros2_ws/install/velodyne_msgs/share/velodyne_msgs/cmake/ament_cmake_export_targets-extras.cmake
[9.367s] -- Symlinking: /home/supawit/terminal_Allergy_project/ros2_ws/install/velodyne_msgs/share/velodyne_msgs/cmake/rosidl_cmake_export_typesupport_targets-extras.cmake
[9.375s] -- Symlinking: /home/supawit/terminal_Allergy_project/ros2_ws/install/velodyne_msgs/share/velodyne_msgs/cmake/rosidl_cmake_export_typesupport_libraries-extras.cmake
[9.388s] -- Symlinking: /home/supawit/terminal_Allergy_project/ros2_ws/install/velodyne_msgs/share/velodyne_msgs/cmake/velodyne_msgsConfig.cmake
[9.400s] -- Symlinking: /home/supawit/terminal_Allergy_project/ros2_ws/install/velodyne_msgs/share/velodyne_msgs/cmake/velodyne_msgsConfig-version.cmake
[9.413s] -- Symlinking: /home/supawit/terminal_Allergy_project/ros2_ws/install/velodyne_msgs/share/velodyne_msgs/package.xml
[9.425s] -- Installing: /home/supawit/terminal_Allergy_project/ros2_ws/install/velodyne_msgs/lib/libvelodyne_msgs__rosidl_generator_c.so
[9.425s] -- Set non-toolchain portion of runtime path of "/home/supawit/terminal_Allergy_project/ros2_ws/install/velodyne_msgs/lib/libvelodyne_msgs__rosidl_generator_c.so" to ""
[9.425s] -- Installing: /home/supawit/terminal_Allergy_project/ros2_ws/install/velodyne_msgs/lib/libvelodyne_msgs__rosidl_typesupport_fastrtps_c.so
[9.426s] -- Set non-toolchain portion of runtime path of "/home/supawit/terminal_Allergy_project/ros2_ws/install/velodyne_msgs/lib/libvelodyne_msgs__rosidl_typesupport_fastrtps_c.so" to ""
[9.426s] -- Installing: /home/supawit/terminal_Allergy_project/ros2_ws/install/velodyne_msgs/lib/libvelodyne_msgs__rosidl_typesupport_fastrtps_cpp.so
[9.426s] -- Set non-toolchain portion of runtime path of "/home/supawit/terminal_Allergy_project/ros2_ws/install/velodyne_msgs/lib/libvelodyne_msgs__rosidl_typesupport_fastrtps_cpp.so" to ""
[9.426s] -- Installing: /home/supawit/terminal_Allergy_project/ros2_ws/install/velodyne_msgs/lib/libvelodyne_msgs__rosidl_typesupport_introspection_c.so
[9.426s] -- Set non-toolchain portion of runtime path of "/home/supawit/terminal_Allergy_project/ros2_ws/install/velodyne_msgs/lib/libvelodyne_msgs__rosidl_typesupport_introspection_c.so" to ""
[9.427s] -- Installing: /home/supawit/terminal_Allergy_project/ros2_ws/install/velodyne_msgs/lib/libvelodyne_msgs__rosidl_typesupport_c.so
[9.427s] -- Set non-toolchain portion of runtime path of "/home/supawit/terminal_Allergy_project/ros2_ws/install/velodyne_msgs/lib/libvelodyne_msgs__rosidl_typesupport_c.so" to ""
[9.428s] -- Installing: /home/supawit/terminal_Allergy_project/ros2_ws/install/velodyne_msgs/lib/libvelodyne_msgs__rosidl_typesupport_introspection_cpp.so
[9.428s] -- Set non-toolchain portion of runtime path of "/home/supawit/terminal_Allergy_project/ros2_ws/install/velodyne_msgs/lib/libvelodyne_msgs__rosidl_typesupport_introspection_cpp.so" to ""
[9.428s] -- Installing: /home/supawit/terminal_Allergy_project/ros2_ws/install/velodyne_msgs/lib/libvelodyne_msgs__rosidl_typesupport_cpp.so
[9.428s] -- Set non-toolchain portion of runtime path of "/home/supawit/terminal_Allergy_project/ros2_ws/install/velodyne_msgs/lib/libvelodyne_msgs__rosidl_typesupport_cpp.so" to ""
[9.487s] Listing '/home/supawit/terminal_Allergy_project/ros2_ws/install/velodyne_msgs/lib/python3.12/site-packages/velodyne_msgs'...
[9.487s] Compiling '/home/supawit/terminal_Allergy_project/ros2_ws/install/velodyne_msgs/lib/python3.12/site-packages/velodyne_msgs/__init__.py'...
[9.487s] Listing '/home/supawit/terminal_Allergy_project/ros2_ws/install/velodyne_msgs/lib/python3.12/site-packages/velodyne_msgs/msg'...
[9.487s] Compiling '/home/supawit/terminal_Allergy_project/ros2_ws/install/velodyne_msgs/lib/python3.12/site-packages/velodyne_msgs/msg/__init__.py'...
[9.487s] Compiling '/home/supawit/terminal_Allergy_project/ros2_ws/install/velodyne_msgs/lib/python3.12/site-packages/velodyne_msgs/msg/_velodyne_packet.py'...
[9.487s] Compiling '/home/supawit/terminal_Allergy_project/ros2_ws/install/velodyne_msgs/lib/python3.12/site-packages/velodyne_msgs/msg/_velodyne_scan.py'...
[9.495s] -- Installing: /home/supawit/terminal_Allergy_project/ros2_ws/install/velodyne_msgs/lib/libvelodyne_msgs__rosidl_generator_py.so
[9.495s] -- Set non-toolchain portion of runtime path of "/home/supawit/terminal_Allergy_project/ros2_ws/install/velodyne_msgs/lib/libvelodyne_msgs__rosidl_generator_py.so" to ""
[9.496s] -- Installing: /home/supawit/terminal_Allergy_project/ros2_ws/install/velodyne_msgs/share/velodyne_msgs/cmake/export_velodyne_msgs__rosidl_generator_cExport.cmake
[9.496s] -- Installing: /home/supawit/terminal_Allergy_project/ros2_ws/install/velodyne_msgs/share/velodyne_msgs/cmake/export_velodyne_msgs__rosidl_generator_cExport-noconfig.cmake
[9.496s] -- Installing: /home/supawit/terminal_Allergy_project/ros2_ws/install/velodyne_msgs/share/velodyne_msgs/cmake/export_velodyne_msgs__rosidl_typesupport_fastrtps_cExport.cmake
[9.497s] -- Installing: /home/supawit/terminal_Allergy_project/ros2_ws/install/velodyne_msgs/share/velodyne_msgs/cmake/export_velodyne_msgs__rosidl_typesupport_fastrtps_cExport-noconfig.cmake
[9.497s] -- Installing: /home/supawit/terminal_Allergy_project/ros2_ws/install/velodyne_msgs/share/velodyne_msgs/cmake/export_velodyne_msgs__rosidl_generator_cppExport.cmake
[9.497s] -- Installing: /home/supawit/terminal_Allergy_project/ros2_ws/install/velodyne_msgs/share/velodyne_msgs/cmake/export_velodyne_msgs__rosidl_typesupport_fastrtps_cppExport.cmake
[9.498s] -- Installing: /home/supawit/terminal_Allergy_project/ros2_ws/install/velodyne_msgs/share/velodyne_msgs/cmake/export_velodyne_msgs__rosidl_typesupport_fastrtps_cppExport-noconfig.cmake
[9.498s] -- Installing: /home/supawit/terminal_Allergy_project/ros2_ws/install/velodyne_msgs/share/velodyne_msgs/cmake/velodyne_msgs__rosidl_typesupport_introspection_cExport.cmake
[9.498s] -- Installing: /home/supawit/terminal_Allergy_project/ros2_ws/install/velodyne_msgs/share/velodyne_msgs/cmake/velodyne_msgs__rosidl_typesupport_introspection_cExport-noconfig.cmake
[9.499s] -- Installing: /home/supawit/terminal_Allergy_project/ros2_ws/install/velodyne_msgs/share/velodyne_msgs/cmake/velodyne_msgs__rosidl_typesupport_cExport.cmake
[9.499s] -- Installing: /home/supawit/terminal_Allergy_project/ros2_ws/install/velodyne_msgs/share/velodyne_msgs/cmake/velodyne_msgs__rosidl_typesupport_cExport-noconfig.cmake
[9.499s] -- Installing: /home/supawit/terminal_Allergy_project/ros2_ws/install/velodyne_msgs/share/velodyne_msgs/cmake/velodyne_msgs__rosidl_typesupport_introspection_cppExport.cmake
[9.499s] -- Installing: /home/supawit/terminal_Allergy_project/ros2_ws/install/velodyne_msgs/share/velodyne_msgs/cmake/velodyne_msgs__rosidl_typesupport_introspection_cppExport-noconfig.cmake
[9.500s] -- Installing: /home/supawit/terminal_Allergy_project/ros2_ws/install/velodyne_msgs/share/velodyne_msgs/cmake/velodyne_msgs__rosidl_typesupport_cppExport.cmake
[9.500s] -- Installing: /home/supawit/terminal_Allergy_project/ros2_ws/install/velodyne_msgs/share/velodyne_msgs/cmake/velodyne_msgs__rosidl_typesupport_cppExport-noconfig.cmake
[9.500s] -- Installing: /home/supawit/terminal_Allergy_project/ros2_ws/install/velodyne_msgs/share/velodyne_msgs/cmake/export_velodyne_msgs__rosidl_generator_pyExport.cmake
[9.501s] -- Installing: /home/supawit/terminal_Allergy_project/ros2_ws/install/velodyne_msgs/share/velodyne_msgs/cmake/export_velodyne_msgs__rosidl_generator_pyExport-noconfig.cmake
[9.507s] Invoked command in '/home/supawit/terminal_Allergy_project/ros2_ws/build/velodyne_msgs' returned '0': CMAKE_PREFIX_PATH=${CMAKE_PREFIX_PATH}:/opt/ros/jazzy DEBUGINFOD_URLS=https://debuginfod.ubuntu.com /usr/bin/cmake --install /home/supawit/terminal_Allergy_project/ros2_ws/build/velodyne_msgs
