[0.025s] Invoking command in '/home/supawit/terminal_Allergy_project/ros2_ws/build/lidarslam_msgs': CMAKE_PREFIX_PATH=${CMAKE_PREFIX_PATH}:/opt/ros/jazzy DEBUGINFOD_URLS=https://debuginfod.ubuntu.com /usr/bin/cmake /home/supawit/terminal_Allergy_project/ros2_ws/src/lidarslam_ros2/lidarslam_msgs -DAMENT_CMAKE_SYMLINK_INSTALL=1 -DCMAKE_INSTALL_PREFIX=/home/supawit/terminal_Allergy_project/ros2_ws/install/lidarslam_msgs
[0.135s] -- The C compiler identification is GNU 13.3.0
[0.213s] -- The CXX compiler identification is GNU 13.3.0
[0.228s] -- Detecting C compiler ABI info
[0.310s] -- Detecting C compiler ABI info - done
[0.320s] -- Check for working C compiler: /usr/bin/cc - skipped
[0.320s] -- Detecting C compile features
[0.320s] -- Detecting C compile features - done
[0.327s] -- Detecting CXX compiler ABI info
[0.409s] -- Detecting CXX compiler ABI info - done
[0.417s] -- Check for working CXX compiler: /usr/bin/c++ - skipped
[0.417s] -- Detecting CXX compile features
[0.417s] -- Detecting CXX compile features - done
[0.421s] -- Found ament_cmake_auto: 2.5.4 (/opt/ros/jazzy/share/ament_cmake_auto/cmake)
[0.555s] -- Found Python3: /usr/bin/python3 (found version "3.12.3") found components: Interpreter 
[0.636s] -- Override CMake install command with custom implementation using symlinks instead of copying resources
[0.799s] -- Using all available rosidl_typesupport_c: rosidl_typesupport_fastrtps_c;rosidl_typesupport_introspection_c
[0.855s] -- Using all available rosidl_typesupport_cpp: rosidl_typesupport_fastrtps_cpp;rosidl_typesupport_introspection_cpp
[0.902s] -- Found rosidl_adapter: 4.6.6 (/opt/ros/jazzy/share/rosidl_adapter/cmake)
[1.605s] -- Found ament_cmake_ros: 0.12.0 (/opt/ros/jazzy/share/ament_cmake_ros/cmake)
[2.156s] -- Using all available rosidl_typesupport_c: rosidl_typesupport_fastrtps_c;rosidl_typesupport_introspection_c
[2.924s] -- Using all available rosidl_typesupport_cpp: rosidl_typesupport_fastrtps_cpp;rosidl_typesupport_introspection_cpp
[2.929s] -- Found python_cmake_module: 0.11.1 (/opt/ros/jazzy/share/python_cmake_module/cmake)
[3.077s] -- Found PythonExtra: /usr/bin/python3  
[3.553s] -- Found Python3: /usr/bin/python3 (found version "3.12.3") found components: Interpreter Development NumPy Development.Module Development.Embed 
[3.646s] -- Found ament_lint_auto: 0.17.3 (/opt/ros/jazzy/share/ament_lint_auto/cmake)
[3.698s] -- Added test 'copyright' to check source files copyright and LICENSE
[3.699s] -- Added test 'lint_cmake' to check CMake code style
[3.701s] -- Added test 'xmllint' to check XML markup files
[3.705s] -- Configuring done (3.7s)
[3.767s] -- Generating done (0.0s)
[3.774s] -- Build files have been written to: /home/supawit/terminal_Allergy_project/ros2_ws/build/lidarslam_msgs
[3.789s] Invoked command in '/home/supawit/terminal_Allergy_project/ros2_ws/build/lidarslam_msgs' returned '0': CMAKE_PREFIX_PATH=${CMAKE_PREFIX_PATH}:/opt/ros/jazzy DEBUGINFOD_URLS=https://debuginfod.ubuntu.com /usr/bin/cmake /home/supawit/terminal_Allergy_project/ros2_ws/src/lidarslam_ros2/lidarslam_msgs -DAMENT_CMAKE_SYMLINK_INSTALL=1 -DCMAKE_INSTALL_PREFIX=/home/supawit/terminal_Allergy_project/ros2_ws/install/lidarslam_msgs
[3.790s] Invoking command in '/home/supawit/terminal_Allergy_project/ros2_ws/build/lidarslam_msgs': CMAKE_PREFIX_PATH=${CMAKE_PREFIX_PATH}:/opt/ros/jazzy DEBUGINFOD_URLS=https://debuginfod.ubuntu.com /usr/bin/cmake --build /home/supawit/terminal_Allergy_project/ros2_ws/build/lidarslam_msgs -- -j10 -l10
[3.849s] [  2%] [34m[1mGenerating type hashes for ROS interfaces[0m
[3.857s] [  2%] Built target ament_cmake_python_symlink_lidarslam_msgs
[4.033s] [  2%] Built target lidarslam_msgs__rosidl_generator_type_description
[4.048s] [  4%] [34m[1mGenerating C code for ROS interfaces[0m
[4.062s] [  6%] [34m[1mGenerating C++ code for ROS interfaces[0m
[4.084s] running egg_info
[4.085s] creating lidarslam_msgs.egg-info
[4.111s] writing lidarslam_msgs.egg-info/PKG-INFO
[4.111s] writing dependency_links to lidarslam_msgs.egg-info/dependency_links.txt
[4.111s] writing top-level names to lidarslam_msgs.egg-info/top_level.txt
[4.112s] writing manifest file 'lidarslam_msgs.egg-info/SOURCES.txt'
[4.166s] reading manifest file 'lidarslam_msgs.egg-info/SOURCES.txt'
[4.167s] writing manifest file 'lidarslam_msgs.egg-info/SOURCES.txt'
[4.218s] [  6%] Built target ament_cmake_python_build_lidarslam_msgs_egg
[4.564s] [  6%] Built target lidarslam_msgs__cpp
[4.643s] [  9%] [32mBuilding C object CMakeFiles/lidarslam_msgs__rosidl_generator_c.dir/rosidl_generator_c/lidarslam_msgs/msg/detail/sub_map__description.c.o[0m
[4.656s] [ 11%] [32mBuilding C object CMakeFiles/lidarslam_msgs__rosidl_generator_c.dir/rosidl_generator_c/lidarslam_msgs/msg/detail/sub_map__functions.c.o[0m
[4.656s] [ 13%] [32mBuilding C object CMakeFiles/lidarslam_msgs__rosidl_generator_c.dir/rosidl_generator_c/lidarslam_msgs/msg/detail/sub_map__type_support.c.o[0m
[4.663s] [ 15%] [32mBuilding C object CMakeFiles/lidarslam_msgs__rosidl_generator_c.dir/rosidl_generator_c/lidarslam_msgs/msg/detail/map_array__type_support.c.o[0m
[4.664s] [ 18%] [32mBuilding C object CMakeFiles/lidarslam_msgs__rosidl_generator_c.dir/rosidl_generator_c/lidarslam_msgs/msg/detail/map_array__description.c.o[0m
[4.666s] [ 20%] [32mBuilding C object CMakeFiles/lidarslam_msgs__rosidl_generator_c.dir/rosidl_generator_c/lidarslam_msgs/msg/detail/map_array__functions.c.o[0m
[4.783s] [ 22%] [32m[1mLinking C shared library liblidarslam_msgs__rosidl_generator_c.so[0m
[4.874s] [ 22%] Built target lidarslam_msgs__rosidl_generator_c
[4.901s] [ 25%] [34m[1mGenerating C++ type support dispatch for ROS interfaces[0m
[4.913s] [ 27%] [34m[1mGenerating C type support for eProsima Fast-RTPS[0m
[4.914s] [ 29%] [34m[1mGenerating C++ type support for eProsima Fast-RTPS[0m
[4.914s] [ 31%] [34m[1mGenerating C introspection for ROS interfaces[0m
[4.919s] [ 34%] [34m[1mGenerating C type support dispatch for ROS interfaces[0m
[4.923s] [ 36%] [34m[1mGenerating C++ introspection for ROS interfaces[0m
[5.838s] [ 38%] [32mBuilding CXX object CMakeFiles/lidarslam_msgs__rosidl_typesupport_cpp.dir/rosidl_typesupport_cpp/lidarslam_msgs/msg/sub_map__type_support.cpp.o[0m
[5.855s] [ 40%] [32mBuilding CXX object CMakeFiles/lidarslam_msgs__rosidl_typesupport_cpp.dir/rosidl_typesupport_cpp/lidarslam_msgs/msg/map_array__type_support.cpp.o[0m
[5.874s] [ 43%] [32mBuilding CXX object CMakeFiles/lidarslam_msgs__rosidl_typesupport_c.dir/rosidl_typesupport_c/lidarslam_msgs/msg/map_array__type_support.cpp.o[0m
[5.881s] [ 45%] [32mBuilding CXX object CMakeFiles/lidarslam_msgs__rosidl_typesupport_c.dir/rosidl_typesupport_c/lidarslam_msgs/msg/sub_map__type_support.cpp.o[0m
[6.041s] [ 47%] [32m[1mLinking CXX shared library liblidarslam_msgs__rosidl_typesupport_c.so[0m
[6.120s] [ 50%] [32mBuilding CXX object CMakeFiles/lidarslam_msgs__rosidl_typesupport_introspection_cpp.dir/rosidl_typesupport_introspection_cpp/lidarslam_msgs/msg/detail/sub_map__type_support.cpp.o[0m
[6.150s] [ 52%] [32mBuilding CXX object CMakeFiles/lidarslam_msgs__rosidl_typesupport_introspection_cpp.dir/rosidl_typesupport_introspection_cpp/lidarslam_msgs/msg/detail/map_array__type_support.cpp.o[0m
[6.180s] [ 54%] [32mBuilding C object CMakeFiles/lidarslam_msgs__rosidl_typesupport_introspection_c.dir/rosidl_typesupport_introspection_c/lidarslam_msgs/msg/detail/sub_map__type_support.c.o[0m
[6.183s] [ 54%] Built target lidarslam_msgs__rosidl_typesupport_c
[6.187s] [ 56%] [32mBuilding CXX object CMakeFiles/lidarslam_msgs__rosidl_typesupport_fastrtps_c.dir/rosidl_typesupport_fastrtps_c/lidarslam_msgs/msg/detail/sub_map__type_support_c.cpp.o[0m
[6.203s] [ 59%] [32mBuilding CXX object CMakeFiles/lidarslam_msgs__rosidl_typesupport_fastrtps_c.dir/rosidl_typesupport_fastrtps_c/lidarslam_msgs/msg/detail/map_array__type_support_c.cpp.o[0m
[6.203s] [ 61%] [32mBuilding C object CMakeFiles/lidarslam_msgs__rosidl_typesupport_introspection_c.dir/rosidl_typesupport_introspection_c/lidarslam_msgs/msg/detail/map_array__type_support.c.o[0m
[6.325s] [ 63%] [32m[1mLinking C shared library liblidarslam_msgs__rosidl_typesupport_introspection_c.so[0m
[6.394s] [ 63%] Built target lidarslam_msgs__rosidl_typesupport_introspection_c
[6.399s] [ 68%] [32mBuilding CXX object CMakeFiles/lidarslam_msgs__rosidl_typesupport_fastrtps_cpp.dir/rosidl_typesupport_fastrtps_cpp/lidarslam_msgs/msg/detail/dds_fastrtps/map_array__type_support.cpp.o[0m
[6.400s] [ 68%] [32mBuilding CXX object CMakeFiles/lidarslam_msgs__rosidl_typesupport_fastrtps_cpp.dir/rosidl_typesupport_fastrtps_cpp/lidarslam_msgs/msg/detail/dds_fastrtps/sub_map__type_support.cpp.o[0m
[6.749s] [ 70%] [32m[1mLinking CXX shared library liblidarslam_msgs__rosidl_typesupport_cpp.so[0m
[6.850s] [ 70%] Built target lidarslam_msgs__rosidl_typesupport_cpp
[6.903s] [ 72%] [32m[1mLinking CXX shared library liblidarslam_msgs__rosidl_typesupport_introspection_cpp.so[0m
[6.980s] [ 75%] [32m[1mLinking CXX shared library liblidarslam_msgs__rosidl_typesupport_fastrtps_c.so[0m
[7.077s] [ 75%] Built target lidarslam_msgs__rosidl_typesupport_fastrtps_c
[7.090s] [ 75%] Built target lidarslam_msgs__rosidl_typesupport_introspection_cpp
[7.171s] [ 77%] [32m[1mLinking CXX shared library liblidarslam_msgs__rosidl_typesupport_fastrtps_cpp.so[0m
[7.276s] [ 77%] Built target lidarslam_msgs__rosidl_typesupport_fastrtps_cpp
[7.299s] [ 77%] Built target lidarslam_msgs
[7.324s] [ 79%] [34m[1mGenerating Python code for ROS interfaces[0m
[7.903s] [ 79%] Built target lidarslam_msgs__py
[7.930s] [ 81%] [32mBuilding C object CMakeFiles/lidarslam_msgs__rosidl_generator_py.dir/rosidl_generator_py/lidarslam_msgs/msg/_sub_map_s.c.o[0m
[7.933s] [ 84%] [32mBuilding C object CMakeFiles/lidarslam_msgs__rosidl_generator_py.dir/rosidl_generator_py/lidarslam_msgs/msg/_map_array_s.c.o[0m
[8.123s] [ 86%] [32m[1mLinking C shared library liblidarslam_msgs__rosidl_generator_py.so[0m
[8.208s] [ 86%] Built target lidarslam_msgs__rosidl_generator_py
[8.262s] [ 88%] [32mBuilding C object CMakeFiles/lidarslam_msgs_s__rosidl_typesupport_introspection_c.dir/rosidl_generator_py/lidarslam_msgs/_lidarslam_msgs_s.ep.rosidl_typesupport_introspection_c.c.o[0m
[8.268s] [ 93%] [32mBuilding C object CMakeFiles/lidarslam_msgs_s__rosidl_typesupport_c.dir/rosidl_generator_py/lidarslam_msgs/_lidarslam_msgs_s.ep.rosidl_typesupport_c.c.o[0m
[8.268s] [ 93%] [32mBuilding C object CMakeFiles/lidarslam_msgs_s__rosidl_typesupport_fastrtps_c.dir/rosidl_generator_py/lidarslam_msgs/_lidarslam_msgs_s.ep.rosidl_typesupport_fastrtps_c.c.o[0m
[8.441s] [ 95%] [32m[1mLinking C shared module rosidl_generator_py/lidarslam_msgs/lidarslam_msgs_s__rosidl_typesupport_introspection_c.so[0m
[8.446s] [ 97%] [32m[1mLinking C shared module rosidl_generator_py/lidarslam_msgs/lidarslam_msgs_s__rosidl_typesupport_c.so[0m
[8.487s] [ 97%] Built target lidarslam_msgs_s__rosidl_typesupport_introspection_c
[8.500s] [ 97%] Built target lidarslam_msgs_s__rosidl_typesupport_c
[8.500s] [100%] [32m[1mLinking C shared module rosidl_generator_py/lidarslam_msgs/lidarslam_msgs_s__rosidl_typesupport_fastrtps_c.so[0m
[8.541s] [100%] Built target lidarslam_msgs_s__rosidl_typesupport_fastrtps_c
[8.558s] Invoked command in '/home/supawit/terminal_Allergy_project/ros2_ws/build/lidarslam_msgs' returned '0': CMAKE_PREFIX_PATH=${CMAKE_PREFIX_PATH}:/opt/ros/jazzy DEBUGINFOD_URLS=https://debuginfod.ubuntu.com /usr/bin/cmake --build /home/supawit/terminal_Allergy_project/ros2_ws/build/lidarslam_msgs -- -j10 -l10
[8.558s] Invoking command in '/home/supawit/terminal_Allergy_project/ros2_ws/build/lidarslam_msgs': CMAKE_PREFIX_PATH=${CMAKE_PREFIX_PATH}:/opt/ros/jazzy DEBUGINFOD_URLS=https://debuginfod.ubuntu.com /usr/bin/cmake --install /home/supawit/terminal_Allergy_project/ros2_ws/build/lidarslam_msgs
[8.572s] -- Install configuration: ""
[8.573s] -- Execute custom install script
[8.573s] -- Symlinking: /home/supawit/terminal_Allergy_project/ros2_ws/install/lidarslam_msgs/share/ament_index/resource_index/rosidl_interfaces/lidarslam_msgs
[8.587s] -- Symlinking: /home/supawit/terminal_Allergy_project/ros2_ws/install/lidarslam_msgs/share/lidarslam_msgs/msg/SubMap.json
[8.600s] -- Symlinking: /home/supawit/terminal_Allergy_project/ros2_ws/install/lidarslam_msgs/share/lidarslam_msgs/msg/MapArray.json
[8.617s] -- Symlinking: /home/supawit/terminal_Allergy_project/ros2_ws/install/lidarslam_msgs/include/lidarslam_msgs/lidarslam_msgs/msg/detail/map_array__functions.h
[8.632s] -- Symlinking: /home/supawit/terminal_Allergy_project/ros2_ws/install/lidarslam_msgs/include/lidarslam_msgs/lidarslam_msgs/msg/detail/map_array__struct.h
[8.644s] -- Symlinking: /home/supawit/terminal_Allergy_project/ros2_ws/install/lidarslam_msgs/include/lidarslam_msgs/lidarslam_msgs/msg/detail/map_array__type_support.h
[8.665s] -- Symlinking: /home/supawit/terminal_Allergy_project/ros2_ws/install/lidarslam_msgs/include/lidarslam_msgs/lidarslam_msgs/msg/detail/sub_map__functions.h
[8.672s] -- Symlinking: /home/supawit/terminal_Allergy_project/ros2_ws/install/lidarslam_msgs/include/lidarslam_msgs/lidarslam_msgs/msg/detail/sub_map__struct.h
[8.685s] -- Symlinking: /home/supawit/terminal_Allergy_project/ros2_ws/install/lidarslam_msgs/include/lidarslam_msgs/lidarslam_msgs/msg/detail/sub_map__type_support.h
[8.703s] -- Symlinking: /home/supawit/terminal_Allergy_project/ros2_ws/install/lidarslam_msgs/include/lidarslam_msgs/lidarslam_msgs/msg/map_array.h
[8.711s] -- Symlinking: /home/supawit/terminal_Allergy_project/ros2_ws/install/lidarslam_msgs/include/lidarslam_msgs/lidarslam_msgs/msg/rosidl_generator_c__visibility_control.h
[8.720s] -- Symlinking: /home/supawit/terminal_Allergy_project/ros2_ws/install/lidarslam_msgs/include/lidarslam_msgs/lidarslam_msgs/msg/sub_map.h
[8.729s] -- Symlinking: /home/supawit/terminal_Allergy_project/ros2_ws/install/lidarslam_msgs/share/lidarslam_msgs/environment/library_path.sh
[8.742s] -- Symlinking: /home/supawit/terminal_Allergy_project/ros2_ws/install/lidarslam_msgs/share/lidarslam_msgs/environment/library_path.dsv
[8.752s] -- Symlinking: /home/supawit/terminal_Allergy_project/ros2_ws/install/lidarslam_msgs/include/lidarslam_msgs/lidarslam_msgs/msg/detail/map_array__rosidl_typesupport_fastrtps_c.h
[8.764s] -- Symlinking: /home/supawit/terminal_Allergy_project/ros2_ws/install/lidarslam_msgs/include/lidarslam_msgs/lidarslam_msgs/msg/detail/sub_map__rosidl_typesupport_fastrtps_c.h
[8.777s] -- Symlinking: /home/supawit/terminal_Allergy_project/ros2_ws/install/lidarslam_msgs/include/lidarslam_msgs/lidarslam_msgs/msg/rosidl_typesupport_fastrtps_c__visibility_control.h
[8.787s] -- Symlinking: /home/supawit/terminal_Allergy_project/ros2_ws/install/lidarslam_msgs/include/lidarslam_msgs/lidarslam_msgs/msg/detail/map_array__rosidl_typesupport_introspection_c.h
[8.798s] -- Symlinking: /home/supawit/terminal_Allergy_project/ros2_ws/install/lidarslam_msgs/include/lidarslam_msgs/lidarslam_msgs/msg/detail/sub_map__rosidl_typesupport_introspection_c.h
[8.812s] -- Symlinking: /home/supawit/terminal_Allergy_project/ros2_ws/install/lidarslam_msgs/include/lidarslam_msgs/lidarslam_msgs/msg/rosidl_typesupport_introspection_c__visibility_control.h
[8.829s] -- Symlinking: /home/supawit/terminal_Allergy_project/ros2_ws/install/lidarslam_msgs/include/lidarslam_msgs/lidarslam_msgs/msg/detail/map_array__builder.hpp
[8.838s] -- Symlinking: /home/supawit/terminal_Allergy_project/ros2_ws/install/lidarslam_msgs/include/lidarslam_msgs/lidarslam_msgs/msg/detail/map_array__struct.hpp
[8.850s] -- Symlinking: /home/supawit/terminal_Allergy_project/ros2_ws/install/lidarslam_msgs/include/lidarslam_msgs/lidarslam_msgs/msg/detail/map_array__traits.hpp
[8.868s] -- Symlinking: /home/supawit/terminal_Allergy_project/ros2_ws/install/lidarslam_msgs/include/lidarslam_msgs/lidarslam_msgs/msg/detail/map_array__type_support.hpp
[8.880s] -- Symlinking: /home/supawit/terminal_Allergy_project/ros2_ws/install/lidarslam_msgs/include/lidarslam_msgs/lidarslam_msgs/msg/detail/sub_map__builder.hpp
[8.890s] -- Symlinking: /home/supawit/terminal_Allergy_project/ros2_ws/install/lidarslam_msgs/include/lidarslam_msgs/lidarslam_msgs/msg/detail/sub_map__struct.hpp
[8.903s] -- Symlinking: /home/supawit/terminal_Allergy_project/ros2_ws/install/lidarslam_msgs/include/lidarslam_msgs/lidarslam_msgs/msg/detail/sub_map__traits.hpp
[8.915s] -- Symlinking: /home/supawit/terminal_Allergy_project/ros2_ws/install/lidarslam_msgs/include/lidarslam_msgs/lidarslam_msgs/msg/detail/sub_map__type_support.hpp
[8.925s] -- Symlinking: /home/supawit/terminal_Allergy_project/ros2_ws/install/lidarslam_msgs/include/lidarslam_msgs/lidarslam_msgs/msg/map_array.hpp
[8.934s] -- Symlinking: /home/supawit/terminal_Allergy_project/ros2_ws/install/lidarslam_msgs/include/lidarslam_msgs/lidarslam_msgs/msg/rosidl_generator_cpp__visibility_control.hpp
[8.948s] -- Symlinking: /home/supawit/terminal_Allergy_project/ros2_ws/install/lidarslam_msgs/include/lidarslam_msgs/lidarslam_msgs/msg/sub_map.hpp
[8.964s] -- Symlinking: /home/supawit/terminal_Allergy_project/ros2_ws/install/lidarslam_msgs/include/lidarslam_msgs/lidarslam_msgs/msg/detail/map_array__rosidl_typesupport_fastrtps_cpp.hpp
[8.982s] -- Symlinking: /home/supawit/terminal_Allergy_project/ros2_ws/install/lidarslam_msgs/include/lidarslam_msgs/lidarslam_msgs/msg/detail/sub_map__rosidl_typesupport_fastrtps_cpp.hpp
[8.994s] -- Symlinking: /home/supawit/terminal_Allergy_project/ros2_ws/install/lidarslam_msgs/include/lidarslam_msgs/lidarslam_msgs/msg/rosidl_typesupport_fastrtps_cpp__visibility_control.h
[9.003s] -- Symlinking: /home/supawit/terminal_Allergy_project/ros2_ws/install/lidarslam_msgs/include/lidarslam_msgs/lidarslam_msgs/msg/detail/map_array__rosidl_typesupport_introspection_cpp.hpp
[9.019s] -- Symlinking: /home/supawit/terminal_Allergy_project/ros2_ws/install/lidarslam_msgs/include/lidarslam_msgs/lidarslam_msgs/msg/detail/sub_map__rosidl_typesupport_introspection_cpp.hpp
[9.026s] -- Symlinking: /home/supawit/terminal_Allergy_project/ros2_ws/install/lidarslam_msgs/share/lidarslam_msgs/environment/pythonpath.sh
[9.037s] -- Symlinking: /home/supawit/terminal_Allergy_project/ros2_ws/install/lidarslam_msgs/share/lidarslam_msgs/environment/pythonpath.dsv
[9.046s] -- Symlinking: /home/supawit/terminal_Allergy_project/ros2_ws/install/lidarslam_msgs/lib/python3.12/site-packages/lidarslam_msgs-0.0.0-py3.12.egg-info/PKG-INFO
[9.057s] -- Symlinking: /home/supawit/terminal_Allergy_project/ros2_ws/install/lidarslam_msgs/lib/python3.12/site-packages/lidarslam_msgs-0.0.0-py3.12.egg-info/SOURCES.txt
[9.068s] -- Symlinking: /home/supawit/terminal_Allergy_project/ros2_ws/install/lidarslam_msgs/lib/python3.12/site-packages/lidarslam_msgs-0.0.0-py3.12.egg-info/dependency_links.txt
[9.078s] -- Symlinking: /home/supawit/terminal_Allergy_project/ros2_ws/install/lidarslam_msgs/lib/python3.12/site-packages/lidarslam_msgs-0.0.0-py3.12.egg-info/top_level.txt
[9.086s] -- Symlinking: /home/supawit/terminal_Allergy_project/ros2_ws/install/lidarslam_msgs/lib/python3.12/site-packages/lidarslam_msgs/__init__.py
[9.103s] -- Symlinking: /home/supawit/terminal_Allergy_project/ros2_ws/install/lidarslam_msgs/lib/python3.12/site-packages/lidarslam_msgs/_lidarslam_msgs_s.ep.rosidl_typesupport_c.c
[9.114s] -- Symlinking: /home/supawit/terminal_Allergy_project/ros2_ws/install/lidarslam_msgs/lib/python3.12/site-packages/lidarslam_msgs/_lidarslam_msgs_s.ep.rosidl_typesupport_fastrtps_c.c
[9.124s] -- Symlinking: /home/supawit/terminal_Allergy_project/ros2_ws/install/lidarslam_msgs/lib/python3.12/site-packages/lidarslam_msgs/_lidarslam_msgs_s.ep.rosidl_typesupport_introspection_c.c
[9.140s] -- Symlinking: /home/supawit/terminal_Allergy_project/ros2_ws/install/lidarslam_msgs/lib/python3.12/site-packages/lidarslam_msgs/lidarslam_msgs_s__rosidl_typesupport_c.so
[9.147s] -- Symlinking: /home/supawit/terminal_Allergy_project/ros2_ws/install/lidarslam_msgs/lib/python3.12/site-packages/lidarslam_msgs/lidarslam_msgs_s__rosidl_typesupport_fastrtps_c.so
[9.157s] -- Symlinking: /home/supawit/terminal_Allergy_project/ros2_ws/install/lidarslam_msgs/lib/python3.12/site-packages/lidarslam_msgs/lidarslam_msgs_s__rosidl_typesupport_introspection_c.so
[9.167s] -- Symlinking: /home/supawit/terminal_Allergy_project/ros2_ws/install/lidarslam_msgs/lib/python3.12/site-packages/lidarslam_msgs/msg/__init__.py
[9.178s] -- Symlinking: /home/supawit/terminal_Allergy_project/ros2_ws/install/lidarslam_msgs/lib/python3.12/site-packages/lidarslam_msgs/msg/_map_array.py
[9.195s] -- Symlinking: /home/supawit/terminal_Allergy_project/ros2_ws/install/lidarslam_msgs/lib/python3.12/site-packages/lidarslam_msgs/msg/_map_array_s.c
[9.207s] -- Symlinking: /home/supawit/terminal_Allergy_project/ros2_ws/install/lidarslam_msgs/lib/python3.12/site-packages/lidarslam_msgs/msg/_sub_map.py
[9.220s] -- Symlinking: /home/supawit/terminal_Allergy_project/ros2_ws/install/lidarslam_msgs/lib/python3.12/site-packages/lidarslam_msgs/msg/_sub_map_s.c
[9.233s] -- Up-to-date symlink: /home/supawit/terminal_Allergy_project/ros2_ws/install/lidarslam_msgs/lib/python3.12/site-packages/lidarslam_msgs/lidarslam_msgs_s__rosidl_typesupport_fastrtps_c.so
[9.233s] -- Up-to-date symlink: /home/supawit/terminal_Allergy_project/ros2_ws/install/lidarslam_msgs/lib/python3.12/site-packages/lidarslam_msgs/lidarslam_msgs_s__rosidl_typesupport_introspection_c.so
[9.233s] -- Up-to-date symlink: /home/supawit/terminal_Allergy_project/ros2_ws/install/lidarslam_msgs/lib/python3.12/site-packages/lidarslam_msgs/lidarslam_msgs_s__rosidl_typesupport_c.so
[9.234s] -- Symlinking: /home/supawit/terminal_Allergy_project/ros2_ws/install/lidarslam_msgs/share/lidarslam_msgs/msg/SubMap.idl
[9.245s] -- Symlinking: /home/supawit/terminal_Allergy_project/ros2_ws/install/lidarslam_msgs/share/lidarslam_msgs/msg/MapArray.idl
[9.258s] -- Symlinking: /home/supawit/terminal_Allergy_project/ros2_ws/install/lidarslam_msgs/share/lidarslam_msgs/msg/SubMap.msg
[9.267s] -- Symlinking: /home/supawit/terminal_Allergy_project/ros2_ws/install/lidarslam_msgs/share/lidarslam_msgs/msg/MapArray.msg
[9.277s] -- Symlinking: /home/supawit/terminal_Allergy_project/ros2_ws/install/lidarslam_msgs/share/ament_index/resource_index/package_run_dependencies/lidarslam_msgs
[9.286s] -- Symlinking: /home/supawit/terminal_Allergy_project/ros2_ws/install/lidarslam_msgs/share/ament_index/resource_index/parent_prefix_path/lidarslam_msgs
[9.295s] -- Symlinking: /home/supawit/terminal_Allergy_project/ros2_ws/install/lidarslam_msgs/share/lidarslam_msgs/environment/ament_prefix_path.sh
[9.307s] -- Symlinking: /home/supawit/terminal_Allergy_project/ros2_ws/install/lidarslam_msgs/share/lidarslam_msgs/environment/ament_prefix_path.dsv
[9.319s] -- Symlinking: /home/supawit/terminal_Allergy_project/ros2_ws/install/lidarslam_msgs/share/lidarslam_msgs/environment/path.sh
[9.332s] -- Symlinking: /home/supawit/terminal_Allergy_project/ros2_ws/install/lidarslam_msgs/share/lidarslam_msgs/environment/path.dsv
[9.344s] -- Symlinking: /home/supawit/terminal_Allergy_project/ros2_ws/install/lidarslam_msgs/share/lidarslam_msgs/local_setup.bash
[9.354s] -- Symlinking: /home/supawit/terminal_Allergy_project/ros2_ws/install/lidarslam_msgs/share/lidarslam_msgs/local_setup.sh
[9.371s] -- Symlinking: /home/supawit/terminal_Allergy_project/ros2_ws/install/lidarslam_msgs/share/lidarslam_msgs/local_setup.zsh
[9.380s] -- Symlinking: /home/supawit/terminal_Allergy_project/ros2_ws/install/lidarslam_msgs/share/lidarslam_msgs/local_setup.dsv
[9.392s] -- Symlinking: /home/supawit/terminal_Allergy_project/ros2_ws/install/lidarslam_msgs/share/lidarslam_msgs/package.dsv
[9.402s] -- Symlinking: /home/supawit/terminal_Allergy_project/ros2_ws/install/lidarslam_msgs/share/ament_index/resource_index/packages/lidarslam_msgs
[9.410s] -- Symlinking: /home/supawit/terminal_Allergy_project/ros2_ws/install/lidarslam_msgs/share/lidarslam_msgs/cmake/rosidl_cmake-extras.cmake
[9.423s] -- Symlinking: /home/supawit/terminal_Allergy_project/ros2_ws/install/lidarslam_msgs/share/lidarslam_msgs/cmake/ament_cmake_export_dependencies-extras.cmake
[9.428s] -- Symlinking: /home/supawit/terminal_Allergy_project/ros2_ws/install/lidarslam_msgs/share/lidarslam_msgs/cmake/ament_cmake_export_include_directories-extras.cmake
[9.435s] -- Symlinking: /home/supawit/terminal_Allergy_project/ros2_ws/install/lidarslam_msgs/share/lidarslam_msgs/cmake/ament_cmake_export_libraries-extras.cmake
[9.446s] -- Symlinking: /home/supawit/terminal_Allergy_project/ros2_ws/install/lidarslam_msgs/share/lidarslam_msgs/cmake/ament_cmake_export_targets-extras.cmake
[9.456s] -- Symlinking: /home/supawit/terminal_Allergy_project/ros2_ws/install/lidarslam_msgs/share/lidarslam_msgs/cmake/rosidl_cmake_export_typesupport_targets-extras.cmake
[9.464s] -- Symlinking: /home/supawit/terminal_Allergy_project/ros2_ws/install/lidarslam_msgs/share/lidarslam_msgs/cmake/rosidl_cmake_export_typesupport_libraries-extras.cmake
[9.472s] -- Symlinking: /home/supawit/terminal_Allergy_project/ros2_ws/install/lidarslam_msgs/share/lidarslam_msgs/cmake/lidarslam_msgsConfig.cmake
[9.484s] -- Symlinking: /home/supawit/terminal_Allergy_project/ros2_ws/install/lidarslam_msgs/share/lidarslam_msgs/cmake/lidarslam_msgsConfig-version.cmake
[9.505s] -- Symlinking: /home/supawit/terminal_Allergy_project/ros2_ws/install/lidarslam_msgs/share/lidarslam_msgs/package.xml
[9.513s] -- Installing: /home/supawit/terminal_Allergy_project/ros2_ws/install/lidarslam_msgs/lib/liblidarslam_msgs__rosidl_generator_c.so
[9.514s] -- Set non-toolchain portion of runtime path of "/home/supawit/terminal_Allergy_project/ros2_ws/install/lidarslam_msgs/lib/liblidarslam_msgs__rosidl_generator_c.so" to ""
[9.514s] -- Installing: /home/supawit/terminal_Allergy_project/ros2_ws/install/lidarslam_msgs/lib/liblidarslam_msgs__rosidl_typesupport_fastrtps_c.so
[9.514s] -- Set non-toolchain portion of runtime path of "/home/supawit/terminal_Allergy_project/ros2_ws/install/lidarslam_msgs/lib/liblidarslam_msgs__rosidl_typesupport_fastrtps_c.so" to ""
[9.514s] -- Installing: /home/supawit/terminal_Allergy_project/ros2_ws/install/lidarslam_msgs/lib/liblidarslam_msgs__rosidl_typesupport_introspection_c.so
[9.516s] -- Set non-toolchain portion of runtime path of "/home/supawit/terminal_Allergy_project/ros2_ws/install/lidarslam_msgs/lib/liblidarslam_msgs__rosidl_typesupport_introspection_c.so" to ""
[9.517s] -- Installing: /home/supawit/terminal_Allergy_project/ros2_ws/install/lidarslam_msgs/lib/liblidarslam_msgs__rosidl_typesupport_c.so
[9.517s] -- Set non-toolchain portion of runtime path of "/home/supawit/terminal_Allergy_project/ros2_ws/install/lidarslam_msgs/lib/liblidarslam_msgs__rosidl_typesupport_c.so" to ""
[9.517s] -- Installing: /home/supawit/terminal_Allergy_project/ros2_ws/install/lidarslam_msgs/lib/liblidarslam_msgs__rosidl_typesupport_fastrtps_cpp.so
[9.517s] -- Set non-toolchain portion of runtime path of "/home/supawit/terminal_Allergy_project/ros2_ws/install/lidarslam_msgs/lib/liblidarslam_msgs__rosidl_typesupport_fastrtps_cpp.so" to ""
[9.517s] -- Installing: /home/supawit/terminal_Allergy_project/ros2_ws/install/lidarslam_msgs/lib/liblidarslam_msgs__rosidl_typesupport_introspection_cpp.so
[9.517s] -- Set non-toolchain portion of runtime path of "/home/supawit/terminal_Allergy_project/ros2_ws/install/lidarslam_msgs/lib/liblidarslam_msgs__rosidl_typesupport_introspection_cpp.so" to ""
[9.517s] -- Installing: /home/supawit/terminal_Allergy_project/ros2_ws/install/lidarslam_msgs/lib/liblidarslam_msgs__rosidl_typesupport_cpp.so
[9.518s] -- Set non-toolchain portion of runtime path of "/home/supawit/terminal_Allergy_project/ros2_ws/install/lidarslam_msgs/lib/liblidarslam_msgs__rosidl_typesupport_cpp.so" to ""
[9.572s] Listing '/home/supawit/terminal_Allergy_project/ros2_ws/install/lidarslam_msgs/lib/python3.12/site-packages/lidarslam_msgs'...
[9.572s] Compiling '/home/supawit/terminal_Allergy_project/ros2_ws/install/lidarslam_msgs/lib/python3.12/site-packages/lidarslam_msgs/__init__.py'...
[9.572s] Listing '/home/supawit/terminal_Allergy_project/ros2_ws/install/lidarslam_msgs/lib/python3.12/site-packages/lidarslam_msgs/msg'...
[9.572s] Compiling '/home/supawit/terminal_Allergy_project/ros2_ws/install/lidarslam_msgs/lib/python3.12/site-packages/lidarslam_msgs/msg/__init__.py'...
[9.572s] Compiling '/home/supawit/terminal_Allergy_project/ros2_ws/install/lidarslam_msgs/lib/python3.12/site-packages/lidarslam_msgs/msg/_map_array.py'...
[9.573s] Compiling '/home/supawit/terminal_Allergy_project/ros2_ws/install/lidarslam_msgs/lib/python3.12/site-packages/lidarslam_msgs/msg/_sub_map.py'...
[9.589s] -- Installing: /home/supawit/terminal_Allergy_project/ros2_ws/install/lidarslam_msgs/lib/liblidarslam_msgs__rosidl_generator_py.so
[9.590s] -- Set non-toolchain portion of runtime path of "/home/supawit/terminal_Allergy_project/ros2_ws/install/lidarslam_msgs/lib/liblidarslam_msgs__rosidl_generator_py.so" to ""
[9.593s] -- Installing: /home/supawit/terminal_Allergy_project/ros2_ws/install/lidarslam_msgs/share/lidarslam_msgs/cmake/export_lidarslam_msgs__rosidl_generator_cExport.cmake
[9.593s] -- Installing: /home/supawit/terminal_Allergy_project/ros2_ws/install/lidarslam_msgs/share/lidarslam_msgs/cmake/export_lidarslam_msgs__rosidl_generator_cExport-noconfig.cmake
[9.593s] -- Installing: /home/supawit/terminal_Allergy_project/ros2_ws/install/lidarslam_msgs/share/lidarslam_msgs/cmake/export_lidarslam_msgs__rosidl_typesupport_fastrtps_cExport.cmake
[9.594s] -- Installing: /home/supawit/terminal_Allergy_project/ros2_ws/install/lidarslam_msgs/share/lidarslam_msgs/cmake/export_lidarslam_msgs__rosidl_typesupport_fastrtps_cExport-noconfig.cmake
[9.594s] -- Installing: /home/supawit/terminal_Allergy_project/ros2_ws/install/lidarslam_msgs/share/lidarslam_msgs/cmake/lidarslam_msgs__rosidl_typesupport_introspection_cExport.cmake
[9.594s] -- Installing: /home/supawit/terminal_Allergy_project/ros2_ws/install/lidarslam_msgs/share/lidarslam_msgs/cmake/lidarslam_msgs__rosidl_typesupport_introspection_cExport-noconfig.cmake
[9.595s] -- Installing: /home/supawit/terminal_Allergy_project/ros2_ws/install/lidarslam_msgs/share/lidarslam_msgs/cmake/lidarslam_msgs__rosidl_typesupport_cExport.cmake
[9.595s] -- Installing: /home/supawit/terminal_Allergy_project/ros2_ws/install/lidarslam_msgs/share/lidarslam_msgs/cmake/lidarslam_msgs__rosidl_typesupport_cExport-noconfig.cmake
[9.595s] -- Installing: /home/supawit/terminal_Allergy_project/ros2_ws/install/lidarslam_msgs/share/lidarslam_msgs/cmake/export_lidarslam_msgs__rosidl_generator_cppExport.cmake
[9.596s] -- Installing: /home/supawit/terminal_Allergy_project/ros2_ws/install/lidarslam_msgs/share/lidarslam_msgs/cmake/export_lidarslam_msgs__rosidl_typesupport_fastrtps_cppExport.cmake
[9.596s] -- Installing: /home/supawit/terminal_Allergy_project/ros2_ws/install/lidarslam_msgs/share/lidarslam_msgs/cmake/export_lidarslam_msgs__rosidl_typesupport_fastrtps_cppExport-noconfig.cmake
[9.596s] -- Installing: /home/supawit/terminal_Allergy_project/ros2_ws/install/lidarslam_msgs/share/lidarslam_msgs/cmake/lidarslam_msgs__rosidl_typesupport_introspection_cppExport.cmake
[9.597s] -- Installing: /home/supawit/terminal_Allergy_project/ros2_ws/install/lidarslam_msgs/share/lidarslam_msgs/cmake/lidarslam_msgs__rosidl_typesupport_introspection_cppExport-noconfig.cmake
[9.597s] -- Installing: /home/supawit/terminal_Allergy_project/ros2_ws/install/lidarslam_msgs/share/lidarslam_msgs/cmake/lidarslam_msgs__rosidl_typesupport_cppExport.cmake
[9.597s] -- Installing: /home/supawit/terminal_Allergy_project/ros2_ws/install/lidarslam_msgs/share/lidarslam_msgs/cmake/lidarslam_msgs__rosidl_typesupport_cppExport-noconfig.cmake
[9.597s] -- Installing: /home/supawit/terminal_Allergy_project/ros2_ws/install/lidarslam_msgs/share/lidarslam_msgs/cmake/export_lidarslam_msgs__rosidl_generator_pyExport.cmake
[9.598s] -- Installing: /home/supawit/terminal_Allergy_project/ros2_ws/install/lidarslam_msgs/share/lidarslam_msgs/cmake/export_lidarslam_msgs__rosidl_generator_pyExport-noconfig.cmake
[9.604s] Invoked command in '/home/supawit/terminal_Allergy_project/ros2_ws/build/lidarslam_msgs' returned '0': CMAKE_PREFIX_PATH=${CMAKE_PREFIX_PATH}:/opt/ros/jazzy DEBUGINFOD_URLS=https://debuginfod.ubuntu.com /usr/bin/cmake --install /home/supawit/terminal_Allergy_project/ros2_ws/build/lidarslam_msgs
