[0.011s] Invoking command in '/home/supawit/terminal_Allergy_project/ros2_ws/build/lidarslam': AMENT_PREFIX_PATH=/home/supawit/terminal_Allergy_project/ros2_ws/install/scanmatcher:/home/supawit/terminal_Allergy_project/ros2_ws/install/graph_based_slam:/home/supawit/terminal_Allergy_project/ros2_ws/install/ndt_omp_ros2:/home/supawit/terminal_Allergy_project/ros2_ws/install/lidarslam_msgs:${AMENT_PREFIX_PATH} CMAKE_PREFIX_PATH=/home/supawit/terminal_Allergy_project/ros2_ws/install/scanmatcher:/home/supawit/terminal_Allergy_project/ros2_ws/install/graph_based_slam:/home/supawit/terminal_Allergy_project/ros2_ws/install/ndt_omp_ros2:/home/supawit/terminal_Allergy_project/ros2_ws/install/lidarslam_msgs:/opt/ros/jazzy/opt/gz_sim_vendor:/opt/ros/jazzy/opt/gz_sensors_vendor:/opt/ros/jazzy/opt/gz_physics_vendor:/opt/ros/jazzy/opt/sdformat_vendor:/opt/ros/jazzy/opt/gz_gui_vendor:/opt/ros/jazzy/opt/gz_transport_vendor:/opt/ros/jazzy/opt/gz_rendering_vendor:/opt/ros/jazzy/opt/gz_plugin_vendor:/opt/ros/jazzy/opt/gz_fuel_tools_vendor:/opt/ros/jazzy/opt/gz_msgs_vendor:/opt/ros/jazzy/opt/gz_common_vendor:/opt/ros/jazzy/opt/gz_math_vendor:/opt/ros/jazzy/opt/gz_utils_vendor:/opt/ros/jazzy/opt/gz_tools_vendor:/opt/ros/jazzy/opt/gz_ogre_next_vendor:/opt/ros/jazzy/opt/gz_dartsim_vendor:/opt/ros/jazzy/opt/gz_cmake_vendor:/opt/ros/jazzy DEBUGINFOD_URLS=https://debuginfod.ubuntu.com LD_LIBRARY_PATH=/home/supawit/terminal_Allergy_project/ros2_ws/install/scanmatcher/lib:/home/supawit/terminal_Allergy_project/ros2_ws/install/graph_based_slam/lib:/home/supawit/terminal_Allergy_project/ros2_ws/install/lidarslam_msgs/lib:${LD_LIBRARY_PATH} PATH=/home/supawit/terminal_Allergy_project/ros2_ws/install/ndt_omp_ros2/bin:${PATH} PYTHONPATH=/home/supawit/terminal_Allergy_project/ros2_ws/install/lidarslam_msgs/lib/python3.12/site-packages:${PYTHONPATH} /usr/bin/cmake /home/supawit/terminal_Allergy_project/ros2_ws/src/lidarslam_ros2/lidarslam -DAMENT_CMAKE_SYMLINK_INSTALL=1 -DCMAKE_INSTALL_PREFIX=/home/supawit/terminal_Allergy_project/ros2_ws/install/lidarslam
[0.051s] -- The C compiler identification is GNU 13.3.0
[0.090s] -- The CXX compiler identification is GNU 13.3.0
[0.101s] -- Detecting C compiler ABI info
[0.165s] -- Detecting C compiler ABI info - done
[0.171s] -- Check for working C compiler: /usr/bin/cc - skipped
[0.171s] -- Detecting C compile features
[0.172s] -- Detecting C compile features - done
[0.179s] -- Detecting CXX compiler ABI info
[0.249s] -- Detecting CXX compiler ABI info - done
[0.257s] -- Check for working CXX compiler: /usr/bin/c++ - skipped
[0.257s] -- Detecting CXX compile features
[0.258s] -- Detecting CXX compile features - done
[0.261s] -- Found ament_cmake: 2.5.4 (/opt/ros/jazzy/share/ament_cmake/cmake)
[0.377s] -- Found Python3: /usr/bin/python3 (found version "3.12.3") found components: Interpreter 
[0.435s] -- Override CMake install command with custom implementation using symlinks instead of copying resources
[0.478s] -- Found rclcpp: 28.1.13 (/opt/ros/jazzy/share/rclcpp/cmake)
[0.522s] -- Found rosidl_generator_c: 4.6.6 (/opt/ros/jazzy/share/rosidl_generator_c/cmake)
[0.536s] -- Found rosidl_generator_cpp: 4.6.6 (/opt/ros/jazzy/share/rosidl_generator_cpp/cmake)
[0.554s] -- Using all available rosidl_typesupport_c: rosidl_typesupport_fastrtps_c;rosidl_typesupport_introspection_c
[0.572s] -- Using all available rosidl_typesupport_cpp: rosidl_typesupport_fastrtps_cpp;rosidl_typesupport_introspection_cpp
[0.647s] -- Found rmw_implementation_cmake: 7.3.2 (/opt/ros/jazzy/share/rmw_implementation_cmake/cmake)
[0.651s] -- Found rmw_cyclonedds_cpp: 2.2.3 (/opt/ros/jazzy/share/rmw_cyclonedds_cpp/cmake)
[0.679s] -- Using RMW implementation 'rmw_cyclonedds_cpp' as default
[0.737s] -- Found scanmatcher: 0.0.0 (/home/supawit/terminal_Allergy_project/ros2_ws/install/scanmatcher/share/scanmatcher/cmake)
[0.909s] -- Found eigen3_cmake_module: 0.3.0 (/opt/ros/jazzy/share/eigen3_cmake_module/cmake)
[0.910s] -- Found Eigen3: TRUE (found version "3.4.0") 
[0.910s] -- Ensuring Eigen3 include directory is part of orocos-kdl CMake target
[1.009s] [33mCMake Warning (dev) at /usr/lib/x86_64-linux-gnu/cmake/pcl/Modules/FindFLANN.cmake:45 (find_package):
[1.009s]   Policy CMP0144 is not set: find_package uses upper-case <PACKAGENAME>_ROOT
[1.009s]   variables.  Run "cmake --help-policy CMP0144" for policy details.  Use the
[1.009s]   cmake_policy command to set the policy and suppress this warning.
[1.009s] 
[1.010s]   CMake variable FLANN_ROOT is set to:
[1.010s] 
[1.010s]     /usr
[1.010s] 
[1.010s]   For compatibility, find_package is ignoring the variable, but code in a
[1.010s]   .cmake module might still use it.
[1.010s] Call Stack (most recent call first):
[1.010s]   /usr/lib/x86_64-linux-gnu/cmake/pcl/PCLConfig.cmake:261 (find_package)
[1.010s]   /usr/lib/x86_64-linux-gnu/cmake/pcl/PCLConfig.cmake:306 (find_flann)
[1.010s]   /usr/lib/x86_64-linux-gnu/cmake/pcl/PCLConfig.cmake:570 (find_external_library)
[1.010s]   /opt/ros/jazzy/share/pcl_conversions/cmake/ament_cmake_export_dependencies-extras.cmake:21 (find_package)
[1.010s]   /opt/ros/jazzy/share/pcl_conversions/cmake/pcl_conversionsConfig.cmake:41 (include)
[1.010s]   /home/supawit/terminal_Allergy_project/ros2_ws/install/scanmatcher/share/scanmatcher/cmake/ament_cmake_export_dependencies-extras.cmake:21 (find_package)
[1.010s]   /home/supawit/terminal_Allergy_project/ros2_ws/install/scanmatcher/share/scanmatcher/cmake/scanmatcherConfig.cmake:41 (include)
[1.010s]   CMakeLists.txt:22 (find_package)
[1.010s] This warning is for project developers.  Use -Wno-dev to suppress it.
[1.010s] [0m
[1.010s] -- Found flann version 1.9.2
[1.244s] -- Found OpenMP_CXX: -fopenmp (found version "4.5") 
[1.244s] -- Found OpenMP: TRUE (found version "4.5") found components: CXX 
[2.189s] -- Checking for module 'libusb-1.0'
[2.199s] --   Found libusb-1.0, version 1.0.27
[2.224s] -- Found libusb: /usr/lib/x86_64-linux-gnu/libusb-1.0.so  
[2.225s] -- OpenNI found (version: 1.5.4.0, include: /usr/include/ni, lib: /usr/lib/libOpenNI.so;libusb::libusb)
[2.265s] -- OpenNI2 found (version: 2.2.0.33, include: /usr/include/openni2, lib: /usr/lib/x86_64-linux-gnu/libOpenNI2.so;libusb::libusb)
[2.267s] -- Found Pcap: /usr/lib/x86_64-linux-gnu/libpcap.so  
[2.278s] -- Found ZLIB: /usr/lib/x86_64-linux-gnu/libz.so (found version "1.3")  
[2.293s] -- Found PNG: /usr/lib/x86_64-linux-gnu/libpng.so (found version "1.6.43") 
[2.627s] -- OpenNI found (version: 1.5.4.0, include: /usr/include/ni, lib: /usr/lib/libOpenNI.so;libusb::libusb)
[2.631s] -- OpenNI2 found (version: 2.2.0.33, include: /usr/include/openni2, lib: /usr/lib/x86_64-linux-gnu/libOpenNI2.so;libusb::libusb)
[2.952s] -- Found Qhull version 8.0.2
[3.284s] -- OpenNI found (version: 1.5.4.0, include: /usr/include/ni, lib: /usr/lib/libOpenNI.so;libusb::libusb)
[3.605s] -- Found PCL_COMMON: /usr/lib/x86_64-linux-gnu/libpcl_common.so  
[3.606s] -- Found PCL_KDTREE: /usr/lib/x86_64-linux-gnu/libpcl_kdtree.so  
[3.607s] -- Found PCL_OCTREE: /usr/lib/x86_64-linux-gnu/libpcl_octree.so  
[3.608s] -- Found PCL_SEARCH: /usr/lib/x86_64-linux-gnu/libpcl_search.so  
[3.608s] -- Found PCL_SAMPLE_CONSENSUS: /usr/lib/x86_64-linux-gnu/libpcl_sample_consensus.so  
[3.609s] -- Found PCL_FILTERS: /usr/lib/x86_64-linux-gnu/libpcl_filters.so  
[3.609s] -- Found PCL_2D: /usr/include/pcl-1.14  
[3.610s] -- Found PCL_GEOMETRY: /usr/include/pcl-1.14  
[3.611s] -- Found PCL_IO: /usr/lib/x86_64-linux-gnu/libpcl_io.so  
[3.611s] -- Found PCL_FEATURES: /usr/lib/x86_64-linux-gnu/libpcl_features.so  
[3.612s] -- Found PCL_ML: /usr/lib/x86_64-linux-gnu/libpcl_ml.so  
[3.613s] -- Found PCL_SEGMENTATION: /usr/lib/x86_64-linux-gnu/libpcl_segmentation.so  
[3.614s] -- Found PCL_VISUALIZATION: /usr/lib/x86_64-linux-gnu/libpcl_visualization.so  
[3.615s] -- Found PCL_SURFACE: /usr/lib/x86_64-linux-gnu/libpcl_surface.so  
[3.616s] -- Found PCL_REGISTRATION: /usr/lib/x86_64-linux-gnu/libpcl_registration.so  
[3.617s] -- Found PCL_KEYPOINTS: /usr/lib/x86_64-linux-gnu/libpcl_keypoints.so  
[3.617s] -- Found PCL_TRACKING: /usr/lib/x86_64-linux-gnu/libpcl_tracking.so  
[3.618s] -- Found PCL_RECOGNITION: /usr/lib/x86_64-linux-gnu/libpcl_recognition.so  
[3.619s] -- Found PCL_STEREO: /usr/lib/x86_64-linux-gnu/libpcl_stereo.so  
[3.620s] -- Found PCL_APPS: /usr/lib/x86_64-linux-gnu/libpcl_apps.so  
[3.621s] -- Found PCL_IN_HAND_SCANNER: /usr/include/pcl-1.14  
[3.621s] -- Found PCL_MODELER: /usr/include/pcl-1.14  
[3.621s] -- Found PCL_POINT_CLOUD_EDITOR: /usr/include/pcl-1.14  
[3.622s] -- Found PCL_OUTOFCORE: /usr/lib/x86_64-linux-gnu/libpcl_outofcore.so  
[3.623s] -- Found PCL_PEOPLE: /usr/lib/x86_64-linux-gnu/libpcl_people.so  
[3.680s] -- Found graph_based_slam: 0.0.0 (/home/supawit/terminal_Allergy_project/ros2_ws/install/graph_based_slam/share/graph_based_slam/cmake)
[3.684s] -- Found std_srvs: 5.3.6 (/opt/ros/jazzy/share/std_srvs/cmake)
[3.698s] [33mCMake Warning (dev) at CMakeLists.txt:33 (find_package):
[3.698s]   Policy CMP0074 is not set: find_package uses <PackageName>_ROOT variables.
[3.698s]   Run "cmake --help-policy CMP0074" for policy details.  Use the cmake_policy
[3.698s]   command to set the policy and suppress this warning.
[3.698s] 
[3.698s]   CMake variable PCL_ROOT is set to:
[3.698s] 
[3.698s]     /usr
[3.698s] 
[3.698s]   For compatibility, CMake is ignoring the variable.
[3.698s] This warning is for project developers.  Use -Wno-dev to suppress it.
[3.698s] [0m
[3.771s] -- Found OpenMP_C: -fopenmp (found version "4.5") 
[3.772s] -- Found OpenMP: TRUE (found version "4.5")  
[3.778s] [33mCMake Warning (dev) at /usr/share/cmake-3.28/Modules/FindOpenGL.cmake:381 (message):
[3.778s]   Policy CMP0072 is not set: FindOpenGL prefers GLVND by default when
[3.778s]   available.  Run "cmake --help-policy CMP0072" for policy details.  Use the
[3.778s]   cmake_policy command to set the policy and suppress this warning.
[3.778s] 
[3.778s]   FindOpenGL found both a legacy GL library:
[3.778s] 
[3.778s]     OPENGL_gl_LIBRARY: /usr/lib/x86_64-linux-gnu/libGL.so
[3.778s] 
[3.778s]   and GLVND libraries for OpenGL and GLX:
[3.778s] 
[3.778s]     OPENGL_opengl_LIBRARY: /usr/lib/x86_64-linux-gnu/libOpenGL.so
[3.778s]     OPENGL_glx_LIBRARY: /usr/lib/x86_64-linux-gnu/libGLX.so
[3.779s] 
[3.779s]   OpenGL_GL_PREFERENCE has not been set to "GLVND" or "LEGACY", so for
[3.779s]   compatibility with CMake 3.10 and below the legacy GL library will be used.
[3.779s] Call Stack (most recent call first):
[3.779s]   /usr/share/cmake-3.28/Modules/CMakeFindDependencyMacro.cmake:76 (find_package)
[3.779s]   /opt/ros/jazzy/lib/cmake/g2o/g2oConfig.cmake:6 (find_dependency)
[3.779s]   CMakeLists.txt:35 (find_package)
[3.779s] This warning is for project developers.  Use -Wno-dev to suppress it.
[3.779s] [0m
[3.779s] -- Found OpenGL: /usr/lib/x86_64-linux-gnu/libOpenGL.so   
[3.783s] -- Found ament_lint_auto: 0.17.3 (/opt/ros/jazzy/share/ament_lint_auto/cmake)
[3.909s] -- Added test 'copyright' to check source files copyright and LICENSE
[3.911s] -- Added test 'cppcheck' to perform static code analysis on C / C++ code
[3.911s] -- Configured cppcheck include dirs: /home/supawit/terminal_Allergy_project/ros2_ws/src/lidarslam_ros2/lidarslam/include
[3.911s] -- Configured cppcheck exclude dirs and/or files: 
[3.912s] -- Added test 'cpplint' to check C / C++ code against the Google style
[3.912s] -- Configured cpplint exclude dirs and/or files: 
[3.912s] -- Added test 'flake8' to check Python code syntax and style conventions
[3.912s] -- Configured 'flake8' exclude dirs and/or files: 
[3.913s] -- Added test 'lint_cmake' to check CMake code style
[3.914s] -- Added test 'pep257' to check Python code against some of the docstring style conventions in PEP 257
[3.914s] -- Added test 'uncrustify' to check C / C++ code style
[3.914s] -- Configured uncrustify additional arguments: 
[3.915s] -- Added test 'xmllint' to check XML markup files
[3.916s] -- Configuring done (3.9s)
[3.957s] -- Generating done (0.0s)
[3.962s] -- Build files have been written to: /home/supawit/terminal_Allergy_project/ros2_ws/build/lidarslam
[3.982s] Invoked command in '/home/supawit/terminal_Allergy_project/ros2_ws/build/lidarslam' returned '0': AMENT_PREFIX_PATH=/home/supawit/terminal_Allergy_project/ros2_ws/install/scanmatcher:/home/supawit/terminal_Allergy_project/ros2_ws/install/graph_based_slam:/home/supawit/terminal_Allergy_project/ros2_ws/install/ndt_omp_ros2:/home/supawit/terminal_Allergy_project/ros2_ws/install/lidarslam_msgs:${AMENT_PREFIX_PATH} CMAKE_PREFIX_PATH=/home/supawit/terminal_Allergy_project/ros2_ws/install/scanmatcher:/home/supawit/terminal_Allergy_project/ros2_ws/install/graph_based_slam:/home/supawit/terminal_Allergy_project/ros2_ws/install/ndt_omp_ros2:/home/supawit/terminal_Allergy_project/ros2_ws/install/lidarslam_msgs:/opt/ros/jazzy/opt/gz_sim_vendor:/opt/ros/jazzy/opt/gz_sensors_vendor:/opt/ros/jazzy/opt/gz_physics_vendor:/opt/ros/jazzy/opt/sdformat_vendor:/opt/ros/jazzy/opt/gz_gui_vendor:/opt/ros/jazzy/opt/gz_transport_vendor:/opt/ros/jazzy/opt/gz_rendering_vendor:/opt/ros/jazzy/opt/gz_plugin_vendor:/opt/ros/jazzy/opt/gz_fuel_tools_vendor:/opt/ros/jazzy/opt/gz_msgs_vendor:/opt/ros/jazzy/opt/gz_common_vendor:/opt/ros/jazzy/opt/gz_math_vendor:/opt/ros/jazzy/opt/gz_utils_vendor:/opt/ros/jazzy/opt/gz_tools_vendor:/opt/ros/jazzy/opt/gz_ogre_next_vendor:/opt/ros/jazzy/opt/gz_dartsim_vendor:/opt/ros/jazzy/opt/gz_cmake_vendor:/opt/ros/jazzy DEBUGINFOD_URLS=https://debuginfod.ubuntu.com LD_LIBRARY_PATH=/home/supawit/terminal_Allergy_project/ros2_ws/install/scanmatcher/lib:/home/supawit/terminal_Allergy_project/ros2_ws/install/graph_based_slam/lib:/home/supawit/terminal_Allergy_project/ros2_ws/install/lidarslam_msgs/lib:${LD_LIBRARY_PATH} PATH=/home/supawit/terminal_Allergy_project/ros2_ws/install/ndt_omp_ros2/bin:${PATH} PYTHONPATH=/home/supawit/terminal_Allergy_project/ros2_ws/install/lidarslam_msgs/lib/python3.12/site-packages:${PYTHONPATH} /usr/bin/cmake /home/supawit/terminal_Allergy_project/ros2_ws/src/lidarslam_ros2/lidarslam -DAMENT_CMAKE_SYMLINK_INSTALL=1 -DCMAKE_INSTALL_PREFIX=/home/supawit/terminal_Allergy_project/ros2_ws/install/lidarslam
[3.983s] Invoking command in '/home/supawit/terminal_Allergy_project/ros2_ws/build/lidarslam': AMENT_PREFIX_PATH=/home/supawit/terminal_Allergy_project/ros2_ws/install/scanmatcher:/home/supawit/terminal_Allergy_project/ros2_ws/install/graph_based_slam:/home/supawit/terminal_Allergy_project/ros2_ws/install/ndt_omp_ros2:/home/supawit/terminal_Allergy_project/ros2_ws/install/lidarslam_msgs:${AMENT_PREFIX_PATH} CMAKE_PREFIX_PATH=/home/supawit/terminal_Allergy_project/ros2_ws/install/scanmatcher:/home/supawit/terminal_Allergy_project/ros2_ws/install/graph_based_slam:/home/supawit/terminal_Allergy_project/ros2_ws/install/ndt_omp_ros2:/home/supawit/terminal_Allergy_project/ros2_ws/install/lidarslam_msgs:/opt/ros/jazzy/opt/gz_sim_vendor:/opt/ros/jazzy/opt/gz_sensors_vendor:/opt/ros/jazzy/opt/gz_physics_vendor:/opt/ros/jazzy/opt/sdformat_vendor:/opt/ros/jazzy/opt/gz_gui_vendor:/opt/ros/jazzy/opt/gz_transport_vendor:/opt/ros/jazzy/opt/gz_rendering_vendor:/opt/ros/jazzy/opt/gz_plugin_vendor:/opt/ros/jazzy/opt/gz_fuel_tools_vendor:/opt/ros/jazzy/opt/gz_msgs_vendor:/opt/ros/jazzy/opt/gz_common_vendor:/opt/ros/jazzy/opt/gz_math_vendor:/opt/ros/jazzy/opt/gz_utils_vendor:/opt/ros/jazzy/opt/gz_tools_vendor:/opt/ros/jazzy/opt/gz_ogre_next_vendor:/opt/ros/jazzy/opt/gz_dartsim_vendor:/opt/ros/jazzy/opt/gz_cmake_vendor:/opt/ros/jazzy DEBUGINFOD_URLS=https://debuginfod.ubuntu.com LD_LIBRARY_PATH=/home/supawit/terminal_Allergy_project/ros2_ws/install/scanmatcher/lib:/home/supawit/terminal_Allergy_project/ros2_ws/install/graph_based_slam/lib:/home/supawit/terminal_Allergy_project/ros2_ws/install/lidarslam_msgs/lib:${LD_LIBRARY_PATH} PATH=/home/supawit/terminal_Allergy_project/ros2_ws/install/ndt_omp_ros2/bin:${PATH} PYTHONPATH=/home/supawit/terminal_Allergy_project/ros2_ws/install/lidarslam_msgs/lib/python3.12/site-packages:${PYTHONPATH} /usr/bin/cmake --build /home/supawit/terminal_Allergy_project/ros2_ws/build/lidarslam -- -j10 -l10
[4.028s] [ 50%] [32mBuilding CXX object CMakeFiles/lidarslam.dir/src/lidarslam.cpp.o[0m
[9.824s] In file included from [01m[K/usr/include/boost/preprocessor/control/if.hpp:18[m[K,
[9.824s]                  from [01m[K/usr/include/boost/preprocessor/punctuation/comma_if.hpp:18[m[K,
[9.824s]                  from [01m[K/usr/include/boost/preprocessor/comma_if.hpp:15[m[K,
[9.824s]                  from [01m[K/usr/include/boost/mpl/aux_/preprocessor/params.hpp:49[m[K,
[9.824s]                  from [01m[K/usr/include/boost/mpl/aux_/na_spec.hpp:26[m[K,
[9.824s]                  from [01m[K/usr/include/boost/mpl/not.hpp:20[m[K,
[9.824s]                  from [01m[K/usr/include/boost/mpl/assert.hpp:17[m[K,
[9.824s]                  from [01m[K/usr/include/pcl-1.14/pcl/point_struct_traits.h:40[m[K,
[9.824s]                  from [01m[K/usr/include/pcl-1.14/pcl/type_traits.h:40[m[K,
[9.824s]                  from [01m[K/usr/include/pcl-1.14/pcl/memory.h:46[m[K,
[9.824s]                  from [01m[K/usr/include/pcl-1.14/pcl/impl/point_types.hpp:41[m[K,
[9.824s]                  from [01m[K/usr/include/pcl-1.14/pcl/point_types.h:354[m[K,
[9.824s]                  from [01m[K/home/supawit/terminal_Allergy_project/ros2_ws/install/scanmatcher/include/scanmatcher/lidar_undistortion.hpp:38[m[K,
[9.824s]                  from [01m[K/home/supawit/terminal_Allergy_project/ros2_ws/install/scanmatcher/include/scanmatcher/scanmatcher_component.h:60[m[K,
[9.824s]                  from [01m[K/home/supawit/terminal_Allergy_project/ros2_ws/src/lidarslam_ros2/lidarslam/src/lidarslam.cpp:1[m[K:
[9.824s] [01m[K/usr/include/pcl-1.14/pcl/filters/boost.h:46:1:[m[K [01;36m[Knote: [m[K‘[01m[K#pragma message: This header is deprecated. Please include the needed boost headers directly. (It will be removed in PCL 1.15)[m[K’
[9.824s]    46 | [01;36m[KPCL_DEPRECATED_HEADER[m[K(1, 15, "Please include the needed boost headers directly.")
[9.824s]       | [01;36m[K^~~~~~~~~~~~~~~~~~~~~[m[K
[18.308s] [100%] [32m[1mLinking CXX executable lidarslam[0m
[18.952s] [100%] Built target lidarslam
[18.961s] Invoked command in '/home/supawit/terminal_Allergy_project/ros2_ws/build/lidarslam' returned '0': AMENT_PREFIX_PATH=/home/supawit/terminal_Allergy_project/ros2_ws/install/scanmatcher:/home/supawit/terminal_Allergy_project/ros2_ws/install/graph_based_slam:/home/supawit/terminal_Allergy_project/ros2_ws/install/ndt_omp_ros2:/home/supawit/terminal_Allergy_project/ros2_ws/install/lidarslam_msgs:${AMENT_PREFIX_PATH} CMAKE_PREFIX_PATH=/home/supawit/terminal_Allergy_project/ros2_ws/install/scanmatcher:/home/supawit/terminal_Allergy_project/ros2_ws/install/graph_based_slam:/home/supawit/terminal_Allergy_project/ros2_ws/install/ndt_omp_ros2:/home/supawit/terminal_Allergy_project/ros2_ws/install/lidarslam_msgs:/opt/ros/jazzy/opt/gz_sim_vendor:/opt/ros/jazzy/opt/gz_sensors_vendor:/opt/ros/jazzy/opt/gz_physics_vendor:/opt/ros/jazzy/opt/sdformat_vendor:/opt/ros/jazzy/opt/gz_gui_vendor:/opt/ros/jazzy/opt/gz_transport_vendor:/opt/ros/jazzy/opt/gz_rendering_vendor:/opt/ros/jazzy/opt/gz_plugin_vendor:/opt/ros/jazzy/opt/gz_fuel_tools_vendor:/opt/ros/jazzy/opt/gz_msgs_vendor:/opt/ros/jazzy/opt/gz_common_vendor:/opt/ros/jazzy/opt/gz_math_vendor:/opt/ros/jazzy/opt/gz_utils_vendor:/opt/ros/jazzy/opt/gz_tools_vendor:/opt/ros/jazzy/opt/gz_ogre_next_vendor:/opt/ros/jazzy/opt/gz_dartsim_vendor:/opt/ros/jazzy/opt/gz_cmake_vendor:/opt/ros/jazzy DEBUGINFOD_URLS=https://debuginfod.ubuntu.com LD_LIBRARY_PATH=/home/supawit/terminal_Allergy_project/ros2_ws/install/scanmatcher/lib:/home/supawit/terminal_Allergy_project/ros2_ws/install/graph_based_slam/lib:/home/supawit/terminal_Allergy_project/ros2_ws/install/lidarslam_msgs/lib:${LD_LIBRARY_PATH} PATH=/home/supawit/terminal_Allergy_project/ros2_ws/install/ndt_omp_ros2/bin:${PATH} PYTHONPATH=/home/supawit/terminal_Allergy_project/ros2_ws/install/lidarslam_msgs/lib/python3.12/site-packages:${PYTHONPATH} /usr/bin/cmake --build /home/supawit/terminal_Allergy_project/ros2_ws/build/lidarslam -- -j10 -l10
[18.962s] Invoking command in '/home/supawit/terminal_Allergy_project/ros2_ws/build/lidarslam': AMENT_PREFIX_PATH=/home/supawit/terminal_Allergy_project/ros2_ws/install/scanmatcher:/home/supawit/terminal_Allergy_project/ros2_ws/install/graph_based_slam:/home/supawit/terminal_Allergy_project/ros2_ws/install/ndt_omp_ros2:/home/supawit/terminal_Allergy_project/ros2_ws/install/lidarslam_msgs:${AMENT_PREFIX_PATH} CMAKE_PREFIX_PATH=/home/supawit/terminal_Allergy_project/ros2_ws/install/scanmatcher:/home/supawit/terminal_Allergy_project/ros2_ws/install/graph_based_slam:/home/supawit/terminal_Allergy_project/ros2_ws/install/ndt_omp_ros2:/home/supawit/terminal_Allergy_project/ros2_ws/install/lidarslam_msgs:/opt/ros/jazzy/opt/gz_sim_vendor:/opt/ros/jazzy/opt/gz_sensors_vendor:/opt/ros/jazzy/opt/gz_physics_vendor:/opt/ros/jazzy/opt/sdformat_vendor:/opt/ros/jazzy/opt/gz_gui_vendor:/opt/ros/jazzy/opt/gz_transport_vendor:/opt/ros/jazzy/opt/gz_rendering_vendor:/opt/ros/jazzy/opt/gz_plugin_vendor:/opt/ros/jazzy/opt/gz_fuel_tools_vendor:/opt/ros/jazzy/opt/gz_msgs_vendor:/opt/ros/jazzy/opt/gz_common_vendor:/opt/ros/jazzy/opt/gz_math_vendor:/opt/ros/jazzy/opt/gz_utils_vendor:/opt/ros/jazzy/opt/gz_tools_vendor:/opt/ros/jazzy/opt/gz_ogre_next_vendor:/opt/ros/jazzy/opt/gz_dartsim_vendor:/opt/ros/jazzy/opt/gz_cmake_vendor:/opt/ros/jazzy DEBUGINFOD_URLS=https://debuginfod.ubuntu.com LD_LIBRARY_PATH=/home/supawit/terminal_Allergy_project/ros2_ws/install/scanmatcher/lib:/home/supawit/terminal_Allergy_project/ros2_ws/install/graph_based_slam/lib:/home/supawit/terminal_Allergy_project/ros2_ws/install/lidarslam_msgs/lib:${LD_LIBRARY_PATH} PATH=/home/supawit/terminal_Allergy_project/ros2_ws/install/ndt_omp_ros2/bin:${PATH} PYTHONPATH=/home/supawit/terminal_Allergy_project/ros2_ws/install/lidarslam_msgs/lib/python3.12/site-packages:${PYTHONPATH} /usr/bin/cmake --install /home/supawit/terminal_Allergy_project/ros2_ws/build/lidarslam
[18.968s] -- Install configuration: ""
[18.969s] -- Execute custom install script
[18.969s] -- Symlinking: /home/supawit/terminal_Allergy_project/ros2_ws/install/lidarslam/share/lidarslam/launch/lidarslam.launch.py
[18.976s] -- Symlinking: /home/supawit/terminal_Allergy_project/ros2_ws/install/lidarslam/share/lidarslam/launch/lidarslam_tukuba.launch.py
[18.982s] -- Symlinking: /home/supawit/terminal_Allergy_project/ros2_ws/install/lidarslam/share/lidarslam/param/lidarslam.yaml
[18.989s] -- Symlinking: /home/supawit/terminal_Allergy_project/ros2_ws/install/lidarslam/share/lidarslam/param/lidarslam_tukuba.yaml
[18.996s] -- Symlinking: /home/supawit/terminal_Allergy_project/ros2_ws/install/lidarslam/share/lidarslam/rviz/mapping.rviz
[19.003s] -- Symlinking: /home/supawit/terminal_Allergy_project/ros2_ws/install/lidarslam/share/lidarslam/rviz/mapping_tukuba.rviz
[19.012s] -- Symlinking: /home/supawit/terminal_Allergy_project/ros2_ws/install/lidarslam/lib/lidarslam/lidarslam
[19.019s] -- Symlinking: /home/supawit/terminal_Allergy_project/ros2_ws/install/lidarslam/share/ament_index/resource_index/package_run_dependencies/lidarslam
[19.026s] -- Symlinking: /home/supawit/terminal_Allergy_project/ros2_ws/install/lidarslam/share/ament_index/resource_index/parent_prefix_path/lidarslam
[19.033s] -- Symlinking: /home/supawit/terminal_Allergy_project/ros2_ws/install/lidarslam/share/lidarslam/environment/ament_prefix_path.sh
[19.039s] -- Symlinking: /home/supawit/terminal_Allergy_project/ros2_ws/install/lidarslam/share/lidarslam/environment/ament_prefix_path.dsv
[19.046s] -- Symlinking: /home/supawit/terminal_Allergy_project/ros2_ws/install/lidarslam/share/lidarslam/environment/path.sh
[19.056s] -- Symlinking: /home/supawit/terminal_Allergy_project/ros2_ws/install/lidarslam/share/lidarslam/environment/path.dsv
[19.063s] -- Symlinking: /home/supawit/terminal_Allergy_project/ros2_ws/install/lidarslam/share/lidarslam/local_setup.bash
[19.070s] -- Symlinking: /home/supawit/terminal_Allergy_project/ros2_ws/install/lidarslam/share/lidarslam/local_setup.sh
[19.078s] -- Symlinking: /home/supawit/terminal_Allergy_project/ros2_ws/install/lidarslam/share/lidarslam/local_setup.zsh
[19.084s] -- Symlinking: /home/supawit/terminal_Allergy_project/ros2_ws/install/lidarslam/share/lidarslam/local_setup.dsv
[19.090s] -- Symlinking: /home/supawit/terminal_Allergy_project/ros2_ws/install/lidarslam/share/lidarslam/package.dsv
[19.099s] -- Symlinking: /home/supawit/terminal_Allergy_project/ros2_ws/install/lidarslam/share/ament_index/resource_index/packages/lidarslam
[19.106s] -- Symlinking: /home/supawit/terminal_Allergy_project/ros2_ws/install/lidarslam/share/lidarslam/cmake/lidarslamConfig.cmake
[19.112s] -- Symlinking: /home/supawit/terminal_Allergy_project/ros2_ws/install/lidarslam/share/lidarslam/cmake/lidarslamConfig-version.cmake
[19.119s] -- Symlinking: /home/supawit/terminal_Allergy_project/ros2_ws/install/lidarslam/share/lidarslam/package.xml
[19.127s] Invoked command in '/home/supawit/terminal_Allergy_project/ros2_ws/build/lidarslam' returned '0': AMENT_PREFIX_PATH=/home/supawit/terminal_Allergy_project/ros2_ws/install/scanmatcher:/home/supawit/terminal_Allergy_project/ros2_ws/install/graph_based_slam:/home/supawit/terminal_Allergy_project/ros2_ws/install/ndt_omp_ros2:/home/supawit/terminal_Allergy_project/ros2_ws/install/lidarslam_msgs:${AMENT_PREFIX_PATH} CMAKE_PREFIX_PATH=/home/supawit/terminal_Allergy_project/ros2_ws/install/scanmatcher:/home/supawit/terminal_Allergy_project/ros2_ws/install/graph_based_slam:/home/supawit/terminal_Allergy_project/ros2_ws/install/ndt_omp_ros2:/home/supawit/terminal_Allergy_project/ros2_ws/install/lidarslam_msgs:/opt/ros/jazzy/opt/gz_sim_vendor:/opt/ros/jazzy/opt/gz_sensors_vendor:/opt/ros/jazzy/opt/gz_physics_vendor:/opt/ros/jazzy/opt/sdformat_vendor:/opt/ros/jazzy/opt/gz_gui_vendor:/opt/ros/jazzy/opt/gz_transport_vendor:/opt/ros/jazzy/opt/gz_rendering_vendor:/opt/ros/jazzy/opt/gz_plugin_vendor:/opt/ros/jazzy/opt/gz_fuel_tools_vendor:/opt/ros/jazzy/opt/gz_msgs_vendor:/opt/ros/jazzy/opt/gz_common_vendor:/opt/ros/jazzy/opt/gz_math_vendor:/opt/ros/jazzy/opt/gz_utils_vendor:/opt/ros/jazzy/opt/gz_tools_vendor:/opt/ros/jazzy/opt/gz_ogre_next_vendor:/opt/ros/jazzy/opt/gz_dartsim_vendor:/opt/ros/jazzy/opt/gz_cmake_vendor:/opt/ros/jazzy DEBUGINFOD_URLS=https://debuginfod.ubuntu.com LD_LIBRARY_PATH=/home/supawit/terminal_Allergy_project/ros2_ws/install/scanmatcher/lib:/home/supawit/terminal_Allergy_project/ros2_ws/install/graph_based_slam/lib:/home/supawit/terminal_Allergy_project/ros2_ws/install/lidarslam_msgs/lib:${LD_LIBRARY_PATH} PATH=/home/supawit/terminal_Allergy_project/ros2_ws/install/ndt_omp_ros2/bin:${PATH} PYTHONPATH=/home/supawit/terminal_Allergy_project/ros2_ws/install/lidarslam_msgs/lib/python3.12/site-packages:${PYTHONPATH} /usr/bin/cmake --install /home/supawit/terminal_Allergy_project/ros2_ws/build/lidarslam
