-- The C compiler identification is GNU 13.3.0
-- The CXX compiler identification is GNU 13.3.0
-- Detecting C compiler ABI info
-- Detecting C compiler ABI info - done
-- Check for working C compiler: /usr/bin/cc - skipped
-- Detecting C compile features
-- Detecting C compile features - done
-- Detecting CXX compiler ABI info
-- Detecting CXX compiler ABI info - done
-- Check for working CXX compiler: /usr/bin/c++ - skipped
-- Detecting CXX compile features
-- Detecting CXX compile features - done
-- Found ament_cmake: 2.5.4 (/opt/ros/jazzy/share/ament_cmake/cmake)
-- Found Python3: /usr/bin/python3 (found version "3.12.3") found components: Interpreter 
-- Override CMake install command with custom implementation using symlinks instead of copying resources
-- Found rclcpp: 28.1.13 (/opt/ros/jazzy/share/rclcpp/cmake)
-- Found rosidl_generator_c: 4.6.6 (/opt/ros/jazzy/share/rosidl_generator_c/cmake)
-- Found rosidl_generator_cpp: 4.6.6 (/opt/ros/jazzy/share/rosidl_generator_cpp/cmake)
-- Using all available rosidl_typesupport_c: rosidl_typesupport_fastrtps_c;rosidl_typesupport_introspection_c
-- Using all available rosidl_typesupport_cpp: rosidl_typesupport_fastrtps_cpp;rosidl_typesupport_introspection_cpp
-- Found rmw_implementation_cmake: 7.3.2 (/opt/ros/jazzy/share/rmw_implementation_cmake/cmake)
-- Found rmw_cyclonedds_cpp: 2.2.3 (/opt/ros/jazzy/share/rmw_cyclonedds_cpp/cmake)
-- Using RMW implementation 'rmw_cyclonedds_cpp' as default
-- Found rclcpp_components: 28.1.13 (/opt/ros/jazzy/share/rclcpp_components/cmake)
-- Found geometry_msgs: 5.3.6 (/opt/ros/jazzy/share/geometry_msgs/cmake)
-- Found sensor_msgs: 5.3.6 (/opt/ros/jazzy/share/sensor_msgs/cmake)
-- Found nav_msgs: 5.3.6 (/opt/ros/jazzy/share/nav_msgs/cmake)
-- Found std_srvs: 5.3.6 (/opt/ros/jazzy/share/std_srvs/cmake)
-- Found tf2_ros: 0.36.16 (/opt/ros/jazzy/share/tf2_ros/cmake)
-- Found tf2_eigen: 0.36.16 (/opt/ros/jazzy/share/tf2_eigen/cmake)
-- Found tf2_geometry_msgs: 0.36.16 (/opt/ros/jazzy/share/tf2_geometry_msgs/cmake)
-- Found eigen3_cmake_module: 0.3.0 (/opt/ros/jazzy/share/eigen3_cmake_module/cmake)
-- Found Eigen3: TRUE (found version "3.4.0") 
-- Ensuring Eigen3 include directory is part of orocos-kdl CMake target
-- Found tf2_sensor_msgs: 0.36.16 (/opt/ros/jazzy/share/tf2_sensor_msgs/cmake)
-- Found pcl_conversions: 2.6.2 (/opt/ros/jazzy/share/pcl_conversions/cmake)
[33mCMake Warning (dev) at /usr/lib/x86_64-linux-gnu/cmake/pcl/Modules/FindFLANN.cmake:45 (find_package):
  Policy CMP0144 is not set: find_package uses upper-case <PACKAGENAME>_ROOT
  variables.  Run "cmake --help-policy CMP0144" for policy details.  Use the
  cmake_policy command to set the policy and suppress this warning.

  CMake variable FLANN_ROOT is set to:

    /usr

  For compatibility, find_package is ignoring the variable, but code in a
  .cmake module might still use it.
Call Stack (most recent call first):
  /usr/lib/x86_64-linux-gnu/cmake/pcl/PCLConfig.cmake:261 (find_package)
  /usr/lib/x86_64-linux-gnu/cmake/pcl/PCLConfig.cmake:306 (find_flann)
  /usr/lib/x86_64-linux-gnu/cmake/pcl/PCLConfig.cmake:570 (find_external_library)
  /opt/ros/jazzy/share/pcl_conversions/cmake/ament_cmake_export_dependencies-extras.cmake:21 (find_package)
  /opt/ros/jazzy/share/pcl_conversions/cmake/pcl_conversionsConfig.cmake:41 (include)
  CMakeLists.txt:37 (find_package)
This warning is for project developers.  Use -Wno-dev to suppress it.
[0m
-- Found flann version 1.9.2
-- Found OpenMP_CXX: -fopenmp (found version "4.5") 
-- Found OpenMP: TRUE (found version "4.5") found components: CXX 
-- Checking for module 'libusb-1.0'
--   Found libusb-1.0, version 1.0.27
-- Found libusb: /usr/lib/x86_64-linux-gnu/libusb-1.0.so  
-- OpenNI found (version: 1.5.4.0, include: /usr/include/ni, lib: /usr/lib/libOpenNI.so;libusb::libusb)
-- OpenNI2 found (version: 2.2.0.33, include: /usr/include/openni2, lib: /usr/lib/x86_64-linux-gnu/libOpenNI2.so;libusb::libusb)
-- Found Pcap: /usr/lib/x86_64-linux-gnu/libpcap.so  
-- Found ZLIB: /usr/lib/x86_64-linux-gnu/libz.so (found version "1.3")  
-- Found PNG: /usr/lib/x86_64-linux-gnu/libpng.so (found version "1.6.43") 
-- OpenNI found (version: 1.5.4.0, include: /usr/include/ni, lib: /usr/lib/libOpenNI.so;libusb::libusb)
-- OpenNI2 found (version: 2.2.0.33, include: /usr/include/openni2, lib: /usr/lib/x86_64-linux-gnu/libOpenNI2.so;libusb::libusb)
-- Found Qhull version 8.0.2
-- OpenNI found (version: 1.5.4.0, include: /usr/include/ni, lib: /usr/lib/libOpenNI.so;libusb::libusb)
-- Found PCL_COMMON: /usr/lib/x86_64-linux-gnu/libpcl_common.so  
-- Found PCL_KDTREE: /usr/lib/x86_64-linux-gnu/libpcl_kdtree.so  
-- Found PCL_OCTREE: /usr/lib/x86_64-linux-gnu/libpcl_octree.so  
-- Found PCL_SEARCH: /usr/lib/x86_64-linux-gnu/libpcl_search.so  
-- Found PCL_SAMPLE_CONSENSUS: /usr/lib/x86_64-linux-gnu/libpcl_sample_consensus.so  
-- Found PCL_FILTERS: /usr/lib/x86_64-linux-gnu/libpcl_filters.so  
-- Found PCL_2D: /usr/include/pcl-1.14  
-- Found PCL_GEOMETRY: /usr/include/pcl-1.14  
-- Found PCL_IO: /usr/lib/x86_64-linux-gnu/libpcl_io.so  
-- Found PCL_FEATURES: /usr/lib/x86_64-linux-gnu/libpcl_features.so  
-- Found PCL_ML: /usr/lib/x86_64-linux-gnu/libpcl_ml.so  
-- Found PCL_SEGMENTATION: /usr/lib/x86_64-linux-gnu/libpcl_segmentation.so  
-- Found PCL_VISUALIZATION: /usr/lib/x86_64-linux-gnu/libpcl_visualization.so  
-- Found PCL_SURFACE: /usr/lib/x86_64-linux-gnu/libpcl_surface.so  
-- Found PCL_REGISTRATION: /usr/lib/x86_64-linux-gnu/libpcl_registration.so  
-- Found PCL_KEYPOINTS: /usr/lib/x86_64-linux-gnu/libpcl_keypoints.so  
-- Found PCL_TRACKING: /usr/lib/x86_64-linux-gnu/libpcl_tracking.so  
-- Found PCL_RECOGNITION: /usr/lib/x86_64-linux-gnu/libpcl_recognition.so  
-- Found PCL_STEREO: /usr/lib/x86_64-linux-gnu/libpcl_stereo.so  
-- Found PCL_APPS: /usr/lib/x86_64-linux-gnu/libpcl_apps.so  
-- Found PCL_IN_HAND_SCANNER: /usr/include/pcl-1.14  
-- Found PCL_MODELER: /usr/include/pcl-1.14  
-- Found PCL_POINT_CLOUD_EDITOR: /usr/include/pcl-1.14  
-- Found PCL_OUTOFCORE: /usr/lib/x86_64-linux-gnu/libpcl_outofcore.so  
-- Found PCL_PEOPLE: /usr/lib/x86_64-linux-gnu/libpcl_people.so  
-- Found lidarslam_msgs: 0.0.0 (/home/supawit/terminal_Allergy_project/ros2_ws/install/lidarslam_msgs/share/lidarslam_msgs/cmake)
-- Found ndt_omp_ros2: 0.0.0 (/home/supawit/terminal_Allergy_project/ros2_ws/install/ndt_omp_ros2/share/ndt_omp_ros2/cmake)
[33mCMake Warning (dev) at CMakeLists.txt:40 (find_package):
  Policy CMP0074 is not set: find_package uses <PackageName>_ROOT variables.
  Run "cmake --help-policy CMP0074" for policy details.  Use the cmake_policy
  command to set the policy and suppress this warning.

  CMake variable PCL_ROOT is set to:

    /usr

  For compatibility, CMake is ignoring the variable.
This warning is for project developers.  Use -Wno-dev to suppress it.
[0m
[33mCMake Warning (dev) at /usr/share/cmake-3.28/Modules/FindOpenGL.cmake:381 (message):
  Policy CMP0072 is not set: FindOpenGL prefers GLVND by default when
  available.  Run "cmake --help-policy CMP0072" for policy details.  Use the
  cmake_policy command to set the policy and suppress this warning.

  FindOpenGL found both a legacy GL library:

    OPENGL_gl_LIBRARY: /usr/lib/x86_64-linux-gnu/libGL.so

  and GLVND libraries for OpenGL and GLX:

    OPENGL_opengl_LIBRARY: /usr/lib/x86_64-linux-gnu/libOpenGL.so
    OPENGL_glx_LIBRARY: /usr/lib/x86_64-linux-gnu/libGLX.so

  OpenGL_GL_PREFERENCE has not been set to "GLVND" or "LEGACY", so for
  compatibility with CMake 3.10 and below the legacy GL library will be used.
Call Stack (most recent call first):
  /usr/share/cmake-3.28/Modules/CMakeFindDependencyMacro.cmake:76 (find_package)
  /opt/ros/jazzy/lib/cmake/g2o/g2oConfig.cmake:6 (find_dependency)
  CMakeLists.txt:41 (find_package)
This warning is for project developers.  Use -Wno-dev to suppress it.
[0m
-- Found OpenGL: /usr/lib/x86_64-linux-gnu/libOpenGL.so   
-- Found OpenMP_C: -fopenmp (found version "4.5") 
-- Found OpenMP: TRUE (found version "4.5")  
-- Found ament_lint_auto: 0.17.3 (/opt/ros/jazzy/share/ament_lint_auto/cmake)
-- Added test 'copyright' to check source files copyright and LICENSE
-- Added test 'cppcheck' to perform static code analysis on C / C++ code
-- Configured cppcheck include dirs: /home/supawit/terminal_Allergy_project/ros2_ws/src/lidarslam_ros2/graph_based_slam/include
-- Configured cppcheck exclude dirs and/or files: 
-- Added test 'cpplint' to check C / C++ code against the Google style
-- Configured cpplint exclude dirs and/or files: 
-- Added test 'flake8' to check Python code syntax and style conventions
-- Configured 'flake8' exclude dirs and/or files: 
-- Added test 'lint_cmake' to check CMake code style
-- Added test 'pep257' to check Python code against some of the docstring style conventions in PEP 257
-- Added test 'uncrustify' to check C / C++ code style
-- Configured uncrustify additional arguments: 
-- Added test 'xmllint' to check XML markup files
-- Configuring done (4.0s)
-- Generating done (0.0s)
-- Build files have been written to: /home/supawit/terminal_Allergy_project/ros2_ws/build/graph_based_slam
[ 25%] [32mBuilding CXX object CMakeFiles/graph_based_slam_component.dir/src/graph_based_slam_component.cpp.o[0m
In file included from [01m[K/usr/include/boost/preprocessor/control/if.hpp:18[m[K,
                 from [01m[K/usr/include/boost/preprocessor/punctuation/comma_if.hpp:18[m[K,
                 from [01m[K/usr/include/boost/preprocessor/comma_if.hpp:15[m[K,
                 from [01m[K/usr/include/boost/mpl/aux_/preprocessor/params.hpp:49[m[K,
                 from [01m[K/usr/include/boost/mpl/aux_/na_spec.hpp:26[m[K,
                 from [01m[K/usr/include/boost/mpl/not.hpp:20[m[K,
                 from [01m[K/usr/include/boost/mpl/assert.hpp:17[m[K,
                 from [01m[K/usr/include/pcl-1.14/pcl/point_struct_traits.h:40[m[K,
                 from [01m[K/usr/include/pcl-1.14/pcl/type_traits.h:40[m[K,
                 from [01m[K/usr/include/pcl-1.14/pcl/memory.h:46[m[K,
                 from [01m[K/usr/include/pcl-1.14/pcl/PCLPointField.h:3[m[K,
                 from [01m[K/usr/include/pcl-1.14/pcl/conversions.h:46[m[K,
                 from [01m[K/opt/ros/jazzy/include/pcl_conversions/pcl_conversions/pcl_conversions.h:47[m[K,
                 from [01m[K/home/supawit/terminal_Allergy_project/ros2_ws/src/lidarslam_ros2/graph_based_slam/include/graph_based_slam/graph_based_slam_component.h:61[m[K,
                 from [01m[K/home/supawit/terminal_Allergy_project/ros2_ws/src/lidarslam_ros2/graph_based_slam/src/graph_based_slam_component.cpp:1[m[K:
[01m[K/usr/include/pcl-1.14/pcl/filters/boost.h:46:1:[m[K [01;36m[Knote: [m[K‘[01m[K#pragma message: This header is deprecated. Please include the needed boost headers directly. (It will be removed in PCL 1.15)[m[K’
   46 | [01;36m[KPCL_DEPRECATED_HEADER[m[K(1, 15, "Please include the needed boost headers directly.")
      | [01;36m[K^~~~~~~~~~~~~~~~~~~~~[m[K
[ 50%] [32m[1mLinking CXX shared library libgraph_based_slam_component.so[0m
[ 50%] Built target graph_based_slam_component
[ 75%] [32mBuilding CXX object CMakeFiles/graph_based_slam_node.dir/src/graph_based_slam_node.cpp.o[0m
In file included from [01m[K/usr/include/boost/preprocessor/control/if.hpp:18[m[K,
                 from [01m[K/usr/include/boost/preprocessor/punctuation/comma_if.hpp:18[m[K,
                 from [01m[K/usr/include/boost/preprocessor/comma_if.hpp:15[m[K,
                 from [01m[K/usr/include/boost/mpl/aux_/preprocessor/params.hpp:49[m[K,
                 from [01m[K/usr/include/boost/mpl/aux_/na_spec.hpp:26[m[K,
                 from [01m[K/usr/include/boost/mpl/not.hpp:20[m[K,
                 from [01m[K/usr/include/boost/mpl/assert.hpp:17[m[K,
                 from [01m[K/usr/include/pcl-1.14/pcl/point_struct_traits.h:40[m[K,
                 from [01m[K/usr/include/pcl-1.14/pcl/type_traits.h:40[m[K,
                 from [01m[K/usr/include/pcl-1.14/pcl/memory.h:46[m[K,
                 from [01m[K/usr/include/pcl-1.14/pcl/PCLPointField.h:3[m[K,
                 from [01m[K/usr/include/pcl-1.14/pcl/conversions.h:46[m[K,
                 from [01m[K/opt/ros/jazzy/include/pcl_conversions/pcl_conversions/pcl_conversions.h:47[m[K,
                 from [01m[K/home/supawit/terminal_Allergy_project/ros2_ws/src/lidarslam_ros2/graph_based_slam/include/graph_based_slam/graph_based_slam_component.h:61[m[K,
                 from [01m[K/home/supawit/terminal_Allergy_project/ros2_ws/src/lidarslam_ros2/graph_based_slam/src/graph_based_slam_node.cpp:1[m[K:
[01m[K/usr/include/pcl-1.14/pcl/filters/boost.h:46:1:[m[K [01;36m[Knote: [m[K‘[01m[K#pragma message: This header is deprecated. Please include the needed boost headers directly. (It will be removed in PCL 1.15)[m[K’
   46 | [01;36m[KPCL_DEPRECATED_HEADER[m[K(1, 15, "Please include the needed boost headers directly.")
      | [01;36m[K^~~~~~~~~~~~~~~~~~~~~[m[K
[100%] [32m[1mLinking CXX executable graph_based_slam_node[0m
[100%] Built target graph_based_slam_node
-- Install configuration: ""
-- Execute custom install script
-- Symlinking: /home/supawit/terminal_Allergy_project/ros2_ws/install/graph_based_slam/share/graph_based_slam/environment/library_path.sh
-- Symlinking: /home/supawit/terminal_Allergy_project/ros2_ws/install/graph_based_slam/share/graph_based_slam/environment/library_path.dsv
-- Symlinking: /home/supawit/terminal_Allergy_project/ros2_ws/install/graph_based_slam/include/graph_based_slam/graph_based_slam_component.h
-- Symlinking: /home/supawit/terminal_Allergy_project/ros2_ws/install/graph_based_slam/share/graph_based_slam/launch/graphbasedslam.launch.py
-- Symlinking: /home/supawit/terminal_Allergy_project/ros2_ws/install/graph_based_slam/share/graph_based_slam/param/graphbasedslam.yaml
-- Symlinking: /home/supawit/terminal_Allergy_project/ros2_ws/install/graph_based_slam/lib/libgraph_based_slam_component.so
-- Symlinking: /home/supawit/terminal_Allergy_project/ros2_ws/install/graph_based_slam/lib/graph_based_slam/graph_based_slam_node
-- Symlinking: /home/supawit/terminal_Allergy_project/ros2_ws/install/graph_based_slam/share/ament_index/resource_index/package_run_dependencies/graph_based_slam
-- Symlinking: /home/supawit/terminal_Allergy_project/ros2_ws/install/graph_based_slam/share/ament_index/resource_index/parent_prefix_path/graph_based_slam
-- Symlinking: /home/supawit/terminal_Allergy_project/ros2_ws/install/graph_based_slam/share/graph_based_slam/environment/ament_prefix_path.sh
-- Symlinking: /home/supawit/terminal_Allergy_project/ros2_ws/install/graph_based_slam/share/graph_based_slam/environment/ament_prefix_path.dsv
-- Symlinking: /home/supawit/terminal_Allergy_project/ros2_ws/install/graph_based_slam/share/graph_based_slam/environment/path.sh
-- Symlinking: /home/supawit/terminal_Allergy_project/ros2_ws/install/graph_based_slam/share/graph_based_slam/environment/path.dsv
-- Symlinking: /home/supawit/terminal_Allergy_project/ros2_ws/install/graph_based_slam/share/graph_based_slam/local_setup.bash
-- Symlinking: /home/supawit/terminal_Allergy_project/ros2_ws/install/graph_based_slam/share/graph_based_slam/local_setup.sh
-- Symlinking: /home/supawit/terminal_Allergy_project/ros2_ws/install/graph_based_slam/share/graph_based_slam/local_setup.zsh
-- Symlinking: /home/supawit/terminal_Allergy_project/ros2_ws/install/graph_based_slam/share/graph_based_slam/local_setup.dsv
-- Symlinking: /home/supawit/terminal_Allergy_project/ros2_ws/install/graph_based_slam/share/graph_based_slam/package.dsv
-- Symlinking: /home/supawit/terminal_Allergy_project/ros2_ws/install/graph_based_slam/share/ament_index/resource_index/packages/graph_based_slam
-- Symlinking: /home/supawit/terminal_Allergy_project/ros2_ws/install/graph_based_slam/share/ament_index/resource_index/rclcpp_components/graph_based_slam
-- Symlinking: /home/supawit/terminal_Allergy_project/ros2_ws/install/graph_based_slam/share/graph_based_slam/cmake/ament_cmake_export_libraries-extras.cmake
-- Symlinking: /home/supawit/terminal_Allergy_project/ros2_ws/install/graph_based_slam/share/graph_based_slam/cmake/ament_cmake_export_include_directories-extras.cmake
-- Symlinking: /home/supawit/terminal_Allergy_project/ros2_ws/install/graph_based_slam/share/graph_based_slam/cmake/graph_based_slamConfig.cmake
-- Symlinking: /home/supawit/terminal_Allergy_project/ros2_ws/install/graph_based_slam/share/graph_based_slam/cmake/graph_based_slamConfig-version.cmake
-- Symlinking: /home/supawit/terminal_Allergy_project/ros2_ws/install/graph_based_slam/share/graph_based_slam/package.xml
