-- The C compiler identification is GNU 13.3.0
-- The CXX compiler identification is GNU 13.3.0
-- Detecting C compiler ABI info
-- Detecting C compiler ABI info - done
-- Check for working C compiler: /usr/bin/cc - skipped
-- Detecting C compile features
-- Detecting C compile features - done
-- Detecting CXX compiler ABI info
-- Detecting CXX compiler ABI info - done
-- Check for working CXX compiler: /usr/bin/c++ - skipped
-- Detecting CXX compile features
-- Detecting CXX compile features - done
-- Found ament_cmake: 2.5.4 (/opt/ros/jazzy/share/ament_cmake/cmake)
-- Found Python3: /usr/bin/python3 (found version "3.12.3") found components: Interpreter 
-- Override CMake install command with custom implementation using symlinks instead of copying resources
-- Found rclcpp: 28.1.13 (/opt/ros/jazzy/share/rclcpp/cmake)
-- Found rosidl_generator_c: 4.6.6 (/opt/ros/jazzy/share/rosidl_generator_c/cmake)
-- Found rosidl_generator_cpp: 4.6.6 (/opt/ros/jazzy/share/rosidl_generator_cpp/cmake)
-- Using all available rosidl_typesupport_c: rosidl_typesupport_fastrtps_c;rosidl_typesupport_introspection_c
-- Using all available rosidl_typesupport_cpp: rosidl_typesupport_fastrtps_cpp;rosidl_typesupport_introspection_cpp
-- Found rmw_implementation_cmake: 7.3.2 (/opt/ros/jazzy/share/rmw_implementation_cmake/cmake)
-- Found rmw_cyclonedds_cpp: 2.2.3 (/opt/ros/jazzy/share/rmw_cyclonedds_cpp/cmake)
-- Using RMW implementation 'rmw_cyclonedds_cpp' as default
-- Found rclcpp_components: 28.1.13 (/opt/ros/jazzy/share/rclcpp_components/cmake)
-- Found geometry_msgs: 5.3.6 (/opt/ros/jazzy/share/geometry_msgs/cmake)
-- Found sensor_msgs: 5.3.6 (/opt/ros/jazzy/share/sensor_msgs/cmake)
-- Found nav_msgs: 5.3.6 (/opt/ros/jazzy/share/nav_msgs/cmake)
-- Found tf2_ros: 0.36.16 (/opt/ros/jazzy/share/tf2_ros/cmake)
-- Found tf2_sensor_msgs: 0.36.16 (/opt/ros/jazzy/share/tf2_sensor_msgs/cmake)
-- Found tf2_geometry_msgs: 0.36.16 (/opt/ros/jazzy/share/tf2_geometry_msgs/cmake)
-- Found eigen3_cmake_module: 0.3.0 (/opt/ros/jazzy/share/eigen3_cmake_module/cmake)
-- Found Eigen3: TRUE (found version "3.4.0") 
-- Ensuring Eigen3 include directory is part of orocos-kdl CMake target
-- Found tf2_eigen: 0.36.16 (/opt/ros/jazzy/share/tf2_eigen/cmake)
-- Found pcl_conversions: 2.6.2 (/opt/ros/jazzy/share/pcl_conversions/cmake)
-- Found flann version 1.9.2
-- Found OpenMP_CXX: -fopenmp (found version "4.5") 
-- Found OpenMP: TRUE (found version "4.5") found components: CXX 
-- Checking for module 'libusb-1.0'
--   Found libusb-1.0, version 1.0.27
-- Found libusb: /usr/lib/x86_64-linux-gnu/libusb-1.0.so  
-- OpenNI found (version: 1.5.4.0, include: /usr/include/ni, lib: /usr/lib/libOpenNI.so;libusb::libusb)
-- OpenNI2 found (version: 2.2.0.33, include: /usr/include/openni2, lib: /usr/lib/x86_64-linux-gnu/libOpenNI2.so;libusb::libusb)
-- Found Pcap: /usr/lib/x86_64-linux-gnu/libpcap.so  
-- Found ZLIB: /usr/lib/x86_64-linux-gnu/libz.so (found version "1.3")  
-- Found PNG: /usr/lib/x86_64-linux-gnu/libpng.so (found version "1.6.43") 
-- OpenNI found (version: 1.5.4.0, include: /usr/include/ni, lib: /usr/lib/libOpenNI.so;libusb::libusb)
-- OpenNI2 found (version: 2.2.0.33, include: /usr/include/openni2, lib: /usr/lib/x86_64-linux-gnu/libOpenNI2.so;libusb::libusb)
-- Found Qhull version 8.0.2
-- OpenNI found (version: 1.5.4.0, include: /usr/include/ni, lib: /usr/lib/libOpenNI.so;libusb::libusb)
-- Found PCL_COMMON: /usr/lib/x86_64-linux-gnu/libpcl_common.so  
-- Found PCL_KDTREE: /usr/lib/x86_64-linux-gnu/libpcl_kdtree.so  
-- Found PCL_OCTREE: /usr/lib/x86_64-linux-gnu/libpcl_octree.so  
-- Found PCL_SEARCH: /usr/lib/x86_64-linux-gnu/libpcl_search.so  
-- Found PCL_SAMPLE_CONSENSUS: /usr/lib/x86_64-linux-gnu/libpcl_sample_consensus.so  
-- Found PCL_FILTERS: /usr/lib/x86_64-linux-gnu/libpcl_filters.so  
-- Found PCL_2D: /usr/include/pcl-1.14  
-- Found PCL_GEOMETRY: /usr/include/pcl-1.14  
-- Found PCL_IO: /usr/lib/x86_64-linux-gnu/libpcl_io.so  
-- Found PCL_FEATURES: /usr/lib/x86_64-linux-gnu/libpcl_features.so  
-- Found PCL_ML: /usr/lib/x86_64-linux-gnu/libpcl_ml.so  
-- Found PCL_SEGMENTATION: /usr/lib/x86_64-linux-gnu/libpcl_segmentation.so  
-- Found PCL_VISUALIZATION: /usr/lib/x86_64-linux-gnu/libpcl_visualization.so  
-- Found PCL_SURFACE: /usr/lib/x86_64-linux-gnu/libpcl_surface.so  
-- Found PCL_REGISTRATION: /usr/lib/x86_64-linux-gnu/libpcl_registration.so  
-- Found PCL_KEYPOINTS: /usr/lib/x86_64-linux-gnu/libpcl_keypoints.so  
-- Found PCL_TRACKING: /usr/lib/x86_64-linux-gnu/libpcl_tracking.so  
-- Found PCL_RECOGNITION: /usr/lib/x86_64-linux-gnu/libpcl_recognition.so  
-- Found PCL_STEREO: /usr/lib/x86_64-linux-gnu/libpcl_stereo.so  
-- Found PCL_APPS: /usr/lib/x86_64-linux-gnu/libpcl_apps.so  
-- Found PCL_IN_HAND_SCANNER: /usr/include/pcl-1.14  
-- Found PCL_MODELER: /usr/include/pcl-1.14  
-- Found PCL_POINT_CLOUD_EDITOR: /usr/include/pcl-1.14  
-- Found PCL_OUTOFCORE: /usr/lib/x86_64-linux-gnu/libpcl_outofcore.so  
-- Found PCL_PEOPLE: /usr/lib/x86_64-linux-gnu/libpcl_people.so  
-- Found lidarslam_msgs: 0.0.0 (/home/supawit/terminal_Allergy_project/ros2_ws/install/lidarslam_msgs/share/lidarslam_msgs/cmake)
-- Found ndt_omp_ros2: 0.0.0 (/home/supawit/terminal_Allergy_project/ros2_ws/install/ndt_omp_ros2/share/ndt_omp_ros2/cmake)
-- Found OpenMP_C: -fopenmp (found version "4.5") 
-- Found OpenMP: TRUE (found version "4.5")  
-- Found ament_lint_auto: 0.17.3 (/opt/ros/jazzy/share/ament_lint_auto/cmake)
-- Configuring done (4.0s)
-- Generating done (0.0s)
-- Build files have been written to: /home/supawit/terminal_Allergy_project/ros2_ws/build/scanmatcher
[ 25%] [32mBuilding CXX object CMakeFiles/scanmatcher_component.dir/src/scanmatcher_component.cpp.o[0m
[ 50%] [32m[1mLinking CXX shared library libscanmatcher_component.so[0m
[ 50%] Built target scanmatcher_component
[ 75%] [32mBuilding CXX object CMakeFiles/scanmatcher_node.dir/src/scanmatcher_node.cpp.o[0m
[100%] [32m[1mLinking CXX executable scanmatcher_node[0m
[100%] Built target scanmatcher_node
-- Install configuration: ""
-- Execute custom install script
-- Symlinking: /home/supawit/terminal_Allergy_project/ros2_ws/install/scanmatcher/share/scanmatcher/environment/library_path.sh
-- Symlinking: /home/supawit/terminal_Allergy_project/ros2_ws/install/scanmatcher/share/scanmatcher/environment/library_path.dsv
-- Symlinking: /home/supawit/terminal_Allergy_project/ros2_ws/install/scanmatcher/include/scanmatcher/lidar_undistortion.hpp
-- Symlinking: /home/supawit/terminal_Allergy_project/ros2_ws/install/scanmatcher/include/scanmatcher/scanmatcher_component.h
-- Symlinking: /home/supawit/terminal_Allergy_project/ros2_ws/install/scanmatcher/share/scanmatcher/launch/mapping_car.launch.py
-- Symlinking: /home/supawit/terminal_Allergy_project/ros2_ws/install/scanmatcher/share/scanmatcher/launch/mapping_robot.launch.py
-- Symlinking: /home/supawit/terminal_Allergy_project/ros2_ws/install/scanmatcher/share/scanmatcher/param/mapping_car.yaml
-- Symlinking: /home/supawit/terminal_Allergy_project/ros2_ws/install/scanmatcher/share/scanmatcher/param/mapping_robot.yaml
-- Symlinking: /home/supawit/terminal_Allergy_project/ros2_ws/install/scanmatcher/lib/libscanmatcher_component.so
-- Symlinking: /home/supawit/terminal_Allergy_project/ros2_ws/install/scanmatcher/lib/scanmatcher/scanmatcher_node
-- Symlinking: /home/supawit/terminal_Allergy_project/ros2_ws/install/scanmatcher/share/ament_index/resource_index/package_run_dependencies/scanmatcher
-- Symlinking: /home/supawit/terminal_Allergy_project/ros2_ws/install/scanmatcher/share/ament_index/resource_index/parent_prefix_path/scanmatcher
-- Symlinking: /home/supawit/terminal_Allergy_project/ros2_ws/install/scanmatcher/share/scanmatcher/environment/ament_prefix_path.sh
-- Symlinking: /home/supawit/terminal_Allergy_project/ros2_ws/install/scanmatcher/share/scanmatcher/environment/ament_prefix_path.dsv
-- Symlinking: /home/supawit/terminal_Allergy_project/ros2_ws/install/scanmatcher/share/scanmatcher/environment/path.sh
-- Symlinking: /home/supawit/terminal_Allergy_project/ros2_ws/install/scanmatcher/share/scanmatcher/environment/path.dsv
-- Symlinking: /home/supawit/terminal_Allergy_project/ros2_ws/install/scanmatcher/share/scanmatcher/local_setup.bash
-- Symlinking: /home/supawit/terminal_Allergy_project/ros2_ws/install/scanmatcher/share/scanmatcher/local_setup.sh
-- Symlinking: /home/supawit/terminal_Allergy_project/ros2_ws/install/scanmatcher/share/scanmatcher/local_setup.zsh
-- Symlinking: /home/supawit/terminal_Allergy_project/ros2_ws/install/scanmatcher/share/scanmatcher/local_setup.dsv
-- Symlinking: /home/supawit/terminal_Allergy_project/ros2_ws/install/scanmatcher/share/scanmatcher/package.dsv
-- Symlinking: /home/supawit/terminal_Allergy_project/ros2_ws/install/scanmatcher/share/ament_index/resource_index/packages/scanmatcher
-- Symlinking: /home/supawit/terminal_Allergy_project/ros2_ws/install/scanmatcher/share/ament_index/resource_index/rclcpp_components/scanmatcher
-- Symlinking: /home/supawit/terminal_Allergy_project/ros2_ws/install/scanmatcher/share/scanmatcher/cmake/ament_cmake_export_libraries-extras.cmake
-- Symlinking: /home/supawit/terminal_Allergy_project/ros2_ws/install/scanmatcher/share/scanmatcher/cmake/ament_cmake_export_include_directories-extras.cmake
-- Symlinking: /home/supawit/terminal_Allergy_project/ros2_ws/install/scanmatcher/share/scanmatcher/cmake/ament_cmake_export_dependencies-extras.cmake
-- Symlinking: /home/supawit/terminal_Allergy_project/ros2_ws/install/scanmatcher/share/scanmatcher/cmake/scanmatcherConfig.cmake
-- Symlinking: /home/supawit/terminal_Allergy_project/ros2_ws/install/scanmatcher/share/scanmatcher/cmake/scanmatcherConfig-version.cmake
-- Symlinking: /home/supawit/terminal_Allergy_project/ros2_ws/install/scanmatcher/share/scanmatcher/package.xml
