[0.017s] Invoking command in '/home/supawit/terminal_Allergy_project/ros2_ws/build/ndt_omp_ros2': CMAKE_PREFIX_PATH=${CMAKE_PREFIX_PATH}:/opt/ros/jazzy DEBUGINFOD_URLS=https://debuginfod.ubuntu.com /usr/bin/cmake /home/supawit/terminal_Allergy_project/ros2_ws/src/lidarslam_ros2/Thirdparty/ndt_omp_ros2 -DAMENT_CMAKE_SYMLINK_INSTALL=1 -DCMAKE_INSTALL_PREFIX=/home/supawit/terminal_Allergy_project/ros2_ws/install/ndt_omp_ros2
[0.130s] -- The C compiler identification is GNU 13.3.0
[0.203s] -- The CXX compiler identification is GNU 13.3.0
[0.219s] -- Detecting C compiler ABI info
[0.300s] -- Detecting C compiler ABI info - done
[0.312s] -- Check for working C compiler: /usr/bin/cc - skipped
[0.313s] -- Detecting C compile features
[0.313s] -- Detecting C compile features - done
[0.320s] -- Detecting CXX compiler ABI info
[0.397s] -- Detecting CXX compiler ABI info - done
[0.410s] -- Check for working CXX compiler: /usr/bin/c++ - skipped
[0.410s] -- Detecting CXX compile features
[0.411s] -- Detecting CXX compile features - done
[0.416s] -- Found ament_cmake: 2.5.4 (/opt/ros/jazzy/share/ament_cmake/cmake)
[0.562s] -- Found Python3: /usr/bin/python3 (found version "3.12.3") found components: Interpreter 
[0.631s] -- Override CMake install command with custom implementation using symlinks instead of copying resources
[0.694s] -- Found rclcpp: 28.1.13 (/opt/ros/jazzy/share/rclcpp/cmake)
[0.755s] -- Found rosidl_generator_c: 4.6.6 (/opt/ros/jazzy/share/rosidl_generator_c/cmake)
[0.779s] -- Found rosidl_generator_cpp: 4.6.6 (/opt/ros/jazzy/share/rosidl_generator_cpp/cmake)
[0.806s] -- Using all available rosidl_typesupport_c: rosidl_typesupport_fastrtps_c;rosidl_typesupport_introspection_c
[0.835s] -- Using all available rosidl_typesupport_cpp: rosidl_typesupport_fastrtps_cpp;rosidl_typesupport_introspection_cpp
[0.940s] -- Found rmw_implementation_cmake: 7.3.2 (/opt/ros/jazzy/share/rmw_implementation_cmake/cmake)
[0.946s] -- Found rmw_cyclonedds_cpp: 2.2.3 (/opt/ros/jazzy/share/rmw_cyclonedds_cpp/cmake)
[0.977s] -- Using RMW implementation 'rmw_cyclonedds_cpp' as default
[1.043s] -- Found std_msgs: 5.3.6 (/opt/ros/jazzy/share/std_msgs/cmake)
[1.114s] -- Found Boost: /usr/lib/x86_64-linux-gnu/cmake/Boost-1.83.0/BoostConfig.cmake (found suitable version "1.83.0", minimum required is "1.65.0") found components: system filesystem iostreams serialization 
[1.115s] [33mCMake Warning (dev) at /usr/lib/x86_64-linux-gnu/cmake/pcl/Modules/FindFLANN.cmake:45 (find_package):
[1.115s]   Policy CMP0144 is not set: find_package uses upper-case <PACKAGENAME>_ROOT
[1.115s]   variables.  Run "cmake --help-policy CMP0144" for policy details.  Use the
[1.115s]   cmake_policy command to set the policy and suppress this warning.
[1.115s] 
[1.115s]   CMake variable FLANN_ROOT is set to:
[1.115s] 
[1.115s]     /usr
[1.115s] 
[1.115s]   For compatibility, find_package is ignoring the variable, but code in a
[1.115s]   .cmake module might still use it.
[1.115s] Call Stack (most recent call first):
[1.115s]   /usr/lib/x86_64-linux-gnu/cmake/pcl/PCLConfig.cmake:261 (find_package)
[1.115s]   /usr/lib/x86_64-linux-gnu/cmake/pcl/PCLConfig.cmake:306 (find_flann)
[1.116s]   /usr/lib/x86_64-linux-gnu/cmake/pcl/PCLConfig.cmake:570 (find_external_library)
[1.116s]   CMakeLists.txt:23 (find_package)
[1.116s] This warning is for project developers.  Use -Wno-dev to suppress it.
[1.116s] [0m
[1.116s] -- Found flann version 1.9.2
[1.409s] -- Found OpenMP_CXX: -fopenmp (found version "4.5") 
[1.409s] -- Found OpenMP: TRUE (found version "4.5") found components: CXX 
[1.445s] -- Performing Test CMAKE_HAVE_LIBC_PTHREAD
[1.527s] -- Performing Test CMAKE_HAVE_LIBC_PTHREAD - Success
[1.527s] -- Found Threads: TRUE  
[1.529s] -- Found GLEW: /usr/lib/x86_64-linux-gnu/libGLEW.so  
[1.547s] -- Found OpenGL: /usr/lib/x86_64-linux-gnu/libOpenGL.so  found components: OpenGL GLX 
[1.704s] -- Found MPI_C: /usr/lib/x86_64-linux-gnu/libmpi.so (found version "3.1") 
[1.704s] -- Found MPI: TRUE (found version "3.1") found components: C 
[1.707s] -- Found JsonCpp: /usr/lib/x86_64-linux-gnu/libjsoncpp.so (found suitable version "1.9.5", minimum required is "0.7.0") 
[1.721s] -- Found ZLIB: /usr/lib/x86_64-linux-gnu/libz.so (found version "1.3")  
[1.744s] -- Found PNG: /usr/lib/x86_64-linux-gnu/libpng.so (found version "1.6.43") 
[1.770s] -- Found Eigen3: /usr/include/eigen3 (found version "3.4.0") 
[1.916s] -- Found X11: /usr/include   
[1.916s] -- Looking for XOpenDisplay in /usr/lib/x86_64-linux-gnu/libX11.so;/usr/lib/x86_64-linux-gnu/libXext.so
[1.995s] -- Looking for XOpenDisplay in /usr/lib/x86_64-linux-gnu/libX11.so;/usr/lib/x86_64-linux-gnu/libXext.so - found
[1.995s] -- Looking for gethostbyname
[2.069s] -- Looking for gethostbyname - found
[2.070s] -- Looking for connect
[2.149s] -- Looking for connect - found
[2.149s] -- Looking for remove
[2.233s] -- Looking for remove - found
[2.233s] -- Looking for shmat
[2.326s] -- Looking for shmat - found
[2.326s] -- Looking for IceConnectionNumber in ICE
[2.413s] -- Looking for IceConnectionNumber in ICE - found
[2.590s] -- Found EXPAT: /usr/lib/x86_64-linux-gnu/libexpat.so (found version "2.6.1") 
[2.593s] -- Found double-conversion: /usr/lib/x86_64-linux-gnu/libdouble-conversion.so  
[2.597s] -- Found LZ4: /usr/lib/x86_64-linux-gnu/liblz4.so (found version "1.9.4") 
[2.600s] -- Found LZMA: /usr/lib/x86_64-linux-gnu/liblzma.so (found version "5.4.5") 
[2.625s] -- Found JPEG: /usr/lib/x86_64-linux-gnu/libjpeg.so (found version "80") 
[2.660s] -- Found TIFF: /usr/lib/x86_64-linux-gnu/libtiff.so (found version "4.5.1")  
[2.666s] -- Found Freetype: /usr/lib/x86_64-linux-gnu/libfreetype.so (found version "2.13.2") 
[2.675s] -- Found utf8cpp: /usr/include/utf8cpp  
[2.780s] -- Checking for module 'libusb-1.0'
[2.798s] --   Found libusb-1.0, version 1.0.27
[2.835s] -- Found libusb: /usr/lib/x86_64-linux-gnu/libusb-1.0.so  
[2.836s] -- Found OpenNI: /usr/lib/libOpenNI.so;libusb::libusb (found version "1.5.4.0") 
[2.837s] -- OpenNI found (version: 1.5.4.0, include: /usr/include/ni, lib: /usr/lib/libOpenNI.so;libusb::libusb)
[2.895s] -- Found OpenNI2: /usr/lib/x86_64-linux-gnu/libOpenNI2.so;libusb::libusb (found version "2.2.0.33") 
[2.895s] -- OpenNI2 found (version: 2.2.0.33, include: /usr/include/openni2, lib: /usr/lib/x86_64-linux-gnu/libOpenNI2.so;libusb::libusb)
[2.899s] -- Found Pcap: /usr/lib/x86_64-linux-gnu/libpcap.so  
[3.393s] -- OpenNI found (version: 1.5.4.0, include: /usr/include/ni, lib: /usr/lib/libOpenNI.so;libusb::libusb)
[3.403s] -- OpenNI2 found (version: 2.2.0.33, include: /usr/include/openni2, lib: /usr/lib/x86_64-linux-gnu/libOpenNI2.so;libusb::libusb)
[3.987s] -- Found Qhull version 8.0.2
[4.898s] -- OpenNI found (version: 1.5.4.0, include: /usr/include/ni, lib: /usr/lib/libOpenNI.so;libusb::libusb)
[6.433s] -- looking for PCL_COMMON
[6.440s] -- Found PCL_COMMON: /usr/lib/x86_64-linux-gnu/libpcl_common.so  
[6.446s] -- looking for PCL_KDTREE
[6.447s] -- Found PCL_KDTREE: /usr/lib/x86_64-linux-gnu/libpcl_kdtree.so  
[6.454s] -- looking for PCL_OCTREE
[6.454s] -- Found PCL_OCTREE: /usr/lib/x86_64-linux-gnu/libpcl_octree.so  
[6.456s] -- looking for PCL_SEARCH
[6.462s] -- Found PCL_SEARCH: /usr/lib/x86_64-linux-gnu/libpcl_search.so  
[6.470s] -- looking for PCL_SAMPLE_CONSENSUS
[6.473s] -- Found PCL_SAMPLE_CONSENSUS: /usr/lib/x86_64-linux-gnu/libpcl_sample_consensus.so  
[6.473s] -- looking for PCL_FILTERS
[6.475s] -- Found PCL_FILTERS: /usr/lib/x86_64-linux-gnu/libpcl_filters.so  
[6.480s] -- looking for PCL_2D
[6.480s] -- Found PCL_2D: /usr/include/pcl-1.14  
[6.480s] -- looking for PCL_GEOMETRY
[6.480s] -- Found PCL_GEOMETRY: /usr/include/pcl-1.14  
[6.482s] -- looking for PCL_IO
[6.487s] -- Found PCL_IO: /usr/lib/x86_64-linux-gnu/libpcl_io.so  
[6.495s] -- looking for PCL_FEATURES
[6.506s] -- Found PCL_FEATURES: /usr/lib/x86_64-linux-gnu/libpcl_features.so  
[6.506s] -- looking for PCL_ML
[6.508s] -- Found PCL_ML: /usr/lib/x86_64-linux-gnu/libpcl_ml.so  
[6.514s] -- looking for PCL_SEGMENTATION
[6.520s] -- Found PCL_SEGMENTATION: /usr/lib/x86_64-linux-gnu/libpcl_segmentation.so  
[6.520s] -- looking for PCL_VISUALIZATION
[6.524s] -- Found PCL_VISUALIZATION: /usr/lib/x86_64-linux-gnu/libpcl_visualization.so  
[6.527s] -- looking for PCL_SURFACE
[6.532s] -- Found PCL_SURFACE: /usr/lib/x86_64-linux-gnu/libpcl_surface.so  
[6.535s] -- looking for PCL_REGISTRATION
[6.549s] -- Found PCL_REGISTRATION: /usr/lib/x86_64-linux-gnu/libpcl_registration.so  
[6.549s] -- looking for PCL_KEYPOINTS
[6.553s] -- Found PCL_KEYPOINTS: /usr/lib/x86_64-linux-gnu/libpcl_keypoints.so  
[6.557s] -- looking for PCL_TRACKING
[6.559s] -- Found PCL_TRACKING: /usr/lib/x86_64-linux-gnu/libpcl_tracking.so  
[6.565s] -- looking for PCL_RECOGNITION
[6.572s] -- Found PCL_RECOGNITION: /usr/lib/x86_64-linux-gnu/libpcl_recognition.so  
[6.572s] -- looking for PCL_STEREO
[6.578s] -- Found PCL_STEREO: /usr/lib/x86_64-linux-gnu/libpcl_stereo.so  
[6.579s] -- looking for PCL_APPS
[6.586s] -- Found PCL_APPS: /usr/lib/x86_64-linux-gnu/libpcl_apps.so  
[6.590s] -- looking for PCL_IN_HAND_SCANNER
[6.592s] -- Found PCL_IN_HAND_SCANNER: /usr/include/pcl-1.14  
[6.592s] -- looking for PCL_MODELER
[6.593s] -- Found PCL_MODELER: /usr/include/pcl-1.14  
[6.593s] -- looking for PCL_POINT_CLOUD_EDITOR
[6.594s] -- Found PCL_POINT_CLOUD_EDITOR: /usr/include/pcl-1.14  
[6.600s] -- looking for PCL_OUTOFCORE
[6.600s] -- Found PCL_OUTOFCORE: /usr/lib/x86_64-linux-gnu/libpcl_outofcore.so  
[6.601s] -- looking for PCL_PEOPLE
[6.607s] -- Found PCL_PEOPLE: /usr/lib/x86_64-linux-gnu/libpcl_people.so  
[6.608s] -- Found PCL: pcl_common;pcl_kdtree;pcl_octree;pcl_search;pcl_sample_consensus;pcl_filters;pcl_io;pcl_features;pcl_ml;pcl_segmentation;pcl_visualization;pcl_surface;pcl_registration;pcl_keypoints;pcl_tracking;pcl_recognition;pcl_stereo;pcl_apps;pcl_outofcore;pcl_people;Boost::system;Boost::filesystem;Boost::iostreams;Boost::serialization;/usr/lib/libOpenNI.so;libusb::libusb;/usr/lib/x86_64-linux-gnu/libOpenNI2.so;libusb::libusb;VTK::ChartsCore;VTK::CommonColor;VTK::CommonComputationalGeometry;VTK::CommonCore;VTK::CommonDataModel;VTK::CommonExecutionModel;VTK::CommonMath;VTK::CommonMisc;VTK::CommonTransforms;VTK::FiltersCore;VTK::FiltersExtraction;VTK::FiltersGeneral;VTK::FiltersGeometry;VTK::FiltersModeling;VTK::FiltersSources;VTK::ImagingCore;VTK::ImagingSources;VTK::InteractionImage;VTK::InteractionStyle;VTK::InteractionWidgets;VTK::IOCore;VTK::IOGeometry;VTK::IOImage;VTK::IOLegacy;VTK::IOPLY;VTK::RenderingAnnotation;VTK::RenderingCore;VTK::RenderingContext2D;VTK::RenderingLOD;VTK::RenderingFreeType;VTK::ViewsCore;VTK::ViewsContext2D;VTK::RenderingOpenGL2;VTK::RenderingContextOpenGL2;VTK::GUISupportQt;FLANN::FLANN;QHULL::QHULL (Required is at least version "1.12") 
[6.608s] -- PCL_INCLUDE_DIRS:/usr/include/pcl-1.14/usr/include/eigen3/usr/include/usr/include/ni/usr/include/openni2
[6.608s] -- PCL_LIBRARY_DIRS:/usr/lib/x86_64-linux-gnu
[6.608s] -- PCL_DEFINITIONS:-DEIGEN_HAS_CXX17_OVERALIGN=0
[6.823s] -- Found OpenMP_C: -fopenmp (found version "4.5") 
[6.824s] -- Found OpenMP: TRUE (found version "4.5")  
[7.041s] -- Configuring done (7.0s)
[7.089s] -- Generating done (0.0s)
[7.096s] -- Build files have been written to: /home/supawit/terminal_Allergy_project/ros2_ws/build/ndt_omp_ros2
[7.130s] Invoked command in '/home/supawit/terminal_Allergy_project/ros2_ws/build/ndt_omp_ros2' returned '0': CMAKE_PREFIX_PATH=${CMAKE_PREFIX_PATH}:/opt/ros/jazzy DEBUGINFOD_URLS=https://debuginfod.ubuntu.com /usr/bin/cmake /home/supawit/terminal_Allergy_project/ros2_ws/src/lidarslam_ros2/Thirdparty/ndt_omp_ros2 -DAMENT_CMAKE_SYMLINK_INSTALL=1 -DCMAKE_INSTALL_PREFIX=/home/supawit/terminal_Allergy_project/ros2_ws/install/ndt_omp_ros2
[7.131s] Invoking command in '/home/supawit/terminal_Allergy_project/ros2_ws/build/ndt_omp_ros2': CMAKE_PREFIX_PATH=${CMAKE_PREFIX_PATH}:/opt/ros/jazzy DEBUGINFOD_URLS=https://debuginfod.ubuntu.com /usr/bin/cmake --build /home/supawit/terminal_Allergy_project/ros2_ws/build/ndt_omp_ros2 -- -j10 -l10
[7.182s] [ 16%] [32mBuilding CXX object CMakeFiles/ndt_omp.dir/src/pclomp/ndt_omp.cpp.o[0m
[7.182s] [ 33%] [32mBuilding CXX object CMakeFiles/ndt_omp.dir/src/pclomp/voxel_grid_covariance_omp.cpp.o[0m
[7.182s] [ 50%] [32mBuilding CXX object CMakeFiles/ndt_omp.dir/src/pclomp/gicp_omp.cpp.o[0m
[11.048s] In file included from [01m[K/usr/include/boost/preprocessor/control/if.hpp:18[m[K,
[11.049s]                  from [01m[K/usr/include/boost/preprocessor/punctuation/comma_if.hpp:18[m[K,
[11.049s]                  from [01m[K/usr/include/boost/preprocessor/comma_if.hpp:15[m[K,
[11.049s]                  from [01m[K/usr/include/boost/mpl/aux_/preprocessor/params.hpp:49[m[K,
[11.049s]                  from [01m[K/usr/include/boost/mpl/aux_/na_spec.hpp:26[m[K,
[11.049s]                  from [01m[K/usr/include/boost/mpl/not.hpp:20[m[K,
[11.049s]                  from [01m[K/usr/include/boost/mpl/assert.hpp:17[m[K,
[11.049s]                  from [01m[K/usr/include/pcl-1.14/pcl/point_struct_traits.h:40[m[K,
[11.049s]                  from [01m[K/usr/include/pcl-1.14/pcl/type_traits.h:40[m[K,
[11.049s]                  from [01m[K/usr/include/pcl-1.14/pcl/memory.h:46[m[K,
[11.049s]                  from [01m[K/usr/include/pcl-1.14/pcl/pcl_base.h:46[m[K,
[11.049s]                  from [01m[K/usr/include/pcl-1.14/pcl/filters/filter.h:42[m[K,
[11.050s]                  from [01m[K/usr/include/pcl-1.14/pcl/filters/voxel_grid.h:42[m[K,
[11.050s]                  from [01m[K/home/supawit/terminal_Allergy_project/ros2_ws/src/lidarslam_ros2/Thirdparty/ndt_omp_ros2/include/pclomp/voxel_grid_covariance_omp.h:42[m[K,
[11.050s]                  from [01m[K/home/supawit/terminal_Allergy_project/ros2_ws/src/lidarslam_ros2/Thirdparty/ndt_omp_ros2/src/pclomp/voxel_grid_covariance_omp.cpp:1[m[K:
[11.050s] [01m[K/usr/include/pcl-1.14/pcl/filters/boost.h:46:1:[m[K [01;36m[Knote: [m[K‘[01m[K#pragma message: This header is deprecated. Please include the needed boost headers directly. (It will be removed in PCL 1.15)[m[K’
[11.050s]    46 | [01;36m[KPCL_DEPRECATED_HEADER[m[K(1, 15, "Please include the needed boost headers directly.")
[11.050s]       | [01;36m[K^~~~~~~~~~~~~~~~~~~~~[m[K
[26.932s] [ 66%] [32m[1mLinking CXX static library libndt_omp.a[0m
[26.999s] [ 66%] Built target ndt_omp
[27.019s] [ 83%] [32mBuilding CXX object CMakeFiles/align.dir/apps/align.cpp.o[0m
[49.109s] [100%] [32m[1mLinking CXX executable align[0m
[50.142s] [100%] Built target align
[50.150s] Invoked command in '/home/supawit/terminal_Allergy_project/ros2_ws/build/ndt_omp_ros2' returned '0': CMAKE_PREFIX_PATH=${CMAKE_PREFIX_PATH}:/opt/ros/jazzy DEBUGINFOD_URLS=https://debuginfod.ubuntu.com /usr/bin/cmake --build /home/supawit/terminal_Allergy_project/ros2_ws/build/ndt_omp_ros2 -- -j10 -l10
[50.151s] Invoking command in '/home/supawit/terminal_Allergy_project/ros2_ws/build/ndt_omp_ros2': CMAKE_PREFIX_PATH=${CMAKE_PREFIX_PATH}:/opt/ros/jazzy DEBUGINFOD_URLS=https://debuginfod.ubuntu.com /usr/bin/cmake --install /home/supawit/terminal_Allergy_project/ros2_ws/build/ndt_omp_ros2
[50.157s] -- Install configuration: "RELEASE"
[50.158s] -- Execute custom install script
[50.158s] -- Symlinking: /home/supawit/terminal_Allergy_project/ros2_ws/install/ndt_omp_ros2/lib/ndt_omp_ros2/align
[50.167s] -- Symlinking: /home/supawit/terminal_Allergy_project/ros2_ws/install/ndt_omp_ros2/bin/align
[50.174s] -- Symlinking: /home/supawit/terminal_Allergy_project/ros2_ws/install/ndt_omp_ros2/include/pclomp/gicp_omp.h
[50.180s] -- Symlinking: /home/supawit/terminal_Allergy_project/ros2_ws/install/ndt_omp_ros2/include/pclomp/gicp_omp_impl.hpp
[50.187s] -- Symlinking: /home/supawit/terminal_Allergy_project/ros2_ws/install/ndt_omp_ros2/include/pclomp/ndt_omp.h
[50.194s] -- Symlinking: /home/supawit/terminal_Allergy_project/ros2_ws/install/ndt_omp_ros2/include/pclomp/ndt_omp_impl.hpp
[50.200s] -- Symlinking: /home/supawit/terminal_Allergy_project/ros2_ws/install/ndt_omp_ros2/include/pclomp/voxel_grid_covariance_omp.h
[50.208s] -- Symlinking: /home/supawit/terminal_Allergy_project/ros2_ws/install/ndt_omp_ros2/include/pclomp/voxel_grid_covariance_omp_impl.hpp
[50.215s] -- Symlinking: /home/supawit/terminal_Allergy_project/ros2_ws/install/ndt_omp_ros2/share/ament_index/resource_index/package_run_dependencies/ndt_omp_ros2
[50.222s] -- Symlinking: /home/supawit/terminal_Allergy_project/ros2_ws/install/ndt_omp_ros2/share/ament_index/resource_index/parent_prefix_path/ndt_omp_ros2
[50.229s] -- Symlinking: /home/supawit/terminal_Allergy_project/ros2_ws/install/ndt_omp_ros2/share/ndt_omp_ros2/environment/ament_prefix_path.sh
[50.235s] -- Symlinking: /home/supawit/terminal_Allergy_project/ros2_ws/install/ndt_omp_ros2/share/ndt_omp_ros2/environment/ament_prefix_path.dsv
[50.241s] -- Symlinking: /home/supawit/terminal_Allergy_project/ros2_ws/install/ndt_omp_ros2/share/ndt_omp_ros2/environment/path.sh
[50.249s] -- Symlinking: /home/supawit/terminal_Allergy_project/ros2_ws/install/ndt_omp_ros2/share/ndt_omp_ros2/environment/path.dsv
[50.256s] -- Symlinking: /home/supawit/terminal_Allergy_project/ros2_ws/install/ndt_omp_ros2/share/ndt_omp_ros2/local_setup.bash
[50.263s] -- Symlinking: /home/supawit/terminal_Allergy_project/ros2_ws/install/ndt_omp_ros2/share/ndt_omp_ros2/local_setup.sh
[50.269s] -- Symlinking: /home/supawit/terminal_Allergy_project/ros2_ws/install/ndt_omp_ros2/share/ndt_omp_ros2/local_setup.zsh
[50.276s] -- Symlinking: /home/supawit/terminal_Allergy_project/ros2_ws/install/ndt_omp_ros2/share/ndt_omp_ros2/local_setup.dsv
[50.282s] -- Symlinking: /home/supawit/terminal_Allergy_project/ros2_ws/install/ndt_omp_ros2/share/ndt_omp_ros2/package.dsv
[50.289s] -- Symlinking: /home/supawit/terminal_Allergy_project/ros2_ws/install/ndt_omp_ros2/share/ament_index/resource_index/packages/ndt_omp_ros2
[50.296s] -- Symlinking: /home/supawit/terminal_Allergy_project/ros2_ws/install/ndt_omp_ros2/share/ndt_omp_ros2/cmake/ament_cmake_export_dependencies-extras.cmake
[50.303s] -- Symlinking: /home/supawit/terminal_Allergy_project/ros2_ws/install/ndt_omp_ros2/share/ndt_omp_ros2/cmake/ament_cmake_export_include_directories-extras.cmake
[50.309s] -- Symlinking: /home/supawit/terminal_Allergy_project/ros2_ws/install/ndt_omp_ros2/share/ndt_omp_ros2/cmake/ndt_omp_ros2Config.cmake
[50.315s] -- Symlinking: /home/supawit/terminal_Allergy_project/ros2_ws/install/ndt_omp_ros2/share/ndt_omp_ros2/cmake/ndt_omp_ros2Config-version.cmake
[50.321s] -- Symlinking: /home/supawit/terminal_Allergy_project/ros2_ws/install/ndt_omp_ros2/share/ndt_omp_ros2/package.xml
[50.332s] Invoked command in '/home/supawit/terminal_Allergy_project/ros2_ws/build/ndt_omp_ros2' returned '0': CMAKE_PREFIX_PATH=${CMAKE_PREFIX_PATH}:/opt/ros/jazzy DEBUGINFOD_URLS=https://debuginfod.ubuntu.com /usr/bin/cmake --install /home/supawit/terminal_Allergy_project/ros2_ws/build/ndt_omp_ros2
